{"C:\\Users\\DELL\\Downloads\\pfe-project\\backend\\src\\app.controller.ts": {"path":"C:\\Users\\DELL\\Downloads\\pfe-project\\backend\\src\\app.controller.ts","statementMap":{"0":{"start":{"line":1,"column":0},"end":{"line":1,"column":74}},"1":{"start":{"line":2,"column":0},"end":{"line":2,"column":61}},"2":{"start":{"line":3,"column":0},"end":{"line":3,"column":69}},"3":{"start":{"line":5,"column":0},"end":{"line":5,"column":62}},"4":{"start":{"line":9,"column":7},"end":{"line":48,"column":null}},"5":{"start":{"line":11,"column":21},"end":{"line":11,"column":38}},"6":{"start":{"line":12,"column":44},"end":{"line":12,"column":58}},"7":{"start":{"line":20,"column":28},"end":{"line":23,"column":6}},"8":{"start":{"line":25,"column":18},"end":{"line":25,"column":33}},"9":{"start":{"line":27,"column":4},"end":{"line":29,"column":5}},"10":{"start":{"line":28,"column":6},"end":{"line":28,"column":49}},"11":{"start":{"line":31,"column":4},"end":{"line":37,"column":6}},"12":{"start":{"line":41,"column":4},"end":{"line":46,"column":5}},"13":{"start":{"line":42,"column":6},"end":{"line":42,"column":63}},"14":{"start":{"line":43,"column":6},"end":{"line":43,"column":18}},"15":{"start":{"line":45,"column":6},"end":{"line":45,"column":19}},"16":{"start":{"line":9,"column":13},"end":{"line":9,"column":26}},"17":{"start":{"line":19,"column":8},"end":{"line":38,"column":null}},"18":{"start":{"line":9,"column":13},"end":{"line":48,"column":null}}},"fnMap":{"0":{"name":"(anonymous_4)","decl":{"start":{"line":10,"column":2},"end":{"line":10,"column":null}},"loc":{"start":{"line":12,"column":63},"end":{"line":13,"column":6}}},"1":{"name":"(anonymous_5)","decl":{"start":{"line":19,"column":8},"end":{"line":19,"column":14}},"loc":{"start":{"line":19,"column":56},"end":{"line":38,"column":3}}},"2":{"name":"(anonymous_6)","decl":{"start":{"line":40,"column":10},"end":{"line":40,"column":15}},"loc":{"start":{"line":40,"column":26},"end":{"line":47,"column":3}}}},"branchMap":{"0":{"loc":{"start":{"line":25,"column":18},"end":{"line":25,"column":33}},"type":"binary-expr","locations":[{"start":{"line":25,"column":18},"end":{"line":25,"column":22}},{"start":{"line":25,"column":26},"end":{"line":25,"column":33}}]},"1":{"loc":{"start":{"line":27,"column":4},"end":{"line":29,"column":5}},"type":"if","locations":[{"start":{"line":27,"column":4},"end":{"line":29,"column":5}},{"start":{},"end":{}}]},"2":{"loc":{"start":{"line":32,"column":14},"end":{"line":32,"column":39}},"type":"cond-expr","locations":[{"start":{"line":32,"column":22},"end":{"line":32,"column":26}},{"start":{"line":32,"column":29},"end":{"line":32,"column":39}}]},"3":{"loc":{"start":{"line":35,"column":20},"end":{"line":35,"column":41}},"type":"cond-expr","locations":[{"start":{"line":35,"column":27},"end":{"line":35,"column":31}},{"start":{"line":35,"column":34},"end":{"line":35,"column":41}}]},"4":{"loc":{"start":{"line":36,"column":23},"end":{"line":36,"column":47}},"type":"cond-expr","locations":[{"start":{"line":36,"column":33},"end":{"line":36,"column":37}},{"start":{"line":36,"column":40},"end":{"line":36,"column":47}}]}},"s":{"0":0,"1":0,"2":0,"3":0,"4":0,"5":0,"6":0,"7":0,"8":0,"9":0,"10":0,"11":0,"12":0,"13":0,"14":0,"15":0,"16":0,"17":0,"18":0},"f":{"0":0,"1":0,"2":0},"b":{"0":[0,0],"1":[0,0],"2":[0,0],"3":[0,0],"4":[0,0]}}
,"C:\\Users\\DELL\\Downloads\\pfe-project\\backend\\src\\alerts\\alerts.controller.ts": {"path":"C:\\Users\\DELL\\Downloads\\pfe-project\\backend\\src\\alerts\\alerts.controller.ts","statementMap":{"0":{"start":{"line":1,"column":0},"end":{"line":1,"column":110}},"1":{"start":{"line":2,"column":0},"end":{"line":2,"column":94}},"2":{"start":{"line":3,"column":0},"end":{"line":3,"column":61}},"3":{"start":{"line":4,"column":0},"end":{"line":4,"column":54}},"4":{"start":{"line":5,"column":0},"end":{"line":5,"column":58}},"5":{"start":{"line":6,"column":0},"end":{"line":6,"column":66}},"6":{"start":{"line":7,"column":0},"end":{"line":7,"column":54}},"7":{"start":{"line":8,"column":0},"end":{"line":8,"column":56}},"8":{"start":{"line":9,"column":0},"end":{"line":9,"column":49}},"9":{"start":{"line":15,"column":7},"end":{"line":76,"column":null}},"10":{"start":{"line":16,"column":31},"end":{"line":16,"column":46}},"11":{"start":{"line":32,"column":4},"end":{"line":32,"column":99}},"12":{"start":{"line":39,"column":4},"end":{"line":39,"column":45}},"13":{"start":{"line":48,"column":4},"end":{"line":48,"column":42}},"14":{"start":{"line":56,"column":4},"end":{"line":56,"column":42}},"15":{"start":{"line":65,"column":4},"end":{"line":65,"column":56}},"16":{"start":{"line":74,"column":4},"end":{"line":74,"column":52}},"17":{"start":{"line":15,"column":13},"end":{"line":15,"column":29}},"18":{"start":{"line":23,"column":2},"end":{"line":33,"column":null}},"19":{"start":{"line":38,"column":2},"end":{"line":40,"column":null}},"20":{"start":{"line":47,"column":2},"end":{"line":49,"column":null}},"21":{"start":{"line":55,"column":2},"end":{"line":57,"column":null}},"22":{"start":{"line":64,"column":2},"end":{"line":66,"column":null}},"23":{"start":{"line":73,"column":2},"end":{"line":75,"column":null}},"24":{"start":{"line":15,"column":13},"end":{"line":76,"column":null}}},"fnMap":{"0":{"name":"(anonymous_4)","decl":{"start":{"line":16,"column":2},"end":{"line":16,"column":31}},"loc":{"start":{"line":16,"column":59},"end":{"line":16,"column":63}}},"1":{"name":"(anonymous_5)","decl":{"start":{"line":23,"column":2},"end":{"line":23,"column":11}},"loc":{"start":{"line":30,"column":28},"end":{"line":33,"column":3}}},"2":{"name":"(anonymous_6)","decl":{"start":{"line":38,"column":2},"end":{"line":38,"column":9}},"loc":{"start":{"line":38,"column":39},"end":{"line":40,"column":3}}},"3":{"name":"(anonymous_7)","decl":{"start":{"line":47,"column":2},"end":{"line":47,"column":9}},"loc":{"start":{"line":47,"column":33},"end":{"line":49,"column":3}}},"4":{"name":"(anonymous_8)","decl":{"start":{"line":55,"column":2},"end":{"line":55,"column":8}},"loc":{"start":{"line":55,"column":36},"end":{"line":57,"column":3}}},"5":{"name":"(anonymous_9)","decl":{"start":{"line":64,"column":2},"end":{"line":64,"column":13}},"loc":{"start":{"line":64,"column":69},"end":{"line":66,"column":3}}},"6":{"name":"(anonymous_10)","decl":{"start":{"line":73,"column":2},"end":{"line":73,"column":9}},"loc":{"start":{"line":73,"column":65},"end":{"line":75,"column":3}}}},"branchMap":{},"s":{"0":0,"1":0,"2":0,"3":0,"4":0,"5":0,"6":0,"7":0,"8":0,"9":0,"10":0,"11":0,"12":0,"13":0,"14":0,"15":0,"16":0,"17":0,"18":0,"19":0,"20":0,"21":0,"22":0,"23":0,"24":0},"f":{"0":0,"1":0,"2":0,"3":0,"4":0,"5":0,"6":0},"b":{}}
,"C:\\Users\\DELL\\Downloads\\pfe-project\\backend\\src\\alerts\\alerts.service.ts": {"path":"C:\\Users\\DELL\\Downloads\\pfe-project\\backend\\src\\alerts\\alerts.service.ts","statementMap":{"0":{"start":{"line":1,"column":0},"end":{"line":1,"column":63}},"1":{"start":{"line":2,"column":0},"end":{"line":2,"column":51}},"2":{"start":{"line":3,"column":0},"end":{"line":3,"column":80}},"3":{"start":{"line":4,"column":0},"end":{"line":4,"column":71}},"4":{"start":{"line":5,"column":0},"end":{"line":5,"column":60}},"5":{"start":{"line":6,"column":0},"end":{"line":6,"column":62}},"6":{"start":{"line":8,"column":0},"end":{"line":8,"column":63}},"7":{"start":{"line":9,"column":0},"end":{"line":9,"column":78}},"8":{"start":{"line":14,"column":7},"end":{"line":168,"column":null}},"9":{"start":{"line":17,"column":21},"end":{"line":17,"column":38}},"10":{"start":{"line":19,"column":21},"end":{"line":19,"column":40}},"11":{"start":{"line":21,"column":21},"end":{"line":21,"column":39}},"12":{"start":{"line":22,"column":21},"end":{"line":22,"column":38}},"13":{"start":{"line":23,"column":21},"end":{"line":23,"column":43}},"14":{"start":{"line":27,"column":20},"end":{"line":29,"column":12}},"15":{"start":{"line":30,"column":19},"end":{"line":32,"column":12}},"16":{"start":{"line":34,"column":4},"end":{"line":34,"column":107}},"17":{"start":{"line":34,"column":35},"end":{"line":34,"column":107}},"18":{"start":{"line":35,"column":4},"end":{"line":35,"column":103}},"19":{"start":{"line":35,"column":33},"end":{"line":35,"column":103}},"20":{"start":{"line":37,"column":18},"end":{"line":47,"column":null}},"21":{"start":{"line":51,"column":4},"end":{"line":60,"column":7}},"22":{"start":{"line":63,"column":4},"end":{"line":65,"column":27}},"23":{"start":{"line":65,"column":19},"end":{"line":65,"column":25}},"24":{"start":{"line":67,"column":4},"end":{"line":67,"column":17}},"25":{"start":{"line":71,"column":17},"end":{"line":71,"column":32}},"26":{"start":{"line":72,"column":18},"end":{"line":72,"column":35}},"27":{"start":{"line":73,"column":39},"end":{"line":73,"column":41}},"28":{"start":{"line":75,"column":4},"end":{"line":75,"column":50}},"29":{"start":{"line":75,"column":22},"end":{"line":75,"column":50}},"30":{"start":{"line":76,"column":4},"end":{"line":76,"column":56}},"31":{"start":{"line":76,"column":24},"end":{"line":76,"column":56}},"32":{"start":{"line":77,"column":4},"end":{"line":77,"column":44}},"33":{"start":{"line":77,"column":20},"end":{"line":77,"column":44}},"34":{"start":{"line":78,"column":4},"end":{"line":78,"column":65}},"35":{"start":{"line":78,"column":25},"end":{"line":78,"column":65}},"36":{"start":{"line":79,"column":4},"end":{"line":79,"column":62}},"37":{"start":{"line":79,"column":24},"end":{"line":79,"column":62}},"38":{"start":{"line":81,"column":26},"end":{"line":87,"column":6}},"39":{"start":{"line":89,"column":4},"end":{"line":89,"column":83}},"40":{"start":{"line":93,"column":18},"end":{"line":96,"column":6}},"41":{"start":{"line":97,"column":4},"end":{"line":97,"column":75}},"42":{"start":{"line":97,"column":16},"end":{"line":97,"column":75}},"43":{"start":{"line":98,"column":4},"end":{"line":98,"column":17}},"44":{"start":{"line":102,"column":18},"end":{"line":102,"column":40}},"45":{"start":{"line":103,"column":4},"end":{"line":103,"column":44}},"46":{"start":{"line":104,"column":4},"end":{"line":104,"column":38}},"47":{"start":{"line":105,"column":4},"end":{"line":105,"column":32}},"48":{"start":{"line":106,"column":4},"end":{"line":106,"column":44}},"49":{"start":{"line":110,"column":18},"end":{"line":110,"column":40}},"50":{"start":{"line":111,"column":4},"end":{"line":111,"column":40}},"51":{"start":{"line":112,"column":4},"end":{"line":112,"column":34}},"52":{"start":{"line":113,"column":4},"end":{"line":113,"column":28}},"53":{"start":{"line":114,"column":4},"end":{"line":114,"column":44}},"54":{"start":{"line":126,"column":39},"end":{"line":126,"column":41}},"55":{"start":{"line":127,"column":4},"end":{"line":127,"column":52}},"56":{"start":{"line":127,"column":23},"end":{"line":127,"column":52}},"57":{"start":{"line":128,"column":4},"end":{"line":128,"column":58}},"58":{"start":{"line":128,"column":25},"end":{"line":128,"column":58}},"59":{"start":{"line":129,"column":4},"end":{"line":129,"column":46}},"60":{"start":{"line":129,"column":21},"end":{"line":129,"column":46}},"61":{"start":{"line":130,"column":4},"end":{"line":130,"column":67}},"62":{"start":{"line":130,"column":26},"end":{"line":130,"column":67}},"63":{"start":{"line":131,"column":4},"end":{"line":131,"column":64}},"64":{"start":{"line":131,"column":25},"end":{"line":131,"column":64}},"65":{"start":{"line":132,"column":4},"end":{"line":138,"column":5}},"66":{"start":{"line":133,"column":6},"end":{"line":133,"column":76}},"67":{"start":{"line":134,"column":11},"end":{"line":138,"column":5}},"68":{"start":{"line":135,"column":6},"end":{"line":135,"column":63}},"69":{"start":{"line":136,"column":11},"end":{"line":138,"column":5}},"70":{"start":{"line":137,"column":6},"end":{"line":137,"column":61}},"71":{"start":{"line":140,"column":19},"end":{"line":145,"column":6}},"72":{"start":{"line":147,"column":16},"end":{"line":147,"column":67}},"73":{"start":{"line":147,"column":31},"end":{"line":147,"column":67}},"74":{"start":{"line":149,"column":19},"end":{"line":149,"column":116}},"75":{"start":{"line":150,"column":17},"end":{"line":163,"column":null}},"76":{"start":{"line":151,"column":6},"end":{"line":163,"column":17}},"77":{"start":{"line":166,"column":4},"end":{"line":166,"column":42}},"78":{"start":{"line":14,"column":13},"end":{"line":14,"column":26}},"79":{"start":{"line":14,"column":13},"end":{"line":168,"column":null}}},"fnMap":{"0":{"name":"(anonymous_4)","decl":{"start":{"line":15,"column":2},"end":{"line":15,"column":null}},"loc":{"start":{"line":23,"column":63},"end":{"line":24,"column":6}}},"1":{"name":"(anonymous_5)","decl":{"start":{"line":26,"column":2},"end":{"line":26,"column":7}},"loc":{"start":{"line":26,"column":34},"end":{"line":68,"column":3}}},"2":{"name":"(anonymous_6)","decl":{"start":{"line":65,"column":13},"end":{"line":65,"column":16}},"loc":{"start":{"line":65,"column":19},"end":{"line":65,"column":25}}},"3":{"name":"(anonymous_7)","decl":{"start":{"line":70,"column":2},"end":{"line":70,"column":7}},"loc":{"start":{"line":70,"column":36},"end":{"line":90,"column":3}}},"4":{"name":"(anonymous_8)","decl":{"start":{"line":92,"column":2},"end":{"line":92,"column":7}},"loc":{"start":{"line":92,"column":26},"end":{"line":99,"column":3}}},"5":{"name":"(anonymous_9)","decl":{"start":{"line":101,"column":2},"end":{"line":101,"column":7}},"loc":{"start":{"line":101,"column":42},"end":{"line":107,"column":3}}},"6":{"name":"(anonymous_10)","decl":{"start":{"line":109,"column":2},"end":{"line":109,"column":7}},"loc":{"start":{"line":109,"column":38},"end":{"line":115,"column":3}}},"7":{"name":"(anonymous_11)","decl":{"start":{"line":117,"column":2},"end":{"line":117,"column":7}},"loc":{"start":{"line":125,"column":3},"end":{"line":167,"column":3}}},"8":{"name":"(anonymous_12)","decl":{"start":{"line":147,"column":16},"end":{"line":147,"column":17}},"loc":{"start":{"line":147,"column":31},"end":{"line":147,"column":67}}},"9":{"name":"(anonymous_13)","decl":{"start":{"line":150,"column":28},"end":{"line":150,"column":29}},"loc":{"start":{"line":151,"column":6},"end":{"line":163,"column":17}}}},"branchMap":{"0":{"loc":{"start":{"line":27,"column":20},"end":{"line":29,"column":12}},"type":"cond-expr","locations":[{"start":{"line":28,"column":8},"end":{"line":28,"column":78}},{"start":{"line":29,"column":8},"end":{"line":29,"column":12}}]},"1":{"loc":{"start":{"line":30,"column":19},"end":{"line":32,"column":12}},"type":"cond-expr","locations":[{"start":{"line":31,"column":8},"end":{"line":31,"column":76}},{"start":{"line":32,"column":8},"end":{"line":32,"column":12}}]},"2":{"loc":{"start":{"line":34,"column":4},"end":{"line":34,"column":107}},"type":"if","locations":[{"start":{"line":34,"column":4},"end":{"line":34,"column":107}},{"start":{},"end":{}}]},"3":{"loc":{"start":{"line":34,"column":8},"end":{"line":34,"column":33}},"type":"binary-expr","locations":[{"start":{"line":34,"column":8},"end":{"line":34,"column":21}},{"start":{"line":34,"column":25},"end":{"line":34,"column":33}}]},"4":{"loc":{"start":{"line":35,"column":4},"end":{"line":35,"column":103}},"type":"if","locations":[{"start":{"line":35,"column":4},"end":{"line":35,"column":103}},{"start":{},"end":{}}]},"5":{"loc":{"start":{"line":35,"column":8},"end":{"line":35,"column":31}},"type":"binary-expr","locations":[{"start":{"line":35,"column":8},"end":{"line":35,"column":20}},{"start":{"line":35,"column":24},"end":{"line":35,"column":31}}]},"6":{"loc":{"start":{"line":44,"column":22},"end":{"line":44,"column":52}},"type":"binary-expr","locations":[{"start":{"line":44,"column":22},"end":{"line":44,"column":38}},{"start":{"line":44,"column":42},"end":{"line":44,"column":52}}]},"7":{"loc":{"start":{"line":45,"column":17},"end":{"line":45,"column":37}},"type":"binary-expr","locations":[{"start":{"line":45,"column":17},"end":{"line":45,"column":24}},{"start":{"line":45,"column":28},"end":{"line":45,"column":37}}]},"8":{"loc":{"start":{"line":46,"column":16},"end":{"line":46,"column":35}},"type":"binary-expr","locations":[{"start":{"line":46,"column":16},"end":{"line":46,"column":22}},{"start":{"line":46,"column":26},"end":{"line":46,"column":35}}]},"9":{"loc":{"start":{"line":71,"column":17},"end":{"line":71,"column":32}},"type":"binary-expr","locations":[{"start":{"line":71,"column":17},"end":{"line":71,"column":27}},{"start":{"line":71,"column":31},"end":{"line":71,"column":32}}]},"10":{"loc":{"start":{"line":72,"column":18},"end":{"line":72,"column":35}},"type":"binary-expr","locations":[{"start":{"line":72,"column":18},"end":{"line":72,"column":29}},{"start":{"line":72,"column":33},"end":{"line":72,"column":35}}]},"11":{"loc":{"start":{"line":75,"column":4},"end":{"line":75,"column":50}},"type":"if","locations":[{"start":{"line":75,"column":4},"end":{"line":75,"column":50}},{"start":{},"end":{}}]},"12":{"loc":{"start":{"line":76,"column":4},"end":{"line":76,"column":56}},"type":"if","locations":[{"start":{"line":76,"column":4},"end":{"line":76,"column":56}},{"start":{},"end":{}}]},"13":{"loc":{"start":{"line":77,"column":4},"end":{"line":77,"column":44}},"type":"if","locations":[{"start":{"line":77,"column":4},"end":{"line":77,"column":44}},{"start":{},"end":{}}]},"14":{"loc":{"start":{"line":78,"column":4},"end":{"line":78,"column":65}},"type":"if","locations":[{"start":{"line":78,"column":4},"end":{"line":78,"column":65}},{"start":{},"end":{}}]},"15":{"loc":{"start":{"line":79,"column":4},"end":{"line":79,"column":62}},"type":"if","locations":[{"start":{"line":79,"column":4},"end":{"line":79,"column":62}},{"start":{},"end":{}}]},"16":{"loc":{"start":{"line":97,"column":4},"end":{"line":97,"column":75}},"type":"if","locations":[{"start":{"line":97,"column":4},"end":{"line":97,"column":75}},{"start":{},"end":{}}]},"17":{"loc":{"start":{"line":127,"column":4},"end":{"line":127,"column":52}},"type":"if","locations":[{"start":{"line":127,"column":4},"end":{"line":127,"column":52}},{"start":{},"end":{}}]},"18":{"loc":{"start":{"line":128,"column":4},"end":{"line":128,"column":58}},"type":"if","locations":[{"start":{"line":128,"column":4},"end":{"line":128,"column":58}},{"start":{},"end":{}}]},"19":{"loc":{"start":{"line":129,"column":4},"end":{"line":129,"column":46}},"type":"if","locations":[{"start":{"line":129,"column":4},"end":{"line":129,"column":46}},{"start":{},"end":{}}]},"20":{"loc":{"start":{"line":130,"column":4},"end":{"line":130,"column":67}},"type":"if","locations":[{"start":{"line":130,"column":4},"end":{"line":130,"column":67}},{"start":{},"end":{}}]},"21":{"loc":{"start":{"line":131,"column":4},"end":{"line":131,"column":64}},"type":"if","locations":[{"start":{"line":131,"column":4},"end":{"line":131,"column":64}},{"start":{},"end":{}}]},"22":{"loc":{"start":{"line":132,"column":4},"end":{"line":138,"column":5}},"type":"if","locations":[{"start":{"line":132,"column":4},"end":{"line":138,"column":5}},{"start":{"line":134,"column":11},"end":{"line":138,"column":5}}]},"23":{"loc":{"start":{"line":132,"column":8},"end":{"line":132,"column":32}},"type":"binary-expr","locations":[{"start":{"line":132,"column":8},"end":{"line":132,"column":19}},{"start":{"line":132,"column":23},"end":{"line":132,"column":32}}]},"24":{"loc":{"start":{"line":134,"column":11},"end":{"line":138,"column":5}},"type":"if","locations":[{"start":{"line":134,"column":11},"end":{"line":138,"column":5}},{"start":{"line":136,"column":11},"end":{"line":138,"column":5}}]},"25":{"loc":{"start":{"line":136,"column":11},"end":{"line":138,"column":5}},"type":"if","locations":[{"start":{"line":136,"column":11},"end":{"line":138,"column":5}},{"start":{},"end":{}}]},"26":{"loc":{"start":{"line":147,"column":36},"end":{"line":147,"column":43}},"type":"binary-expr","locations":[{"start":{"line":147,"column":36},"end":{"line":147,"column":37}},{"start":{"line":147,"column":41},"end":{"line":147,"column":43}}]},"27":{"loc":{"start":{"line":157,"column":12},"end":{"line":157,"column":33}},"type":"binary-expr","locations":[{"start":{"line":157,"column":12},"end":{"line":157,"column":27}},{"start":{"line":157,"column":31},"end":{"line":157,"column":33}}]},"28":{"loc":{"start":{"line":158,"column":12},"end":{"line":158,"column":32}},"type":"binary-expr","locations":[{"start":{"line":158,"column":12},"end":{"line":158,"column":26}},{"start":{"line":158,"column":30},"end":{"line":158,"column":32}}]},"29":{"loc":{"start":{"line":159,"column":8},"end":{"line":159,"column":40}},"type":"binary-expr","locations":[{"start":{"line":159,"column":8},"end":{"line":159,"column":34}},{"start":{"line":159,"column":38},"end":{"line":159,"column":40}}]},"30":{"loc":{"start":{"line":160,"column":8},"end":{"line":160,"column":45}},"type":"binary-expr","locations":[{"start":{"line":160,"column":8},"end":{"line":160,"column":39}},{"start":{"line":160,"column":43},"end":{"line":160,"column":45}}]},"31":{"loc":{"start":{"line":161,"column":8},"end":{"line":161,"column":41}},"type":"binary-expr","locations":[{"start":{"line":161,"column":8},"end":{"line":161,"column":35}},{"start":{"line":161,"column":39},"end":{"line":161,"column":41}}]},"32":{"loc":{"start":{"line":162,"column":12},"end":{"line":162,"column":32}},"type":"binary-expr","locations":[{"start":{"line":162,"column":12},"end":{"line":162,"column":26}},{"start":{"line":162,"column":30},"end":{"line":162,"column":32}}]}},"s":{"0":2,"1":2,"2":2,"3":2,"4":2,"5":2,"6":2,"7":2,"8":2,"9":10,"10":10,"11":10,"12":10,"13":10,"14":6,"15":6,"16":6,"17":1,"18":5,"19":0,"20":5,"21":5,"22":5,"23":1,"24":5,"25":2,"26":2,"27":2,"28":2,"29":0,"30":2,"31":0,"32":2,"33":0,"34":2,"35":0,"36":2,"37":0,"38":2,"39":2,"40":2,"41":2,"42":1,"43":1,"44":0,"45":0,"46":0,"47":0,"48":0,"49":0,"50":0,"51":0,"52":0,"53":0,"54":0,"55":0,"56":0,"57":0,"58":0,"59":0,"60":0,"61":0,"62":0,"63":0,"64":0,"65":0,"66":0,"67":0,"68":0,"69":0,"70":0,"71":0,"72":0,"73":0,"74":0,"75":0,"76":0,"77":0,"78":2,"79":2},"f":{"0":10,"1":6,"2":1,"3":2,"4":2,"5":0,"6":0,"7":0,"8":0,"9":0},"b":{"0":[2,4],"1":[0,6],"2":[1,5],"3":[6,2],"4":[0,5],"5":[5,0],"6":[5,5],"7":[5,4],"8":[5,5],"9":[2,1],"10":[2,1],"11":[0,2],"12":[0,2],"13":[0,2],"14":[0,2],"15":[0,2],"16":[1,1],"17":[0,0],"18":[0,0],"19":[0,0],"20":[0,0],"21":[0,0],"22":[0,0],"23":[0,0],"24":[0,0],"25":[0,0],"26":[0,0],"27":[0,0],"28":[0,0],"29":[0,0],"30":[0,0],"31":[0,0],"32":[0,0]}}
,"C:\\Users\\DELL\\Downloads\\pfe-project\\backend\\src\\alerts\\dto\\alert-query.dto.ts": {"path":"C:\\Users\\DELL\\Downloads\\pfe-project\\backend\\src\\alerts\\dto\\alert-query.dto.ts","statementMap":{"0":{"start":{"line":1,"column":0},"end":{"line":1,"column":54}},"1":{"start":{"line":2,"column":0},"end":{"line":2,"column":41}},"2":{"start":{"line":3,"column":0},"end":{"line":3,"column":78}},"3":{"start":{"line":4,"column":0},"end":{"line":4,"column":93}},"4":{"start":{"line":12,"column":2},"end":{"line":12,"column":20}},"5":{"start":{"line":20,"column":2},"end":{"line":20,"column":22}},"6":{"start":{"line":6,"column":0},"end":{"line":6,"column":13}},"7":{"start":{"line":12,"column":2},"end":{"line":12,"column":null}},"8":{"start":{"line":9,"column":14},"end":{"line":9,"column":20}},"9":{"start":{"line":20,"column":2},"end":{"line":20,"column":null}},"10":{"start":{"line":16,"column":14},"end":{"line":16,"column":20}},"11":{"start":{"line":25,"column":2},"end":{"line":25,"column":null}},"12":{"start":{"line":30,"column":2},"end":{"line":30,"column":null}},"13":{"start":{"line":35,"column":2},"end":{"line":35,"column":null}},"14":{"start":{"line":40,"column":2},"end":{"line":40,"column":null}},"15":{"start":{"line":45,"column":2},"end":{"line":45,"column":null}}},"fnMap":{"0":{"name":"(anonymous_2)","decl":{"start":{"line":6,"column":0},"end":{"line":6,"column":13}},"loc":{"start":{"line":6,"column":0},"end":{"line":46,"column":1}}},"1":{"name":"(anonymous_3)","decl":{"start":{"line":9,"column":8},"end":{"line":9,"column":11}},"loc":{"start":{"line":9,"column":14},"end":{"line":9,"column":20}}},"2":{"name":"(anonymous_4)","decl":{"start":{"line":16,"column":8},"end":{"line":16,"column":11}},"loc":{"start":{"line":16,"column":14},"end":{"line":16,"column":20}}}},"branchMap":{},"s":{"0":0,"1":0,"2":0,"3":0,"4":0,"5":0,"6":0,"7":0,"8":0,"9":0,"10":0,"11":0,"12":0,"13":0,"14":0,"15":0},"f":{"0":0,"1":0,"2":0},"b":{}}
,"C:\\Users\\DELL\\Downloads\\pfe-project\\backend\\src\\alerts\\dto\\create-alert.dto.ts": {"path":"C:\\Users\\DELL\\Downloads\\pfe-project\\backend\\src\\alerts\\dto\\create-alert.dto.ts","statementMap":{"0":{"start":{"line":1,"column":0},"end":{"line":1,"column":67}},"1":{"start":{"line":2,"column":0},"end":{"line":2,"column":81}},"2":{"start":{"line":3,"column":0},"end":{"line":3,"column":80}},"3":{"start":{"line":5,"column":0},"end":{"line":5,"column":13}},"4":{"start":{"line":8,"column":2},"end":{"line":8,"column":null}},"5":{"start":{"line":12,"column":2},"end":{"line":12,"column":null}},"6":{"start":{"line":16,"column":2},"end":{"line":16,"column":null}},"7":{"start":{"line":21,"column":2},"end":{"line":21,"column":null}},"8":{"start":{"line":26,"column":2},"end":{"line":26,"column":null}},"9":{"start":{"line":31,"column":2},"end":{"line":31,"column":null}},"10":{"start":{"line":36,"column":2},"end":{"line":36,"column":null}},"11":{"start":{"line":41,"column":2},"end":{"line":41,"column":null}}},"fnMap":{},"branchMap":{},"s":{"0":0,"1":0,"2":0,"3":0,"4":0,"5":0,"6":0,"7":0,"8":0,"9":0,"10":0,"11":0},"f":{},"b":{}}
,"C:\\Users\\DELL\\Downloads\\pfe-project\\backend\\src\\analytics\\analytics.controller.ts": {"path":"C:\\Users\\DELL\\Downloads\\pfe-project\\backend\\src\\analytics\\analytics.controller.ts","statementMap":{"0":{"start":{"line":1,"column":0},"end":{"line":1,"column":93}},"1":{"start":{"line":2,"column":0},"end":{"line":2,"column":104}},"2":{"start":{"line":3,"column":0},"end":{"line":3,"column":54}},"3":{"start":{"line":4,"column":0},"end":{"line":4,"column":55}},"4":{"start":{"line":5,"column":0},"end":{"line":5,"column":88}},"5":{"start":{"line":11,"column":7},"end":{"line":53,"column":null}},"6":{"start":{"line":12,"column":31},"end":{"line":12,"column":49}},"7":{"start":{"line":18,"column":4},"end":{"line":18,"column":47}},"8":{"start":{"line":32,"column":19},"end":{"line":32,"column":72}},"9":{"start":{"line":33,"column":4},"end":{"line":33,"column":71}},"10":{"start":{"line":33,"column":17},"end":{"line":33,"column":71}},"11":{"start":{"line":34,"column":4},"end":{"line":34,"column":18}},"12":{"start":{"line":49,"column":19},"end":{"line":49,"column":75}},"13":{"start":{"line":50,"column":4},"end":{"line":50,"column":72}},"14":{"start":{"line":50,"column":17},"end":{"line":50,"column":72}},"15":{"start":{"line":51,"column":4},"end":{"line":51,"column":18}},"16":{"start":{"line":11,"column":13},"end":{"line":11,"column":32}},"17":{"start":{"line":17,"column":2},"end":{"line":19,"column":null}},"18":{"start":{"line":28,"column":8},"end":{"line":35,"column":null}},"19":{"start":{"line":45,"column":8},"end":{"line":52,"column":null}},"20":{"start":{"line":11,"column":13},"end":{"line":53,"column":null}}},"fnMap":{"0":{"name":"(anonymous_4)","decl":{"start":{"line":12,"column":2},"end":{"line":12,"column":31}},"loc":{"start":{"line":12,"column":65},"end":{"line":12,"column":69}}},"1":{"name":"(anonymous_5)","decl":{"start":{"line":17,"column":2},"end":{"line":17,"column":13}},"loc":{"start":{"line":17,"column":13},"end":{"line":19,"column":3}}},"2":{"name":"(anonymous_6)","decl":{"start":{"line":28,"column":8},"end":{"line":28,"column":22}},"loc":{"start":{"line":30,"column":39},"end":{"line":35,"column":3}}},"3":{"name":"(anonymous_7)","decl":{"start":{"line":45,"column":8},"end":{"line":45,"column":25}},"loc":{"start":{"line":47,"column":42},"end":{"line":52,"column":3}}}},"branchMap":{"0":{"loc":{"start":{"line":33,"column":4},"end":{"line":33,"column":71}},"type":"if","locations":[{"start":{"line":33,"column":4},"end":{"line":33,"column":71}},{"start":{},"end":{}}]},"1":{"loc":{"start":{"line":50,"column":4},"end":{"line":50,"column":72}},"type":"if","locations":[{"start":{"line":50,"column":4},"end":{"line":50,"column":72}},{"start":{},"end":{}}]}},"s":{"0":0,"1":0,"2":0,"3":0,"4":0,"5":0,"6":0,"7":0,"8":0,"9":0,"10":0,"11":0,"12":0,"13":0,"14":0,"15":0,"16":0,"17":0,"18":0,"19":0,"20":0},"f":{"0":0,"1":0,"2":0,"3":0},"b":{"0":[0,0],"1":[0,0]}}
,"C:\\Users\\DELL\\Downloads\\pfe-project\\backend\\src\\analytics\\analytics.service.ts": {"path":"C:\\Users\\DELL\\Downloads\\pfe-project\\backend\\src\\analytics\\analytics.service.ts","statementMap":{"0":{"start":{"line":1,"column":0},"end":{"line":1,"column":44}},"1":{"start":{"line":2,"column":0},"end":{"line":2,"column":51}},"2":{"start":{"line":3,"column":0},"end":{"line":3,"column":37}},"3":{"start":{"line":4,"column":0},"end":{"line":4,"column":71}},"4":{"start":{"line":5,"column":0},"end":{"line":5,"column":89}},"5":{"start":{"line":6,"column":0},"end":{"line":6,"column":74}},"6":{"start":{"line":7,"column":0},"end":{"line":7,"column":68}},"7":{"start":{"line":8,"column":0},"end":{"line":8,"column":62}},"8":{"start":{"line":9,"column":0},"end":{"line":9,"column":null}},"9":{"start":{"line":16,"column":7},"end":{"line":235,"column":null}},"10":{"start":{"line":19,"column":21},"end":{"line":19,"column":34}},"11":{"start":{"line":21,"column":21},"end":{"line":21,"column":33}},"12":{"start":{"line":23,"column":21},"end":{"line":23,"column":32}},"13":{"start":{"line":25,"column":21},"end":{"line":25,"column":38}},"14":{"start":{"line":27,"column":21},"end":{"line":27,"column":37}},"15":{"start":{"line":38,"column":8},"end":{"line":48,"column":6}},"16":{"start":{"line":52,"column":6},"end":{"line":57,"column":21}},"17":{"start":{"line":61,"column":6},"end":{"line":67,"column":21}},"18":{"start":{"line":69,"column":4},"end":{"line":82,"column":6}},"19":{"start":{"line":74,"column":53},"end":{"line":77,"column":8}},"20":{"start":{"line":78,"column":53},"end":{"line":81,"column":8}},"21":{"start":{"line":88,"column":19},"end":{"line":91,"column":6}},"22":{"start":{"line":92,"column":4},"end":{"line":92,"column":29}},"23":{"start":{"line":92,"column":17},"end":{"line":92,"column":29}},"24":{"start":{"line":94,"column":16},"end":{"line":94,"column":26}},"25":{"start":{"line":95,"column":17},"end":{"line":95,"column":98}},"26":{"start":{"line":96,"column":15},"end":{"line":96,"column":50}},"27":{"start":{"line":104,"column":20},"end":{"line":114,"column":18}},"28":{"start":{"line":118,"column":6},"end":{"line":129,"column":21}},"29":{"start":{"line":131,"column":4},"end":{"line":158,"column":6}},"30":{"start":{"line":152,"column":38},"end":{"line":157,"column":8}},"31":{"start":{"line":164,"column":20},"end":{"line":167,"column":6}},"32":{"start":{"line":168,"column":4},"end":{"line":168,"column":30}},"33":{"start":{"line":168,"column":18},"end":{"line":168,"column":30}},"34":{"start":{"line":170,"column":16},"end":{"line":170,"column":26}},"35":{"start":{"line":171,"column":25},"end":{"line":171,"column":84}},"36":{"start":{"line":172,"column":17},"end":{"line":174,"column":63}},"37":{"start":{"line":175,"column":15},"end":{"line":175,"column":50}},"38":{"start":{"line":176,"column":18},"end":{"line":176,"column":79}},"39":{"start":{"line":187,"column":10},"end":{"line":203,"column":19}},"40":{"start":{"line":206,"column":21},"end":{"line":206,"column":null}},"41":{"start":{"line":211,"column":4},"end":{"line":227,"column":5}},"42":{"start":{"line":212,"column":6},"end":{"line":219,"column":7}},"43":{"start":{"line":213,"column":8},"end":{"line":218,"column":11}},"44":{"start":{"line":220,"column":6},"end":{"line":226,"column":9}},"45":{"start":{"line":229,"column":4},"end":{"line":233,"column":6}},"46":{"start":{"line":16,"column":13},"end":{"line":16,"column":29}},"47":{"start":{"line":16,"column":13},"end":{"line":235,"column":null}}},"fnMap":{"0":{"name":"(anonymous_4)","decl":{"start":{"line":17,"column":2},"end":{"line":17,"column":null}},"loc":{"start":{"line":27,"column":59},"end":{"line":28,"column":6}}},"1":{"name":"(anonymous_5)","decl":{"start":{"line":32,"column":2},"end":{"line":32,"column":7}},"loc":{"start":{"line":32,"column":19},"end":{"line":83,"column":3}}},"2":{"name":"(anonymous_6)","decl":{"start":{"line":74,"column":45},"end":{"line":74,"column":46}},"loc":{"start":{"line":74,"column":53},"end":{"line":77,"column":8}}},"3":{"name":"(anonymous_7)","decl":{"start":{"line":78,"column":45},"end":{"line":78,"column":46}},"loc":{"start":{"line":78,"column":53},"end":{"line":81,"column":8}}},"4":{"name":"(anonymous_8)","decl":{"start":{"line":87,"column":2},"end":{"line":87,"column":7}},"loc":{"start":{"line":87,"column":67},"end":{"line":159,"column":3}}},"5":{"name":"(anonymous_9)","decl":{"start":{"line":152,"column":30},"end":{"line":152,"column":31}},"loc":{"start":{"line":152,"column":38},"end":{"line":157,"column":8}}},"6":{"name":"(anonymous_10)","decl":{"start":{"line":163,"column":2},"end":{"line":163,"column":7}},"loc":{"start":{"line":163,"column":74},"end":{"line":234,"column":3}}}},"branchMap":{"0":{"loc":{"start":{"line":92,"column":4},"end":{"line":92,"column":29}},"type":"if","locations":[{"start":{"line":92,"column":4},"end":{"line":92,"column":29}},{"start":{},"end":{}}]},"1":{"loc":{"start":{"line":95,"column":17},"end":{"line":95,"column":98}},"type":"cond-expr","locations":[{"start":{"line":95,"column":30},"end":{"line":95,"column":50}},{"start":{"line":95,"column":53},"end":{"line":95,"column":98}}]},"2":{"loc":{"start":{"line":96,"column":15},"end":{"line":96,"column":50}},"type":"cond-expr","locations":[{"start":{"line":96,"column":26},"end":{"line":96,"column":44}},{"start":{"line":96,"column":47},"end":{"line":96,"column":50}}]},"3":{"loc":{"start":{"line":140,"column":17},"end":{"line":142,"column":16}},"type":"cond-expr","locations":[{"start":{"line":141,"column":12},"end":{"line":141,"column":64}},{"start":{"line":142,"column":12},"end":{"line":142,"column":16}}]},"4":{"loc":{"start":{"line":146,"column":13},"end":{"line":146,"column":73}},"type":"cond-expr","locations":[{"start":{"line":146,"column":32},"end":{"line":146,"column":66}},{"start":{"line":146,"column":69},"end":{"line":146,"column":73}}]},"5":{"loc":{"start":{"line":147,"column":13},"end":{"line":147,"column":73}},"type":"cond-expr","locations":[{"start":{"line":147,"column":32},"end":{"line":147,"column":66}},{"start":{"line":147,"column":69},"end":{"line":147,"column":73}}]},"6":{"loc":{"start":{"line":148,"column":13},"end":{"line":148,"column":73}},"type":"cond-expr","locations":[{"start":{"line":148,"column":32},"end":{"line":148,"column":66}},{"start":{"line":148,"column":69},"end":{"line":148,"column":73}}]},"7":{"loc":{"start":{"line":149,"column":15},"end":{"line":149,"column":57}},"type":"cond-expr","locations":[{"start":{"line":149,"column":36},"end":{"line":149,"column":53}},{"start":{"line":149,"column":56},"end":{"line":149,"column":57}}]},"8":{"loc":{"start":{"line":150,"column":16},"end":{"line":150,"column":82}},"type":"cond-expr","locations":[{"start":{"line":150,"column":38},"end":{"line":150,"column":75}},{"start":{"line":150,"column":78},"end":{"line":150,"column":82}}]},"9":{"loc":{"start":{"line":168,"column":4},"end":{"line":168,"column":30}},"type":"if","locations":[{"start":{"line":168,"column":4},"end":{"line":168,"column":30}},{"start":{},"end":{}}]},"10":{"loc":{"start":{"line":171,"column":25},"end":{"line":171,"column":84}},"type":"cond-expr","locations":[{"start":{"line":171,"column":72},"end":{"line":171,"column":79}},{"start":{"line":171,"column":82},"end":{"line":171,"column":84}}]},"11":{"loc":{"start":{"line":172,"column":17},"end":{"line":174,"column":63}},"type":"cond-expr","locations":[{"start":{"line":173,"column":8},"end":{"line":173,"column":28}},{"start":{"line":174,"column":8},"end":{"line":174,"column":63}}]},"12":{"loc":{"start":{"line":175,"column":15},"end":{"line":175,"column":50}},"type":"cond-expr","locations":[{"start":{"line":175,"column":26},"end":{"line":175,"column":44}},{"start":{"line":175,"column":47},"end":{"line":175,"column":50}}]},"13":{"loc":{"start":{"line":176,"column":18},"end":{"line":176,"column":79}},"type":"cond-expr","locations":[{"start":{"line":176,"column":65},"end":{"line":176,"column":70}},{"start":{"line":176,"column":73},"end":{"line":176,"column":79}}]},"14":{"loc":{"start":{"line":212,"column":6},"end":{"line":219,"column":7}},"type":"if","locations":[{"start":{"line":212,"column":6},"end":{"line":219,"column":7}},{"start":{},"end":{}}]}},"s":{"0":0,"1":0,"2":0,"3":0,"4":0,"5":0,"6":0,"7":0,"8":0,"9":0,"10":0,"11":0,"12":0,"13":0,"14":0,"15":0,"16":0,"17":0,"18":0,"19":0,"20":0,"21":0,"22":0,"23":0,"24":0,"25":0,"26":0,"27":0,"28":0,"29":0,"30":0,"31":0,"32":0,"33":0,"34":0,"35":0,"36":0,"37":0,"38":0,"39":0,"40":0,"41":0,"42":0,"43":0,"44":0,"45":0,"46":0,"47":0},"f":{"0":0,"1":0,"2":0,"3":0,"4":0,"5":0,"6":0},"b":{"0":[0,0],"1":[0,0],"2":[0,0],"3":[0,0],"4":[0,0],"5":[0,0],"6":[0,0],"7":[0,0],"8":[0,0],"9":[0,0],"10":[0,0],"11":[0,0],"12":[0,0],"13":[0,0],"14":[0,0]}}
,"C:\\Users\\DELL\\Downloads\\pfe-project\\backend\\src\\analytics\\dto\\analytics-query.dto.ts": {"path":"C:\\Users\\DELL\\Downloads\\pfe-project\\backend\\src\\analytics\\dto\\analytics-query.dto.ts","statementMap":{"0":{"start":{"line":1,"column":0},"end":{"line":1,"column":54}},"1":{"start":{"line":2,"column":0},"end":{"line":2,"column":67}},"2":{"start":{"line":4,"column":0},"end":{"line":4,"column":null}},"3":{"start":{"line":5,"column":2},"end":{"line":5,"column":null}},"4":{"start":{"line":6,"column":2},"end":{"line":6,"column":null}},"5":{"start":{"line":9,"column":0},"end":{"line":9,"column":13}},"6":{"start":{"line":13,"column":2},"end":{"line":13,"column":null}},"7":{"start":{"line":18,"column":2},"end":{"line":18,"column":null}},"8":{"start":{"line":25,"column":2},"end":{"line":25,"column":61}},"9":{"start":{"line":21,"column":0},"end":{"line":21,"column":13}},"10":{"start":{"line":25,"column":2},"end":{"line":25,"column":null}},"11":{"start":{"line":30,"column":2},"end":{"line":30,"column":null}},"12":{"start":{"line":35,"column":2},"end":{"line":35,"column":null}}},"fnMap":{"0":{"name":"(anonymous_2)","decl":{"start":{"line":4,"column":0},"end":{"line":4,"column":12}},"loc":{"start":{"line":4,"column":30},"end":{"line":7,"column":1}}},"1":{"name":"(anonymous_3)","decl":{"start":{"line":21,"column":0},"end":{"line":21,"column":13}},"loc":{"start":{"line":21,"column":0},"end":{"line":36,"column":1}}}},"branchMap":{"0":{"loc":{"start":{"line":4,"column":12},"end":{"line":4,"column":null}},"type":"binary-expr","locations":[{"start":{"line":4,"column":12},"end":{"line":4,"column":30}},{"start":{"line":4,"column":30},"end":{"line":4,"column":null}}]}},"s":{"0":0,"1":0,"2":0,"3":0,"4":0,"5":0,"6":0,"7":0,"8":0,"9":0,"10":0,"11":0,"12":0},"f":{"0":0,"1":0},"b":{"0":[0,0]}}
,"C:\\Users\\DELL\\Downloads\\pfe-project\\backend\\src\\auth\\auth.controller.ts": {"path":"C:\\Users\\DELL\\Downloads\\pfe-project\\backend\\src\\auth\\auth.controller.ts","statementMap":{"0":{"start":{"line":1,"column":0},"end":{"line":1,"column":null}},"1":{"start":{"line":12,"column":0},"end":{"line":12,"column":84}},"2":{"start":{"line":13,"column":0},"end":{"line":13,"column":45}},"3":{"start":{"line":14,"column":0},"end":{"line":14,"column":43}},"4":{"start":{"line":15,"column":0},"end":{"line":15,"column":45}},"5":{"start":{"line":16,"column":0},"end":{"line":16,"column":58}},"6":{"start":{"line":17,"column":0},"end":{"line":17,"column":49}},"7":{"start":{"line":18,"column":0},"end":{"line":18,"column":60}},"8":{"start":{"line":19,"column":0},"end":{"line":19,"column":54}},"9":{"start":{"line":24,"column":7},"end":{"line":85,"column":null}},"10":{"start":{"line":25,"column":31},"end":{"line":25,"column":44}},"11":{"start":{"line":33,"column":4},"end":{"line":33,"column":50}},"12":{"start":{"line":42,"column":4},"end":{"line":42,"column":44}},"13":{"start":{"line":52,"column":4},"end":{"line":52,"column":20}},"14":{"start":{"line":62,"column":4},"end":{"line":62,"column":64}},"15":{"start":{"line":71,"column":4},"end":{"line":71,"column":60}},"16":{"start":{"line":83,"column":4},"end":{"line":83,"column":57}},"17":{"start":{"line":24,"column":13},"end":{"line":24,"column":27}},"18":{"start":{"line":32,"column":8},"end":{"line":34,"column":null}},"19":{"start":{"line":41,"column":8},"end":{"line":43,"column":null}},"20":{"start":{"line":51,"column":8},"end":{"line":53,"column":null}},"21":{"start":{"line":61,"column":8},"end":{"line":63,"column":null}},"22":{"start":{"line":70,"column":8},"end":{"line":72,"column":null}},"23":{"start":{"line":79,"column":8},"end":{"line":84,"column":null}},"24":{"start":{"line":24,"column":13},"end":{"line":85,"column":null}}},"fnMap":{"0":{"name":"(anonymous_4)","decl":{"start":{"line":25,"column":2},"end":{"line":25,"column":31}},"loc":{"start":{"line":25,"column":55},"end":{"line":25,"column":59}}},"1":{"name":"(anonymous_5)","decl":{"start":{"line":32,"column":8},"end":{"line":32,"column":16}},"loc":{"start":{"line":32,"column":49},"end":{"line":34,"column":3}}},"2":{"name":"(anonymous_6)","decl":{"start":{"line":41,"column":8},"end":{"line":41,"column":13}},"loc":{"start":{"line":41,"column":40},"end":{"line":43,"column":3}}},"3":{"name":"(anonymous_7)","decl":{"start":{"line":51,"column":8},"end":{"line":51,"column":22}},"loc":{"start":{"line":51,"column":53},"end":{"line":53,"column":3}}},"4":{"name":"(anonymous_8)","decl":{"start":{"line":61,"column":8},"end":{"line":61,"column":14}},"loc":{"start":{"line":61,"column":69},"end":{"line":63,"column":3}}},"5":{"name":"(anonymous_9)","decl":{"start":{"line":70,"column":8},"end":{"line":70,"column":15}},"loc":{"start":{"line":70,"column":44},"end":{"line":72,"column":3}}},"6":{"name":"(anonymous_10)","decl":{"start":{"line":79,"column":8},"end":{"line":79,"column":21}},"loc":{"start":{"line":81,"column":33},"end":{"line":84,"column":3}}}},"branchMap":{},"s":{"0":0,"1":0,"2":0,"3":0,"4":0,"5":0,"6":0,"7":0,"8":0,"9":0,"10":0,"11":0,"12":0,"13":0,"14":0,"15":0,"16":0,"17":0,"18":0,"19":0,"20":0,"21":0,"22":0,"23":0,"24":0},"f":{"0":0,"1":0,"2":0,"3":0,"4":0,"5":0,"6":0},"b":{}}
,"C:\\Users\\DELL\\Downloads\\pfe-project\\backend\\src\\auth\\auth.service.ts": {"path":"C:\\Users\\DELL\\Downloads\\pfe-project\\backend\\src\\auth\\auth.service.ts","statementMap":{"0":{"start":{"line":1,"column":0},"end":{"line":1,"column":null}},"1":{"start":{"line":10,"column":0},"end":{"line":10,"column":36}},"2":{"start":{"line":11,"column":0},"end":{"line":11,"column":47}},"3":{"start":{"line":12,"column":0},"end":{"line":12,"column":41}},"4":{"start":{"line":13,"column":0},"end":{"line":13,"column":37}},"5":{"start":{"line":14,"column":0},"end":{"line":14,"column":51}},"6":{"start":{"line":15,"column":0},"end":{"line":15,"column":61}},"7":{"start":{"line":16,"column":0},"end":{"line":16,"column":66}},"8":{"start":{"line":17,"column":0},"end":{"line":17,"column":53}},"9":{"start":{"line":22,"column":34},"end":{"line":22,"column":50}},"10":{"start":{"line":25,"column":24},"end":{"line":178,"column":null}},"11":{"start":{"line":30,"column":21},"end":{"line":30,"column":37}},"12":{"start":{"line":31,"column":21},"end":{"line":31,"column":33}},"13":{"start":{"line":32,"column":21},"end":{"line":32,"column":35}},"14":{"start":{"line":33,"column":21},"end":{"line":33,"column":36}},"15":{"start":{"line":35,"column":21},"end":{"line":35,"column":35}},"16":{"start":{"line":26,"column":19},"end":{"line":26,"column":57}},"17":{"start":{"line":39,"column":53},"end":{"line":39,"column":64}},"18":{"start":{"line":41,"column":25},"end":{"line":41,"column":80}},"19":{"start":{"line":42,"column":4},"end":{"line":44,"column":5}},"20":{"start":{"line":43,"column":6},"end":{"line":43,"column":73}},"21":{"start":{"line":46,"column":27},"end":{"line":46,"column":73}},"22":{"start":{"line":48,"column":20},"end":{"line":55,"column":6}},"23":{"start":{"line":57,"column":4},"end":{"line":66,"column":5}},"24":{"start":{"line":58,"column":24},"end":{"line":58,"column":63}},"25":{"start":{"line":59,"column":6},"end":{"line":59,"column":55}},"26":{"start":{"line":61,"column":46},"end":{"line":61,"column":82}},"27":{"start":{"line":62,"column":6},"end":{"line":62,"column":84}},"28":{"start":{"line":64,"column":6},"end":{"line":64,"column":69}},"29":{"start":{"line":65,"column":6},"end":{"line":65,"column":61}},"30":{"start":{"line":70,"column":32},"end":{"line":70,"column":40}},"31":{"start":{"line":72,"column":17},"end":{"line":72,"column":72}},"32":{"start":{"line":73,"column":4},"end":{"line":73,"column":76}},"33":{"start":{"line":73,"column":15},"end":{"line":73,"column":76}},"34":{"start":{"line":74,"column":4},"end":{"line":74,"column":84}},"35":{"start":{"line":74,"column":24},"end":{"line":74,"column":84}},"36":{"start":{"line":76,"column":28},"end":{"line":76,"column":93}},"37":{"start":{"line":77,"column":4},"end":{"line":77,"column":87}},"38":{"start":{"line":77,"column":26},"end":{"line":77,"column":87}},"39":{"start":{"line":79,"column":4},"end":{"line":79,"column":48}},"40":{"start":{"line":80,"column":44},"end":{"line":80,"column":75}},"41":{"start":{"line":81,"column":4},"end":{"line":81,"column":77}},"42":{"start":{"line":85,"column":17},"end":{"line":85,"column":69}},"43":{"start":{"line":86,"column":4},"end":{"line":88,"column":5}},"44":{"start":{"line":87,"column":6},"end":{"line":87,"column":76}},"45":{"start":{"line":89,"column":4},"end":{"line":89,"column":16}},"46":{"start":{"line":93,"column":4},"end":{"line":95,"column":5}},"47":{"start":{"line":94,"column":6},"end":{"line":94,"column":45}},"48":{"start":{"line":96,"column":4},"end":{"line":96,"column":54}},"49":{"start":{"line":97,"column":4},"end":{"line":97,"column":50}},"50":{"start":{"line":102,"column":25},"end":{"line":103,"column":null}},"51":{"start":{"line":105,"column":4},"end":{"line":107,"column":5}},"52":{"start":{"line":106,"column":6},"end":{"line":106,"column":72}},"53":{"start":{"line":109,"column":4},"end":{"line":123,"column":5}},"54":{"start":{"line":110,"column":22},"end":{"line":112,"column":8}},"55":{"start":{"line":113,"column":19},"end":{"line":113,"column":55}},"56":{"start":{"line":116,"column":6},"end":{"line":116,"column":45}},"57":{"start":{"line":117,"column":21},"end":{"line":117,"column":52}},"58":{"start":{"line":119,"column":6},"end":{"line":119,"column":61}},"59":{"start":{"line":121,"column":6},"end":{"line":121,"column":62}},"60":{"start":{"line":121,"column":50},"end":{"line":121,"column":62}},"61":{"start":{"line":122,"column":6},"end":{"line":122,"column":63}},"62":{"start":{"line":129,"column":4},"end":{"line":129,"column":68}},"63":{"start":{"line":129,"column":37},"end":{"line":129,"column":68}},"64":{"start":{"line":130,"column":4},"end":{"line":130,"column":65}},"65":{"start":{"line":130,"column":36},"end":{"line":130,"column":65}},"66":{"start":{"line":131,"column":4},"end":{"line":133,"column":5}},"67":{"start":{"line":132,"column":6},"end":{"line":132,"column":73}},"68":{"start":{"line":134,"column":18},"end":{"line":134,"column":54}},"69":{"start":{"line":135,"column":4},"end":{"line":135,"column":54}},"70":{"start":{"line":136,"column":4},"end":{"line":136,"column":39}},"71":{"start":{"line":142,"column":20},"end":{"line":142,"column":72}},"72":{"start":{"line":144,"column":25},"end":{"line":144,"column":75}},"73":{"start":{"line":145,"column":26},"end":{"line":148,"column":6}},"74":{"start":{"line":150,"column":4},"end":{"line":150,"column":43}},"75":{"start":{"line":154,"column":4},"end":{"line":158,"column":6}},"76":{"start":{"line":162,"column":17},"end":{"line":162,"column":65}},"77":{"start":{"line":163,"column":4},"end":{"line":163,"column":29}},"78":{"start":{"line":167,"column":4},"end":{"line":171,"column":6}},"79":{"start":{"line":175,"column":49},"end":{"line":175,"column":53}},"80":{"start":{"line":176,"column":4},"end":{"line":176,"column":31}},"81":{"start":{"line":25,"column":13},"end":{"line":25,"column":24}},"82":{"start":{"line":25,"column":13},"end":{"line":178,"column":null}}},"fnMap":{"0":{"name":"(anonymous_4)","decl":{"start":{"line":28,"column":2},"end":{"line":28,"column":null}},"loc":{"start":{"line":35,"column":40},"end":{"line":36,"column":6}}},"1":{"name":"(anonymous_5)","decl":{"start":{"line":38,"column":2},"end":{"line":38,"column":7}},"loc":{"start":{"line":38,"column":41},"end":{"line":67,"column":3}}},"2":{"name":"(anonymous_6)","decl":{"start":{"line":69,"column":2},"end":{"line":69,"column":7}},"loc":{"start":{"line":69,"column":32},"end":{"line":82,"column":3}}},"3":{"name":"(anonymous_7)","decl":{"start":{"line":84,"column":2},"end":{"line":84,"column":7}},"loc":{"start":{"line":84,"column":31},"end":{"line":90,"column":3}}},"4":{"name":"(anonymous_8)","decl":{"start":{"line":92,"column":2},"end":{"line":92,"column":7}},"loc":{"start":{"line":92,"column":48},"end":{"line":98,"column":3}}},"5":{"name":"(anonymous_9)","decl":{"start":{"line":100,"column":2},"end":{"line":100,"column":7}},"loc":{"start":{"line":100,"column":41},"end":{"line":124,"column":3}}},"6":{"name":"(anonymous_10)","decl":{"start":{"line":128,"column":2},"end":{"line":128,"column":7}},"loc":{"start":{"line":128,"column":55},"end":{"line":137,"column":3}}},"7":{"name":"(anonymous_11)","decl":{"start":{"line":141,"column":10},"end":{"line":141,"column":15}},"loc":{"start":{"line":141,"column":41},"end":{"line":151,"column":3}}},"8":{"name":"(anonymous_12)","decl":{"start":{"line":153,"column":10},"end":{"line":153,"column":15}},"loc":{"start":{"line":153,"column":43},"end":{"line":159,"column":3}}},"9":{"name":"(anonymous_13)","decl":{"start":{"line":161,"column":10},"end":{"line":161,"column":21}},"loc":{"start":{"line":161,"column":35},"end":{"line":164,"column":3}}},"10":{"name":"(anonymous_14)","decl":{"start":{"line":166,"column":10},"end":{"line":166,"column":26}},"loc":{"start":{"line":166,"column":26},"end":{"line":172,"column":3}}},"11":{"name":"(anonymous_15)","decl":{"start":{"line":174,"column":10},"end":{"line":174,"column":25}},"loc":{"start":{"line":174,"column":36},"end":{"line":177,"column":3}}}},"branchMap":{"0":{"loc":{"start":{"line":42,"column":4},"end":{"line":44,"column":5}},"type":"if","locations":[{"start":{"line":42,"column":4},"end":{"line":44,"column":5}},{"start":{},"end":{}}]},"1":{"loc":{"start":{"line":73,"column":4},"end":{"line":73,"column":76}},"type":"if","locations":[{"start":{"line":73,"column":4},"end":{"line":73,"column":76}},{"start":{},"end":{}}]},"2":{"loc":{"start":{"line":74,"column":4},"end":{"line":74,"column":84}},"type":"if","locations":[{"start":{"line":74,"column":4},"end":{"line":74,"column":84}},{"start":{},"end":{}}]},"3":{"loc":{"start":{"line":77,"column":4},"end":{"line":77,"column":87}},"type":"if","locations":[{"start":{"line":77,"column":4},"end":{"line":77,"column":87}},{"start":{},"end":{}}]},"4":{"loc":{"start":{"line":86,"column":4},"end":{"line":88,"column":5}},"type":"if","locations":[{"start":{"line":86,"column":4},"end":{"line":88,"column":5}},{"start":{},"end":{}}]},"5":{"loc":{"start":{"line":86,"column":8},"end":{"line":86,"column":31}},"type":"binary-expr","locations":[{"start":{"line":86,"column":8},"end":{"line":86,"column":13}},{"start":{"line":86,"column":17},"end":{"line":86,"column":31}}]},"6":{"loc":{"start":{"line":93,"column":4},"end":{"line":95,"column":5}},"type":"if","locations":[{"start":{"line":93,"column":4},"end":{"line":95,"column":5}},{"start":{},"end":{}}]},"7":{"loc":{"start":{"line":105,"column":4},"end":{"line":107,"column":5}},"type":"if","locations":[{"start":{"line":105,"column":4},"end":{"line":107,"column":5}},{"start":{},"end":{}}]},"8":{"loc":{"start":{"line":121,"column":6},"end":{"line":121,"column":62}},"type":"if","locations":[{"start":{"line":121,"column":6},"end":{"line":121,"column":62}},{"start":{},"end":{}}]},"9":{"loc":{"start":{"line":129,"column":4},"end":{"line":129,"column":68}},"type":"if","locations":[{"start":{"line":129,"column":4},"end":{"line":129,"column":68}},{"start":{},"end":{}}]},"10":{"loc":{"start":{"line":130,"column":4},"end":{"line":130,"column":65}},"type":"if","locations":[{"start":{"line":130,"column":4},"end":{"line":130,"column":65}},{"start":{},"end":{}}]},"11":{"loc":{"start":{"line":131,"column":4},"end":{"line":133,"column":5}},"type":"if","locations":[{"start":{"line":131,"column":4},"end":{"line":133,"column":5}},{"start":{},"end":{}}]},"12":{"loc":{"start":{"line":168,"column":6},"end":{"line":170,"column":23}},"type":"binary-expr","locations":[{"start":{"line":168,"column":6},"end":{"line":168,"column":58}},{"start":{"line":169,"column":6},"end":{"line":169,"column":50}},{"start":{"line":170,"column":6},"end":{"line":170,"column":23}}]}},"s":{"0":1,"1":1,"2":1,"3":1,"4":1,"5":1,"6":1,"7":1,"8":1,"9":1,"10":1,"11":13,"12":13,"13":13,"14":13,"15":13,"16":13,"17":2,"18":2,"19":2,"20":1,"21":1,"22":1,"23":1,"24":1,"25":1,"26":1,"27":1,"28":0,"29":0,"30":4,"31":4,"32":4,"33":1,"34":3,"35":1,"36":2,"37":2,"38":1,"39":1,"40":1,"41":1,"42":4,"43":4,"44":2,"45":2,"46":2,"47":1,"48":2,"49":2,"50":2,"51":2,"52":1,"53":1,"54":1,"55":1,"56":1,"57":1,"58":1,"59":0,"60":0,"61":0,"62":0,"63":0,"64":0,"65":0,"66":0,"67":0,"68":0,"69":0,"70":0,"71":3,"72":3,"73":3,"74":3,"75":2,"76":4,"77":4,"78":4,"79":3,"80":3,"81":1,"82":1},"f":{"0":13,"1":2,"2":4,"3":4,"4":2,"5":2,"6":0,"7":3,"8":2,"9":4,"10":4,"11":3},"b":{"0":[1,1],"1":[1,3],"2":[1,2],"3":[1,1],"4":[2,2],"5":[4,3],"6":[1,1],"7":[1,1],"8":[0,0],"9":[0,0],"10":[0,0],"11":[0,0],"12":[4,0,0]}}
,"C:\\Users\\DELL\\Downloads\\pfe-project\\backend\\src\\auth\\dto\\login.dto.ts": {"path":"C:\\Users\\DELL\\Downloads\\pfe-project\\backend\\src\\auth\\dto\\login.dto.ts","statementMap":{"0":{"start":{"line":1,"column":0},"end":{"line":1,"column":46}},"1":{"start":{"line":2,"column":0},"end":{"line":2,"column":63}},"2":{"start":{"line":4,"column":0},"end":{"line":4,"column":13}},"3":{"start":{"line":7,"column":2},"end":{"line":7,"column":null}},"4":{"start":{"line":12,"column":2},"end":{"line":12,"column":null}}},"fnMap":{},"branchMap":{},"s":{"0":0,"1":0,"2":0,"3":0,"4":0},"f":{},"b":{}}
,"C:\\Users\\DELL\\Downloads\\pfe-project\\backend\\src\\auth\\dto\\logout.dto.ts": {"path":"C:\\Users\\DELL\\Downloads\\pfe-project\\backend\\src\\auth\\dto\\logout.dto.ts","statementMap":{"0":{"start":{"line":1,"column":0},"end":{"line":1,"column":54}},"1":{"start":{"line":2,"column":0},"end":{"line":2,"column":55}},"2":{"start":{"line":4,"column":0},"end":{"line":4,"column":13}},"3":{"start":{"line":8,"column":2},"end":{"line":8,"column":null}}},"fnMap":{},"branchMap":{},"s":{"0":0,"1":0,"2":0,"3":0},"f":{},"b":{}}
,"C:\\Users\\DELL\\Downloads\\pfe-project\\backend\\src\\auth\\dto\\refresh-token.dto.ts": {"path":"C:\\Users\\DELL\\Downloads\\pfe-project\\backend\\src\\auth\\dto\\refresh-token.dto.ts","statementMap":{"0":{"start":{"line":1,"column":0},"end":{"line":1,"column":46}},"1":{"start":{"line":2,"column":0},"end":{"line":2,"column":55}},"2":{"start":{"line":4,"column":0},"end":{"line":4,"column":13}},"3":{"start":{"line":8,"column":2},"end":{"line":8,"column":null}}},"fnMap":{},"branchMap":{},"s":{"0":0,"1":0,"2":0,"3":0},"f":{},"b":{}}
,"C:\\Users\\DELL\\Downloads\\pfe-project\\backend\\src\\auth\\dto\\register.dto.ts": {"path":"C:\\Users\\DELL\\Downloads\\pfe-project\\backend\\src\\auth\\dto\\register.dto.ts","statementMap":{"0":{"start":{"line":1,"column":0},"end":{"line":1,"column":46}},"1":{"start":{"line":2,"column":0},"end":{"line":2,"column":75}},"2":{"start":{"line":4,"column":0},"end":{"line":4,"column":13}},"3":{"start":{"line":7,"column":2},"end":{"line":7,"column":null}},"4":{"start":{"line":12,"column":2},"end":{"line":12,"column":null}},"5":{"start":{"line":17,"column":2},"end":{"line":17,"column":null}},"6":{"start":{"line":22,"column":2},"end":{"line":22,"column":null}}},"fnMap":{},"branchMap":{},"s":{"0":0,"1":0,"2":0,"3":0,"4":0,"5":0,"6":0},"f":{},"b":{}}
,"C:\\Users\\DELL\\Downloads\\pfe-project\\backend\\src\\auth\\dto\\update-profile.dto.ts": {"path":"C:\\Users\\DELL\\Downloads\\pfe-project\\backend\\src\\auth\\dto\\update-profile.dto.ts","statementMap":{"0":{"start":{"line":1,"column":0},"end":{"line":1,"column":54}},"1":{"start":{"line":2,"column":0},"end":{"line":2,"column":86}},"2":{"start":{"line":4,"column":0},"end":{"line":4,"column":13}},"3":{"start":{"line":9,"column":2},"end":{"line":9,"column":null}},"4":{"start":{"line":15,"column":2},"end":{"line":15,"column":null}},"5":{"start":{"line":27,"column":2},"end":{"line":27,"column":null}}},"fnMap":{},"branchMap":{},"s":{"0":0,"1":0,"2":0,"3":0,"4":0,"5":0},"f":{},"b":{}}
,"C:\\Users\\DELL\\Downloads\\pfe-project\\backend\\src\\auth\\strategies\\jwt.strategy.ts": {"path":"C:\\Users\\DELL\\Downloads\\pfe-project\\backend\\src\\auth\\strategies\\jwt.strategy.ts","statementMap":{"0":{"start":{"line":1,"column":0},"end":{"line":1,"column":67}},"1":{"start":{"line":2,"column":0},"end":{"line":2,"column":52}},"2":{"start":{"line":3,"column":0},"end":{"line":3,"column":52}},"3":{"start":{"line":4,"column":0},"end":{"line":4,"column":47}},"4":{"start":{"line":5,"column":0},"end":{"line":5,"column":37}},"5":{"start":{"line":6,"column":0},"end":{"line":6,"column":51}},"6":{"start":{"line":7,"column":0},"end":{"line":7,"column":59}},"7":{"start":{"line":10,"column":7},"end":{"line":38,"column":null}},"8":{"start":{"line":16,"column":4},"end":{"line":20,"column":7}},"9":{"start":{"line":14,"column":21},"end":{"line":14,"column":37}},"10":{"start":{"line":24,"column":17},"end":{"line":26,"column":6}},"11":{"start":{"line":28,"column":4},"end":{"line":30,"column":5}},"12":{"start":{"line":29,"column":6},"end":{"line":29,"column":56}},"13":{"start":{"line":32,"column":4},"end":{"line":34,"column":5}},"14":{"start":{"line":33,"column":6},"end":{"line":33,"column":66}},"15":{"start":{"line":36,"column":4},"end":{"line":36,"column":16}},"16":{"start":{"line":10,"column":13},"end":{"line":10,"column":24}},"17":{"start":{"line":10,"column":13},"end":{"line":38,"column":null}}},"fnMap":{"0":{"name":"(anonymous_4)","decl":{"start":{"line":11,"column":2},"end":{"line":11,"column":null}},"loc":{"start":{"line":14,"column":53},"end":{"line":21,"column":3}}},"1":{"name":"(anonymous_5)","decl":{"start":{"line":23,"column":2},"end":{"line":23,"column":7}},"loc":{"start":{"line":23,"column":29},"end":{"line":37,"column":3}}}},"branchMap":{"0":{"loc":{"start":{"line":19,"column":19},"end":{"line":19,"column":71}},"type":"binary-expr","locations":[{"start":{"line":19,"column":19},"end":{"line":19,"column":50}},{"start":{"line":19,"column":54},"end":{"line":19,"column":71}}]},"1":{"loc":{"start":{"line":28,"column":4},"end":{"line":30,"column":5}},"type":"if","locations":[{"start":{"line":28,"column":4},"end":{"line":30,"column":5}},{"start":{},"end":{}}]},"2":{"loc":{"start":{"line":32,"column":4},"end":{"line":34,"column":5}},"type":"if","locations":[{"start":{"line":32,"column":4},"end":{"line":34,"column":5}},{"start":{},"end":{}}]}},"s":{"0":0,"1":0,"2":0,"3":0,"4":0,"5":0,"6":0,"7":0,"8":0,"9":0,"10":0,"11":0,"12":0,"13":0,"14":0,"15":0,"16":0,"17":0},"f":{"0":0,"1":0},"b":{"0":[0,0],"1":[0,0],"2":[0,0]}}
,"C:\\Users\\DELL\\Downloads\\pfe-project\\backend\\src\\auth\\utils\\password.util.ts": {"path":"C:\\Users\\DELL\\Downloads\\pfe-project\\backend\\src\\auth\\utils\\password.util.ts","statementMap":{"0":{"start":{"line":1,"column":0},"end":{"line":1,"column":44}},"1":{"start":{"line":2,"column":0},"end":{"line":2,"column":33}},"2":{"start":{"line":5,"column":7},"end":{"line":25,"column":null}},"3":{"start":{"line":6,"column":19},"end":{"line":6,"column":35}},"4":{"start":{"line":9,"column":4},"end":{"line":9,"column":50}},"5":{"start":{"line":13,"column":4},"end":{"line":13,"column":42}},"6":{"start":{"line":18,"column":6},"end":{"line":18,"column":75}},"7":{"start":{"line":19,"column":19},"end":{"line":19,"column":21}},"8":{"start":{"line":20,"column":4},"end":{"line":22,"column":5}},"9":{"start":{"line":20,"column":17},"end":{"line":20,"column":18}},"10":{"start":{"line":21,"column":6},"end":{"line":21,"column":77}},"11":{"start":{"line":23,"column":4},"end":{"line":23,"column":20}},"12":{"start":{"line":5,"column":13},"end":{"line":5,"column":25}},"13":{"start":{"line":5,"column":13},"end":{"line":25,"column":null}}},"fnMap":{"0":{"name":"(anonymous_1)","decl":{"start":{"line":5,"column":7},"end":{"line":5,"column":13}},"loc":{"start":{"line":5,"column":7},"end":{"line":25,"column":1}}},"1":{"name":"(anonymous_2)","decl":{"start":{"line":8,"column":2},"end":{"line":8,"column":7}},"loc":{"start":{"line":8,"column":37},"end":{"line":10,"column":3}}},"2":{"name":"(anonymous_3)","decl":{"start":{"line":12,"column":2},"end":{"line":12,"column":7}},"loc":{"start":{"line":12,"column":55},"end":{"line":14,"column":3}}},"3":{"name":"(anonymous_4)","decl":{"start":{"line":16,"column":2},"end":{"line":16,"column":27}},"loc":{"start":{"line":16,"column":47},"end":{"line":24,"column":3}}}},"branchMap":{"0":{"loc":{"start":{"line":16,"column":28},"end":{"line":16,"column":47}},"type":"default-arg","locations":[{"start":{"line":16,"column":45},"end":{"line":16,"column":47}}]}},"s":{"0":1,"1":1,"2":1,"3":0,"4":0,"5":0,"6":0,"7":0,"8":0,"9":0,"10":0,"11":0,"12":1,"13":1},"f":{"0":0,"1":0,"2":0,"3":0},"b":{"0":[0]}}
,"C:\\Users\\DELL\\Downloads\\pfe-project\\backend\\src\\common\\decorators\\roles.decorator.ts": {"path":"C:\\Users\\DELL\\Downloads\\pfe-project\\backend\\src\\common\\decorators\\roles.decorator.ts","statementMap":{"0":{"start":{"line":1,"column":0},"end":{"line":1,"column":45}},"1":{"start":{"line":4,"column":21},"end":{"line":4,"column":74}},"2":{"start":{"line":4,"column":47},"end":{"line":4,"column":74}},"3":{"start":{"line":4,"column":13},"end":{"line":4,"column":21}}},"fnMap":{"0":{"name":"(anonymous_0)","decl":{"start":{"line":4,"column":21},"end":{"line":4,"column":22}},"loc":{"start":{"line":4,"column":47},"end":{"line":4,"column":74}}}},"branchMap":{},"s":{"0":0,"1":0,"2":0,"3":0},"f":{"0":0},"b":{}}
,"C:\\Users\\DELL\\Downloads\\pfe-project\\backend\\src\\common\\guards\\jwt.guard.ts": {"path":"C:\\Users\\DELL\\Downloads\\pfe-project\\backend\\src\\common\\guards\\jwt.guard.ts","statementMap":{"0":{"start":{"line":1,"column":0},"end":{"line":1,"column":67}},"1":{"start":{"line":2,"column":0},"end":{"line":2,"column":45}},"2":{"start":{"line":5,"column":7},"end":{"line":13,"column":null}},"3":{"start":{"line":7,"column":4},"end":{"line":10,"column":5}},"4":{"start":{"line":8,"column":22},"end":{"line":8,"column":53}},"5":{"start":{"line":9,"column":6},"end":{"line":9,"column":47}},"6":{"start":{"line":11,"column":4},"end":{"line":11,"column":16}},"7":{"start":{"line":5,"column":13},"end":{"line":5,"column":21}},"8":{"start":{"line":5,"column":13},"end":{"line":13,"column":null}}},"fnMap":{"0":{"name":"(anonymous_1)","decl":{"start":{"line":6,"column":2},"end":{"line":6,"column":15}},"loc":{"start":{"line":6,"column":73},"end":{"line":12,"column":3}}}},"branchMap":{"0":{"loc":{"start":{"line":7,"column":4},"end":{"line":10,"column":5}},"type":"if","locations":[{"start":{"line":7,"column":4},"end":{"line":10,"column":5}},{"start":{},"end":{}}]},"1":{"loc":{"start":{"line":7,"column":8},"end":{"line":7,"column":20}},"type":"binary-expr","locations":[{"start":{"line":7,"column":8},"end":{"line":7,"column":11}},{"start":{"line":7,"column":15},"end":{"line":7,"column":20}}]},"2":{"loc":{"start":{"line":8,"column":22},"end":{"line":8,"column":53}},"type":"binary-expr","locations":[{"start":{"line":8,"column":22},"end":{"line":8,"column":35}},{"start":{"line":8,"column":39},"end":{"line":8,"column":53}}]}},"s":{"0":0,"1":0,"2":0,"3":0,"4":0,"5":0,"6":0,"7":0,"8":0},"f":{"0":0},"b":{"0":[0,0],"1":[0,0],"2":[0,0]}}
,"C:\\Users\\DELL\\Downloads\\pfe-project\\backend\\src\\common\\guards\\roles.guard.ts": {"path":"C:\\Users\\DELL\\Downloads\\pfe-project\\backend\\src\\common\\guards\\roles.guard.ts","statementMap":{"0":{"start":{"line":1,"column":0},"end":{"line":1,"column":75}},"1":{"start":{"line":2,"column":0},"end":{"line":2,"column":41}},"2":{"start":{"line":6,"column":7},"end":{"line":28,"column":null}},"3":{"start":{"line":7,"column":22},"end":{"line":7,"column":33}},"4":{"start":{"line":10,"column":26},"end":{"line":12,"column":null}},"5":{"start":{"line":15,"column":4},"end":{"line":17,"column":5}},"6":{"start":{"line":16,"column":6},"end":{"line":16,"column":18}},"7":{"start":{"line":19,"column":20},"end":{"line":19,"column":55}},"8":{"start":{"line":20,"column":17},"end":{"line":20,"column":29}},"9":{"start":{"line":22,"column":4},"end":{"line":24,"column":5}},"10":{"start":{"line":23,"column":6},"end":{"line":23,"column":19}},"11":{"start":{"line":26,"column":4},"end":{"line":26,"column":60}},"12":{"start":{"line":26,"column":40},"end":{"line":26,"column":58}},"13":{"start":{"line":6,"column":13},"end":{"line":6,"column":23}},"14":{"start":{"line":6,"column":13},"end":{"line":28,"column":null}}},"fnMap":{"0":{"name":"(anonymous_2)","decl":{"start":{"line":7,"column":2},"end":{"line":7,"column":22}},"loc":{"start":{"line":7,"column":42},"end":{"line":7,"column":46}}},"1":{"name":"(anonymous_3)","decl":{"start":{"line":9,"column":2},"end":{"line":9,"column":13}},"loc":{"start":{"line":9,"column":39},"end":{"line":27,"column":3}}},"2":{"name":"(anonymous_4)","decl":{"start":{"line":26,"column":30},"end":{"line":26,"column":31}},"loc":{"start":{"line":26,"column":40},"end":{"line":26,"column":58}}}},"branchMap":{"0":{"loc":{"start":{"line":15,"column":4},"end":{"line":17,"column":5}},"type":"if","locations":[{"start":{"line":15,"column":4},"end":{"line":17,"column":5}},{"start":{},"end":{}}]},"1":{"loc":{"start":{"line":22,"column":4},"end":{"line":24,"column":5}},"type":"if","locations":[{"start":{"line":22,"column":4},"end":{"line":24,"column":5}},{"start":{},"end":{}}]}},"s":{"0":0,"1":0,"2":0,"3":0,"4":0,"5":0,"6":0,"7":0,"8":0,"9":0,"10":0,"11":0,"12":0,"13":0,"14":0},"f":{"0":0,"1":0,"2":0},"b":{"0":[0,0],"1":[0,0]}}
,"C:\\Users\\DELL\\Downloads\\pfe-project\\backend\\src\\database\\data-source.ts": {"path":"C:\\Users\\DELL\\Downloads\\pfe-project\\backend\\src\\database\\data-source.ts","statementMap":{"0":{"start":{"line":1,"column":0},"end":{"line":1,"column":23}},"1":{"start":{"line":2,"column":0},"end":{"line":2,"column":37}},"2":{"start":{"line":3,"column":0},"end":{"line":3,"column":48}},"3":{"start":{"line":4,"column":0},"end":{"line":4,"column":60}},"4":{"start":{"line":5,"column":0},"end":{"line":5,"column":62}},"5":{"start":{"line":6,"column":0},"end":{"line":6,"column":50}},"6":{"start":{"line":7,"column":0},"end":{"line":7,"column":58}},"7":{"start":{"line":8,"column":0},"end":{"line":8,"column":52}},"8":{"start":{"line":9,"column":0},"end":{"line":9,"column":46}},"9":{"start":{"line":10,"column":0},"end":{"line":10,"column":54}},"10":{"start":{"line":11,"column":0},"end":{"line":11,"column":72}},"11":{"start":{"line":13,"column":22},"end":{"line":34,"column":2}},"12":{"start":{"line":36,"column":0},"end":{"line":36,"column":29}}},"fnMap":{},"branchMap":{"0":{"loc":{"start":{"line":15,"column":8},"end":{"line":15,"column":48}},"type":"binary-expr","locations":[{"start":{"line":15,"column":8},"end":{"line":15,"column":33}},{"start":{"line":15,"column":37},"end":{"line":15,"column":48}}]},"1":{"loc":{"start":{"line":16,"column":8},"end":{"line":16,"column":49}},"type":"binary-expr","locations":[{"start":{"line":16,"column":8},"end":{"line":16,"column":41}},{"start":{"line":16,"column":45},"end":{"line":16,"column":49}}]},"2":{"loc":{"start":{"line":17,"column":12},"end":{"line":17,"column":51}},"type":"binary-expr","locations":[{"start":{"line":17,"column":12},"end":{"line":17,"column":37}},{"start":{"line":17,"column":41},"end":{"line":17,"column":51}}]},"3":{"loc":{"start":{"line":18,"column":12},"end":{"line":18,"column":55}},"type":"binary-expr","locations":[{"start":{"line":18,"column":12},"end":{"line":18,"column":41}},{"start":{"line":18,"column":45},"end":{"line":18,"column":55}}]},"4":{"loc":{"start":{"line":19,"column":12},"end":{"line":19,"column":51}},"type":"binary-expr","locations":[{"start":{"line":19,"column":12},"end":{"line":19,"column":37}},{"start":{"line":19,"column":41},"end":{"line":19,"column":51}}]}},"s":{"0":0,"1":0,"2":0,"3":0,"4":0,"5":0,"6":0,"7":0,"8":0,"9":0,"10":0,"11":0,"12":0},"f":{},"b":{"0":[0,0],"1":[0,0],"2":[0,0],"3":[0,0],"4":[0,0]}}
,"C:\\Users\\DELL\\Downloads\\pfe-project\\backend\\src\\database\\database.service.ts": {"path":"C:\\Users\\DELL\\Downloads\\pfe-project\\backend\\src\\database\\database.service.ts","statementMap":{"0":{"start":{"line":1,"column":0},"end":{"line":1,"column":52}},"1":{"start":{"line":2,"column":0},"end":{"line":2,"column":37}},"2":{"start":{"line":5,"column":28},"end":{"line":87,"column":null}},"3":{"start":{"line":8,"column":31},"end":{"line":8,"column":43}},"4":{"start":{"line":6,"column":19},"end":{"line":6,"column":61}},"5":{"start":{"line":14,"column":4},"end":{"line":21,"column":5}},"6":{"start":{"line":15,"column":6},"end":{"line":15,"column":50}},"7":{"start":{"line":16,"column":6},"end":{"line":16,"column":56}},"8":{"start":{"line":17,"column":6},"end":{"line":17,"column":18}},"9":{"start":{"line":19,"column":6},"end":{"line":19,"column":63}},"10":{"start":{"line":20,"column":6},"end":{"line":20,"column":19}},"11":{"start":{"line":28,"column":4},"end":{"line":56,"column":5}},"12":{"start":{"line":29,"column":21},"end":{"line":33,"column":8}},"13":{"start":{"line":35,"column":41},"end":{"line":38,"column":8}},"14":{"start":{"line":40,"column":6},"end":{"line":50,"column":7}},"15":{"start":{"line":41,"column":28},"end":{"line":42,"column":null}},"16":{"start":{"line":44,"column":22},"end":{"line":44,"column":56}},"17":{"start":{"line":45,"column":8},"end":{"line":48,"column":11}},"18":{"start":{"line":49,"column":8},"end":{"line":49,"column":33}},"19":{"start":{"line":52,"column":6},"end":{"line":52,"column":19}},"20":{"start":{"line":54,"column":6},"end":{"line":54,"column":63}},"21":{"start":{"line":55,"column":6},"end":{"line":55,"column":18}},"22":{"start":{"line":63,"column":4},"end":{"line":68,"column":5}},"23":{"start":{"line":64,"column":6},"end":{"line":64,"column":58}},"24":{"start":{"line":66,"column":6},"end":{"line":66,"column":55}},"25":{"start":{"line":67,"column":6},"end":{"line":67,"column":18}},"26":{"start":{"line":75,"column":4},"end":{"line":75,"column":41}},"27":{"start":{"line":82,"column":4},"end":{"line":85,"column":5}},"28":{"start":{"line":83,"column":6},"end":{"line":83,"column":38}},"29":{"start":{"line":84,"column":6},"end":{"line":84,"column":52}},"30":{"start":{"line":5,"column":13},"end":{"line":5,"column":28}},"31":{"start":{"line":5,"column":13},"end":{"line":87,"column":null}}},"fnMap":{"0":{"name":"(anonymous_2)","decl":{"start":{"line":8,"column":2},"end":{"line":8,"column":31}},"loc":{"start":{"line":8,"column":53},"end":{"line":8,"column":57}}},"1":{"name":"(anonymous_3)","decl":{"start":{"line":13,"column":2},"end":{"line":13,"column":7}},"loc":{"start":{"line":13,"column":19},"end":{"line":22,"column":3}}},"2":{"name":"(anonymous_4)","decl":{"start":{"line":27,"column":2},"end":{"line":27,"column":7}},"loc":{"start":{"line":27,"column":16},"end":{"line":57,"column":3}}},"3":{"name":"(anonymous_5)","decl":{"start":{"line":62,"column":2},"end":{"line":62,"column":7}},"loc":{"start":{"line":62,"column":45},"end":{"line":69,"column":3}}},"4":{"name":"(anonymous_6)","decl":{"start":{"line":74,"column":2},"end":{"line":74,"column":13}},"loc":{"start":{"line":74,"column":13},"end":{"line":76,"column":3}}},"5":{"name":"(anonymous_7)","decl":{"start":{"line":81,"column":2},"end":{"line":81,"column":7}},"loc":{"start":{"line":81,"column":13},"end":{"line":86,"column":3}}}},"branchMap":{"0":{"loc":{"start":{"line":82,"column":4},"end":{"line":85,"column":5}},"type":"if","locations":[{"start":{"line":82,"column":4},"end":{"line":85,"column":5}},{"start":{},"end":{}}]}},"s":{"0":0,"1":0,"2":0,"3":0,"4":0,"5":0,"6":0,"7":0,"8":0,"9":0,"10":0,"11":0,"12":0,"13":0,"14":0,"15":0,"16":0,"17":0,"18":0,"19":0,"20":0,"21":0,"22":0,"23":0,"24":0,"25":0,"26":0,"27":0,"28":0,"29":0,"30":0,"31":0},"f":{"0":0,"1":0,"2":0,"3":0,"4":0,"5":0},"b":{"0":[0,0]}}
,"C:\\Users\\DELL\\Downloads\\pfe-project\\backend\\src\\database\\entities\\Alert.entity.ts": {"path":"C:\\Users\\DELL\\Downloads\\pfe-project\\backend\\src\\database\\entities\\Alert.entity.ts","statementMap":{"0":{"start":{"line":1,"column":0},"end":{"line":1,"column":null}},"1":{"start":{"line":11,"column":0},"end":{"line":11,"column":37}},"2":{"start":{"line":12,"column":0},"end":{"line":12,"column":43}},"3":{"start":{"line":13,"column":0},"end":{"line":13,"column":41}},"4":{"start":{"line":14,"column":0},"end":{"line":14,"column":53}},"5":{"start":{"line":16,"column":0},"end":{"line":16,"column":null}},"6":{"start":{"line":17,"column":2},"end":{"line":17,"column":null}},"7":{"start":{"line":18,"column":2},"end":{"line":18,"column":null}},"8":{"start":{"line":19,"column":2},"end":{"line":19,"column":null}},"9":{"start":{"line":20,"column":2},"end":{"line":20,"column":null}},"10":{"start":{"line":21,"column":2},"end":{"line":21,"column":null}},"11":{"start":{"line":22,"column":2},"end":{"line":22,"column":null}},"12":{"start":{"line":25,"column":0},"end":{"line":25,"column":null}},"13":{"start":{"line":26,"column":2},"end":{"line":26,"column":null}},"14":{"start":{"line":27,"column":2},"end":{"line":27,"column":null}},"15":{"start":{"line":28,"column":2},"end":{"line":28,"column":null}},"16":{"start":{"line":29,"column":2},"end":{"line":29,"column":null}},"17":{"start":{"line":32,"column":0},"end":{"line":32,"column":null}},"18":{"start":{"line":33,"column":2},"end":{"line":33,"column":null}},"19":{"start":{"line":34,"column":2},"end":{"line":34,"column":null}},"20":{"start":{"line":35,"column":2},"end":{"line":35,"column":null}},"21":{"start":{"line":36,"column":2},"end":{"line":36,"column":null}},"22":{"start":{"line":40,"column":7},"end":{"line":125,"column":null}},"23":{"start":{"line":116,"column":4},"end":{"line":118,"column":5}},"24":{"start":{"line":117,"column":6},"end":{"line":117,"column":70}},"25":{"start":{"line":119,"column":4},"end":{"line":119,"column":49}},"26":{"start":{"line":123,"column":4},"end":{"line":123,"column":46}},"27":{"start":{"line":40,"column":13},"end":{"line":40,"column":18}},"28":{"start":{"line":42,"column":2},"end":{"line":42,"column":null}},"29":{"start":{"line":48,"column":2},"end":{"line":48,"column":null}},"30":{"start":{"line":54,"column":2},"end":{"line":54,"column":null}},"31":{"start":{"line":61,"column":2},"end":{"line":61,"column":null}},"32":{"start":{"line":64,"column":2},"end":{"line":64,"column":null}},"33":{"start":{"line":67,"column":2},"end":{"line":67,"column":null}},"34":{"start":{"line":70,"column":2},"end":{"line":70,"column":null}},"35":{"start":{"line":77,"column":2},"end":{"line":77,"column":null}},"36":{"start":{"line":72,"column":19},"end":{"line":72,"column":26}},"37":{"start":{"line":72,"column":41},"end":{"line":72,"column":55}},"38":{"start":{"line":84,"column":2},"end":{"line":84,"column":null}},"39":{"start":{"line":79,"column":19},"end":{"line":79,"column":25}},"40":{"start":{"line":79,"column":39},"end":{"line":79,"column":52}},"41":{"start":{"line":87,"column":2},"end":{"line":87,"column":null}},"42":{"start":{"line":91,"column":2},"end":{"line":91,"column":null}},"43":{"start":{"line":89,"column":19},"end":{"line":89,"column":23}},"44":{"start":{"line":94,"column":2},"end":{"line":94,"column":null}},"45":{"start":{"line":98,"column":2},"end":{"line":98,"column":null}},"46":{"start":{"line":96,"column":19},"end":{"line":96,"column":23}},"47":{"start":{"line":101,"column":2},"end":{"line":101,"column":null}},"48":{"start":{"line":104,"column":2},"end":{"line":104,"column":null}},"49":{"start":{"line":107,"column":2},"end":{"line":107,"column":null}},"50":{"start":{"line":110,"column":2},"end":{"line":110,"column":null}},"51":{"start":{"line":113,"column":2},"end":{"line":113,"column":null}},"52":{"start":{"line":112,"column":19},"end":{"line":112,"column":31}},"53":{"start":{"line":112,"column":51},"end":{"line":112,"column":69}},"54":{"start":{"line":40,"column":13},"end":{"line":125,"column":null}}},"fnMap":{"0":{"name":"(anonymous_2)","decl":{"start":{"line":16,"column":0},"end":{"line":16,"column":12}},"loc":{"start":{"line":16,"column":21},"end":{"line":23,"column":1}}},"1":{"name":"(anonymous_3)","decl":{"start":{"line":25,"column":0},"end":{"line":25,"column":12}},"loc":{"start":{"line":25,"column":25},"end":{"line":30,"column":1}}},"2":{"name":"(anonymous_4)","decl":{"start":{"line":32,"column":0},"end":{"line":32,"column":12}},"loc":{"start":{"line":32,"column":23},"end":{"line":37,"column":1}}},"3":{"name":"(anonymous_5)","decl":{"start":{"line":115,"column":2},"end":{"line":115,"column":6}},"loc":{"start":{"line":115,"column":14},"end":{"line":120,"column":3}}},"4":{"name":"(anonymous_6)","decl":{"start":{"line":122,"column":2},"end":{"line":122,"column":6}},"loc":{"start":{"line":122,"column":14},"end":{"line":124,"column":3}}},"5":{"name":"(anonymous_7)","decl":{"start":{"line":72,"column":13},"end":{"line":72,"column":16}},"loc":{"start":{"line":72,"column":19},"end":{"line":72,"column":26}}},"6":{"name":"(anonymous_8)","decl":{"start":{"line":72,"column":28},"end":{"line":72,"column":29}},"loc":{"start":{"line":72,"column":41},"end":{"line":72,"column":55}}},"7":{"name":"(anonymous_9)","decl":{"start":{"line":79,"column":13},"end":{"line":79,"column":16}},"loc":{"start":{"line":79,"column":19},"end":{"line":79,"column":25}}},"8":{"name":"(anonymous_10)","decl":{"start":{"line":79,"column":27},"end":{"line":79,"column":28}},"loc":{"start":{"line":79,"column":39},"end":{"line":79,"column":52}}},"9":{"name":"(anonymous_11)","decl":{"start":{"line":89,"column":13},"end":{"line":89,"column":16}},"loc":{"start":{"line":89,"column":19},"end":{"line":89,"column":23}}},"10":{"name":"(anonymous_12)","decl":{"start":{"line":96,"column":13},"end":{"line":96,"column":16}},"loc":{"start":{"line":96,"column":19},"end":{"line":96,"column":23}}},"11":{"name":"(anonymous_13)","decl":{"start":{"line":112,"column":13},"end":{"line":112,"column":16}},"loc":{"start":{"line":112,"column":19},"end":{"line":112,"column":31}}},"12":{"name":"(anonymous_14)","decl":{"start":{"line":112,"column":33},"end":{"line":112,"column":34}},"loc":{"start":{"line":112,"column":51},"end":{"line":112,"column":69}}}},"branchMap":{"0":{"loc":{"start":{"line":16,"column":12},"end":{"line":16,"column":null}},"type":"binary-expr","locations":[{"start":{"line":16,"column":12},"end":{"line":16,"column":21}},{"start":{"line":16,"column":21},"end":{"line":16,"column":null}}]},"1":{"loc":{"start":{"line":25,"column":12},"end":{"line":25,"column":null}},"type":"binary-expr","locations":[{"start":{"line":25,"column":12},"end":{"line":25,"column":25}},{"start":{"line":25,"column":25},"end":{"line":25,"column":null}}]},"2":{"loc":{"start":{"line":32,"column":12},"end":{"line":32,"column":null}},"type":"binary-expr","locations":[{"start":{"line":32,"column":12},"end":{"line":32,"column":23}},{"start":{"line":32,"column":23},"end":{"line":32,"column":null}}]},"3":{"loc":{"start":{"line":116,"column":4},"end":{"line":118,"column":5}},"type":"if","locations":[{"start":{"line":116,"column":4},"end":{"line":118,"column":5}},{"start":{},"end":{}}]}},"s":{"0":5,"1":5,"2":5,"3":5,"4":5,"5":5,"6":5,"7":5,"8":5,"9":5,"10":5,"11":5,"12":5,"13":5,"14":5,"15":5,"16":5,"17":5,"18":5,"19":5,"20":5,"21":5,"22":5,"23":0,"24":0,"25":0,"26":0,"27":5,"28":5,"29":5,"30":5,"31":5,"32":5,"33":5,"34":5,"35":5,"36":0,"37":0,"38":5,"39":0,"40":0,"41":5,"42":5,"43":0,"44":5,"45":5,"46":0,"47":5,"48":5,"49":5,"50":5,"51":5,"52":0,"53":0,"54":5},"f":{"0":5,"1":5,"2":5,"3":0,"4":0,"5":0,"6":0,"7":0,"8":0,"9"
[...]
":{"start":{"line":93,"column":4},"end":{"line":93,"column":17}},"34":{"start":{"line":97,"column":20},"end":{"line":97,"column":42}},"35":{"start":{"line":98,"column":4},"end":{"line":98,"column":49}},"36":{"start":{"line":99,"column":4},"end":{"line":99,"column":33}},"37":{"start":{"line":12,"column":13},"end":{"line":12,"column":28}},"38":{"start":{"line":12,"column":13},"end":{"line":101,"column":null}}},"fnMap":{"0":{"name":"(anonymous_4)","decl":{"start":{"line":13,"column":2},"end":{"line":13,"column":null}},"loc":{"start":{"line":16,"column":53},"end":{"line":17,"column":6}}},"1":{"name":"(anonymous_5)","decl":{"start":{"line":19,"column":2},"end":{"line":19,"column":7}},"loc":{"start":{"line":19,"column":48},"end":{"line":27,"column":3}}},"2":{"name":"(anonymous_6)","decl":{"start":{"line":29,"column":2},"end":{"line":29,"column":7}},"loc":{"start":{"line":29,"column":38},"end":{"line":55,"column":3}}},"3":{"name":"(anonymous_7)","decl":{"start":{"line":57,"column":2},"end":{"line":57,"column":7}},"loc":{"start":{"line":57,"column":26},"end":{"line":68,"column":3}}},"4":{"name":"(anonymous_8)","decl":{"start":{"line":70,"column":2},"end":{"line":70,"column":7}},"loc":{"start":{"line":70,"column":48},"end":{"line":94,"column":3}}},"5":{"name":"(anonymous_9)","decl":{"start":{"line":96,"column":2},"end":{"line":96,"column":7}},"loc":{"start":{"line":96,"column":25},"end":{"line":100,"column":3}}}},"branchMap":{"0":{"loc":{"start":{"line":23,"column":10},"end":{"line":23,"column":60}},"type":"cond-expr","locations":[{"start":{"line":23,"column":23},"end":{"line":23,"column":55}},{"start":{"line":23,"column":58},"end":{"line":23,"column":60}}]},"1":{"loc":{"start":{"line":30,"column":17},"end":{"line":30,"column":32}},"type":"binary-expr","locations":[{"start":{"line":30,"column":17},"end":{"line":30,"column":27}},{"start":{"line":30,"column":31},"end":{"line":30,"column":32}}]},"2":{"loc":{"start":{"line":31,"column":18},"end":{"line":31,"column":35}},"type":"binary-expr","locations":[{"start":{"line":31,"column":18},"end":{"line":31,"column":29}},{"start":{"line":31,"column":33},"end":{"line":31,"column":35}}]},"3":{"loc":{"start":{"line":34,"column":4},"end":{"line":34,"column":50}},"type":"if","locations":[{"start":{"line":34,"column":4},"end":{"line":34,"column":50}},{"start":{},"end":{}}]},"4":{"loc":{"start":{"line":35,"column":4},"end":{"line":35,"column":44}},"type":"if","locations":[{"start":{"line":35,"column":4},"end":{"line":35,"column":44}},{"start":{},"end":{}}]},"5":{"loc":{"start":{"line":36,"column":4},"end":{"line":36,"column":62}},"type":"if","locations":[{"start":{"line":36,"column":4},"end":{"line":36,"column":62}},{"start":{},"end":{}}]},"6":{"loc":{"start":{"line":63,"column":4},"end":{"line":65,"column":5}},"type":"if","locations":[{"start":{"line":63,"column":4},"end":{"line":65,"column":5}},{"start":{},"end":{}}]},"7":{"loc":{"start":{"line":76,"column":4},"end":{"line":78,"column":5}},"type":"if","locations":[{"start":{"line":76,"column":4},"end":{"line":78,"column":5}},{"start":{},"end":{}}]},"8":{"loc":{"start":{"line":76,"column":8},"end":{"line":76,"column":51}},"type":"binary-expr","locations":[{"start":{"line":76,"column":8},"end":{"line":76,"column":18}},{"start":{"line":76,"column":22},"end":{"line":76,"column":51}}]},"9":{"loc":{"start":{"line":84,"column":4},"end":{"line":91,"column":5}},"type":"if","locations":[{"start":{"line":84,"column":4},"end":{"line":91,"column":5}},{"start":{},"end":{}}]},"10":{"loc":{"start":{"line":89,"column":19},"end":{"line":89,"column":55}},"type":"binary-expr","locations":[{"start":{"line":89,"column":19},"end":{"line":89,"column":41}},{"start":{"line":89,"column":45},"end":{"line":89,"column":55}}]}},"s":{"0":1,"1":1,"2":1,"3":1,"4":1,"5":1,"6":16,"7":16,"8":3,"9":3,"10":3,"11":3,"12":3,"13":3,"14":0,"15":3,"16":0,"17":3,"18":0,"19":3,"20":3,"21":10,"22":10,"23":3,"24":7,"25":6,"26":5,"27":5,"28":5,"29":3,"30":5,"31":5,"32":4,"33":5,"34":2,"35":1,"36":1,"37":1,"38":1},"f":{"0":16,"1":3,"2":3,"3":10,"4":6,"5":2},"b":{"0":[2,1],"1":[3,2],"2":[3,2],"3":[0,3],"4":[0,3],"5":[0,3],"6":[3,7],"7":[3,2],"8":[5,4],"9":[4,1],"10":[4,4]}}
,"C:\\Users\\DELL\\Downloads\\pfe-project\\backend\\src\\stations\\dto\\create-station.dto.ts": {"path":"C:\\Users\\DELL\\Downloads\\pfe-project\\backend\\src\\stations\\dto\\create-station.dto.ts","statementMap":{"0":{"start":{"line":1,"column":0},"end":{"line":1,"column":67}},"1":{"start":{"line":2,"column":0},"end":{"line":2,"column":103}},"2":{"start":{"line":3,"column":0},"end":{"line":3,"column":84}},"3":{"start":{"line":5,"column":0},"end":{"line":5,"column":13}},"4":{"start":{"line":9,"column":2},"end":{"line":9,"column":null}},"5":{"start":{"line":14,"column":2},"end":{"line":14,"column":null}},"6":{"start":{"line":18,"column":2},"end":{"line":18,"column":null}},"7":{"start":{"line":22,"column":2},"end":{"line":22,"column":null}},"8":{"start":{"line":26,"column":2},"end":{"line":26,"column":null}},"9":{"start":{"line":32,"column":2},"end":{"line":32,"column":null}},"10":{"start":{"line":37,"column":2},"end":{"line":37,"column":null}},"11":{"start":{"line":42,"column":2},"end":{"line":42,"column":null}},"12":{"start":{"line":47,"column":2},"end":{"line":47,"column":null}},"13":{"start":{"line":53,"column":2},"end":{"line":53,"column":null}},"14":{"start":{"line":58,"column":2},"end":{"line":58,"column":null}}},"fnMap":{},"branchMap":{},"s":{"0":0,"1":0,"2":0,"3":0,"4":0,"5":0,"6":0,"7":0,"8":0,"9":0,"10":0,"11":0,"12":0,"13":0,"14":0},"f":{},"b":{}}
,"C:\\Users\\DELL\\Downloads\\pfe-project\\backend\\src\\stations\\dto\\station-query.dto.ts": {"path":"C:\\Users\\DELL\\Downloads\\pfe-project\\backend\\src\\stations\\dto\\station-query.dto.ts","statementMap":{"0":{"start":{"line":1,"column":0},"end":{"line":1,"column":54}},"1":{"start":{"line":2,"column":0},"end":{"line":2,"column":41}},"2":{"start":{"line":3,"column":0},"end":{"line":3,"column":80}},"3":{"start":{"line":4,"column":0},"end":{"line":4,"column":84}},"4":{"start":{"line":12,"column":2},"end":{"line":12,"column":20}},"5":{"start":{"line":20,"column":2},"end":{"line":20,"column":22}},"6":{"start":{"line":6,"column":0},"end":{"line":6,"column":13}},"7":{"start":{"line":12,"column":2},"end":{"line":12,"column":null}},"8":{"start":{"line":9,"column":14},"end":{"line":9,"column":20}},"9":{"start":{"line":20,"column":2},"end":{"line":20,"column":null}},"10":{"start":{"line":16,"column":14},"end":{"line":16,"column":20}},"11":{"start":{"line":25,"column":2},"end":{"line":25,"column":null}},"12":{"start":{"line":30,"column":2},"end":{"line":30,"column":null}},"13":{"start":{"line":35,"column":2},"end":{"line":35,"column":null}}},"fnMap":{"0":{"name":"(anonymous_2)","decl":{"start":{"line":6,"column":0},"end":{"line":6,"column":13}},"loc":{"start":{"line":6,"column":0},"end":{"line":36,"column":1}}},"1":{"name":"(anonymous_3)","decl":{"start":{"line":9,"column":8},"end":{"line":9,"column":11}},"loc":{"start":{"line":9,"column":14},"end":{"line":9,"column":20}}},"2":{"name":"(anonymous_4)","decl":{"start":{"line":16,"column":8},"end":{"line":16,"column":11}},"loc":{"start":{"line":16,"column":14},"end":{"line":16,"column":20}}}},"branchMap":{},"s":{"0":0,"1":0,"2":0,"3":0,"4":0,"5":0,"6":0,"7":0,"8":0,"9":0,"10":0,"11":0,"12":0,"13":0},"f":{"0":0,"1":0,"2":0},"b":{}}
,"C:\\Users\\DELL\\Downloads\\pfe-project\\backend\\src\\stations\\dto\\update-station.dto.ts": {"path":"C:\\Users\\DELL\\Downloads\\pfe-project\\backend\\src\\stations\\dto\\update-station.dto.ts","statementMap":{"0":{"start":{"line":1,"column":0},"end":{"line":1,"column":46}},"1":{"start":{"line":2,"column":0},"end":{"line":2,"column":56}},"2":{"start":{"line":4,"column":0},"end":{"line":4,"column":13}}},"fnMap":{},"branchMap":{},"s":{"0":0,"1":0,"2":0},"f":{},"b":{}}
,"C:\\Users\\DELL\\Downloads\\pfe-project\\backend\\src\\users\\users.controller.ts": {"path":"C:\\Users\\DELL\\Downloads\\pfe-project\\backend\\src\\users\\users.controller.ts","statementMap":{"0":{"start":{"line":1,"column":0},"end":{"line":1,"column":null}},"1":{"start":{"line":11,"column":0},"end":{"line":11,"column":null}},"2":{"start":{"line":19,"column":0},"end":{"line":19,"column":61}},"3":{"start":{"line":20,"column":0},"end":{"line":20,"column":54}},"4":{"start":{"line":21,"column":0},"end":{"line":21,"column":58}},"5":{"start":{"line":22,"column":0},"end":{"line":22,"column":60}},"6":{"start":{"line":23,"column":0},"end":{"line":23,"column":54}},"7":{"start":{"line":24,"column":0},"end":{"line":24,"column":52}},"8":{"start":{"line":25,"column":0},"end":{"line":25,"column":47}},"9":{"start":{"line":31,"column":7},"end":{"line":77,"column":null}},"10":{"start":{"line":32,"column":31},"end":{"line":32,"column":45}},"11":{"start":{"line":46,"column":4},"end":{"line":48,"column":5}},"12":{"start":{"line":47,"column":6},"end":{"line":47,"column":59}},"13":{"start":{"line":50,"column":4},"end":{"line":50,"column":44}},"14":{"start":{"line":61,"column":4},"end":{"line":61,"column":41}},"15":{"start":{"line":75,"column":4},"end":{"line":75,"column":45}},"16":{"start":{"line":31,"column":13},"end":{"line":31,"column":28}},"17":{"start":{"line":41,"column":2},"end":{"line":51,"column":null}},"18":{"start":{"line":60,"column":2},"end":{"line":62,"column":null}},"19":{"start":{"line":71,"column":2},"end":{"line":76,"column":null}},"20":{"start":{"line":31,"column":13},"end":{"line":77,"column":null}}},"fnMap":{"0":{"name":"(anonymous_4)","decl":{"start":{"line":32,"column":2},"end":{"line":32,"column":31}},"loc":{"start":{"line":32,"column":57},"end":{"line":32,"column":61}}},"1":{"name":"(anonymous_5)","decl":{"start":{"line":41,"column":2},"end":{"line":41,"column":9}},"loc":{"start":{"line":43,"column":40},"end":{"line":51,"column":3}}},"2":{"name":"(anonymous_6)","decl":{"start":{"line":60,"column":2},"end":{"line":60,"column":9}},"loc":{"start":{"line":60,"column":48},"end":{"line":62,"column":3}}},"3":{"name":"(anonymous_7)","decl":{"start":{"line":71,"column":2},"end":{"line":71,"column":8}},"loc":{"start":{"line":73,"column":30},"end":{"line":76,"column":3}}}},"branchMap":{"0":{"loc":{"start":{"line":46,"column":4},"end":{"line":48,"column":5}},"type":"if","locations":[{"start":{"line":46,"column":4},"end":{"line":48,"column":5}},{"start":{},"end":{}}]},"1":{"loc":{"start":{"line":46,"column":8},"end":{"line":46,"column":47}},"type":"binary-expr","locations":[{"start":{"line":46,"column":8},"end":{"line":46,"column":27}},{"start":{"line":46,"column":31},"end":{"line":46,"column":47}}]}},"s":{"0":0,"1":0,"2":0,"3":0,"4":0,"5":0,"6":0,"7":0,"8":0,"9":0,"10":0,"11":0,"12":0,"13":0,"14":0,"15":0,"16":0,"17":0,"18":0,"19":0,"20":0},"f":{"0":0,"1":0,"2":0,"3":0},"b":{"0":[0,0],"1":[0,0]}}
,"C:\\Users\\DELL\\Downloads\\pfe-project\\backend\\src\\users\\users.service.ts": {"path":"C:\\Users\\DELL\\Downloads\\pfe-project\\backend\\src\\users\\users.service.ts","statementMap":{"0":{"start":{"line":1,"column":0},"end":{"line":1,"column":63}},"1":{"start":{"line":2,"column":0},"end":{"line":2,"column":51}},"2":{"start":{"line":3,"column":0},"end":{"line":3,"column":44}},"3":{"start":{"line":4,"column":0},"end":{"line":4,"column":66}},"4":{"start":{"line":12,"column":2},"end":{"line":12,"column":26}},"5":{"start":{"line":16,"column":7},"end":{"line":93,"column":null}},"6":{"start":{"line":19,"column":21},"end":{"line":19,"column":31}},"7":{"start":{"line":25,"column":17},"end":{"line":25,"column":32}},"8":{"start":{"line":26,"column":18},"end":{"line":26,"column":35}},"9":{"start":{"line":28,"column":15},"end":{"line":28,"column":114}},"10":{"start":{"line":30,"column":4},"end":{"line":32,"column":5}},"11":{"start":{"line":31,"column":6},"end":{"line":31,"column":58}},"12":{"start":{"line":34,"column":4},"end":{"line":36,"column":5}},"13":{"start":{"line":35,"column":6},"end":{"line":35,"column":75}},"14":{"start":{"line":38,"column":4},"end":{"line":44,"column":5}},"15":{"start":{"line":39,"column":19},"end":{"line":39,"column":38}},"16":{"start":{"line":40,"column":6},"end":{"line":43,"column":8}},"17":{"start":{"line":46,"column":27},"end":{"line":49,"column":24}},"18":{"start":{"line":51,"column":4},"end":{"line":54,"column":6}},"19":{"start":{"line":60,"column":33},"end":{"line":60,"column":51}},"20":{"start":{"line":61,"column":4},"end":{"line":63,"column":5}},"21":{"start":{"line":62,"column":6},"end":{"line":62,"column":36}},"22":{"start":{"line":65,"column":18},"end":{"line":68,"column":6}},"23":{"start":{"line":70,"column":4},"end":{"line":70,"column":36}},"24":{"start":{"line":76,"column":17},"end":{"line":76,"column":63}},"25":{"start":{"line":77,"column":4},"end":{"line":77,"column":67}},"26":{"start":{"line":77,"column":15},"end":{"line":77,"column":67}},"27":{"start":{"line":78,"column":4},"end":{"line":78,"column":31}},"28":{"start":{"line":84,"column":17},"end":{"line":84,"column":63}},"29":{"start":{"line":85,"column":4},"end":{"line":85,"column":67}},"30":{"start":{"line":85,"column":15},"end":{"line":85,"column":67}},"31":{"start":{"line":87,"column":4},"end":{"line":87,"column":53}},"32":{"start":{"line":87,"column":32},"end":{"line":87,"column":53}},"33":{"start":{"line":88,"column":4},"end":{"line":88,"column":65}},"34":{"start":{"line":88,"column":36},"end":{"line":88,"column":65}},"35":{"start":{"line":90,"column":18},"end":{"line":90,"column":48}},"36":{"start":{"line":91,"column":4},"end":{"line":91,"column":32}},"37":{"start":{"line":16,"column":13},"end":{"line":16,"column":25}},"38":{"start":{"line":16,"column":13},"end":{"line":93,"column":null}}},"fnMap":{"0":{"name":"stripPassword","decl":{"start":{"line":11,"column":9},"end":{"line":11,"column":22}},"loc":{"start":{"line":11,"column":55},"end":{"line":13,"column":1}}},"1":{"name":"(anonymous_5)","decl":{"start":{"line":17,"column":2},"end":{"line":17,"column":null}},"loc":{"start":{"line":19,"column":47},"end":{"line":20,"column":6}}},"2":{"name":"(anonymous_6)","decl":{"start":{"line":24,"column":2},"end":{"line":24,"column":7}},"loc":{"start":{"line":24,"column":35},"end":{"line":55,"column":3}}},"3":{"name":"(anonymous_7)","decl":{"start":{"line":59,"column":2},"end":{"line":59,"column":7}},"loc":{"start":{"line":59,"column":37},"end":{"line":71,"column":3}}},"4":{"name":"(anonymous_8)","decl":{"start":{"line":75,"column":2},"end":{"line":75,"column":7}},"loc":{"start":{"line":75,"column":26},"end":{"line":79,"column":3}}},"5":{"name":"(anonymous_9)","decl":{"start":{"line":83,"column":2},"end":{"line":83,"column":7}},"loc":{"start":{"line":83,"column":45},"end":{"line":92,"column":3}}}},"branchMap":{"0":{"loc":{"start":{"line":25,"column":17},"end":{"line":25,"column":32}},"type":"binary-expr","locations":[{"start":{"line":25,"column":17},"end":{"line":25,"column":27}},{"start":{"line":25,"column":31},"end":{"line":25,"column":32}}]},"1":{"loc":{"start":{"line":26,"column":18},"end":{"line":26,"column":35}},"type":"binary-expr","locations":[{"start":{"line":26,"column":18},"end":{"line":26,"column":29}},{"start":{"line":26,"column":33},"end":{"line":26,"column":35}}]},"2":{"loc":{"start":{"line":30,"column":4},"end":{"line":32,"column":5}},"type":"if","locations":[{"start":{"line":30,"column":4},"end":{"line":32,"column":5}},{"start":{},"end":{}}]},"3":{"loc":{"start":{"line":34,"column":4},"end":{"line":36,"column":5}},"type":"if","locations":[{"start":{"line":34,"column":4},"end":{"line":36,"column":5}},{"start":{},"end":{}}]},"4":{"loc":{"start":{"line":38,"column":4},"end":{"line":44,"column":5}},"type":"if","locations":[{"start":{"line":38,"column":4},"end":{"line":44,"column":5}},{"start":{},"end":{}}]},"5":{"loc":{"start":{"line":61,"column":4},"end":{"line":63,"column":5}},"type":"if","locations":[{"start":{"line":61,"column":4},"end":{"line":63,"column":5}},{"start":{},"end":{}}]},"6":{"loc":{"start":{"line":61,"column":8},"end":{"line":61,"column":66}},"type":"binary-expr","locations":[{"start":{"line":61,"column":8},"end":{"line":61,"column":12}},{"start":{"line":61,"column":16},"end":{"line":61,"column":66}}]},"7":{"loc":{"start":{"line":77,"column":4},"end":{"line":77,"column":67}},"type":"if","locations":[{"start":{"line":77,"column":4},"end":{"line":77,"column":67}},{"start":{},"end":{}}]},"8":{"loc":{"start":{"line":85,"column":4},"end":{"line":85,"column":67}},"type":"if","locations":[{"start":{"line":85,"column":4},"end":{"line":85,"column":67}},{"start":{},"end":{}}]},"9":{"loc":{"start":{"line":87,"column":4},"end":{"line":87,"column":53}},"type":"if","locations":[{"start":{"line":87,"column":4},"end":{"line":87,"column":53}},{"start":{},"end":{}}]},"10":{"loc":{"start":{"line":88,"column":4},"end":{"line":88,"column":65}},"type":"if","locations":[{"start":{"line":88,"column":4},"end":{"line":88,"column":65}},{"start":{},"end":{}}]}},"s":{"0":0,"1":0,"2":0,"3":0,"4":0,"5":0,"6":0,"7":0,"8":0,"9":0,"10":0,"11":0,"12":0,"13":0,"14":0,"15":0,"16":0,"17":0,"18":0,"19":0,"20":0,"21":0,"22":0,"23":0,"24":0,"25":0,"26":0,"27":0,"28":0,"29":0,"30":0,"31":0,"32":0,"33":0,"34":0,"35":0,"36":0,"37":0,"38":0},"f":{"0":0,"1":0,"2":0,"3":0,"4":0,"5":0},"b":{"0":[0,0],"1":[0,0],"2":[0,0],"3":[0,0],"4":[0,0],"5":[0,0],"6":[0,0],"7":[0,0],"8":[0,0],"9":[0,0],"10":[0,0]}}
,"C:\\Users\\DELL\\Downloads\\pfe-project\\backend\\src\\users\\dto\\update-user.dto.ts": {"path":"C:\\Users\\DELL\\Downloads\\pfe-project\\backend\\src\\users\\dto\\update-user.dto.ts","statementMap":{"0":{"start":{"line":1,"column":0},"end":{"line":1,"column":54}},"1":{"start":{"line":2,"column":0},"end":{"line":2,"column":64}},"2":{"start":{"line":3,"column":0},"end":{"line":3,"column":63}},"3":{"start":{"line":5,"column":0},"end":{"line":5,"column":13}},"4":{"start":{"line":9,"column":2},"end":{"line":9,"column":null}},"5":{"start":{"line":14,"column":2},"end":{"line":14,"column":null}}},"fnMap":{},"branchMap":{},"s":{"0":0,"1":0,"2":0,"3":0,"4":0,"5":0},"f":{},"b":{}}
,"C:\\Users\\DELL\\Downloads\\pfe-project\\backend\\src\\users\\dto\\user-query.dto.ts": {"path":"C:\\Users\\DELL\\Downloads\\pfe-project\\backend\\src\\users\\dto\\user-query.dto.ts","statementMap":{"0":{"start":{"line":1,"column":0},"end":{"line":1,"column":54}},"1":{"start":{"line":2,"column":0},"end":{"line":2,"column":41}},"2":{"start":{"line":3,"column":0},"end":{"line":3,"column":91}},"3":{"start":{"line":4,"column":0},"end":{"line":4,"column":63}},"4":{"start":{"line":12,"column":2},"end":{"line":12,"column":20}},"5":{"start":{"line":20,"column":2},"end":{"line":20,"column":22}},"6":{"start":{"line":6,"column":0},"end":{"line":6,"column":13}},"7":{"start":{"line":12,"column":2},"end":{"line":12,"column":null}},"8":{"start":{"line":9,"column":14},"end":{"line":9,"column":20}},"9":{"start":{"line":20,"column":2},"end":{"line":20,"column":null}},"10":{"start":{"line":16,"column":14},"end":{"line":16,"column":20}},"11":{"start":{"line":25,"column":2},"end":{"line":25,"column":null}},"12":{"start":{"line":30,"column":2},"end":{"line":30,"column":null}},"13":{"start":{"line":36,"column":2},"end":{"line":36,"column":null}},"14":{"start":{"line":34,"column":14},"end":{"line":34,"column":21}}},"fnMap":{"0":{"name":"(anonymous_2)","decl":{"start":{"line":6,"column":0},"end":{"line":6,"column":13}},"loc":{"start":{"line":6,"column":0},"end":{"line":37,"column":1}}},"1":{"name":"(anonymous_3)","decl":{"start":{"line":9,"column":8},"end":{"line":9,"column":11}},"loc":{"start":{"line":9,"column":14},"end":{"line":9,"column":20}}},"2":{"name":"(anonymous_4)","decl":{"start":{"line":16,"column":8},"end":{"line":16,"column":11}},"loc":{"start":{"line":16,"column":14},"end":{"line":16,"column":20}}},"3":{"name":"(anonymous_5)","decl":{"start":{"line":34,"column":8},"end":{"line":34,"column":11}},"loc":{"start":{"line":34,"column":14},"end":{"line":34,"column":21}}}},"branchMap":{},"s":{"0":0,"1":0,"2":0,"3":0,"4":0,"5":0,"6":0,"7":0,"8":0,"9":0,"10":0,"11":0,"12":0,"13":0,"14":0},"f":{"0":0,"1":0,"2":0,"3":0},"b":{}}
}
