TN:
SF:src\app.controller.ts
FN:10,(anonymous_4)
FN:19,(anonymous_5)
FN:40,(anonymous_6)
FNF:3
FNH:0
FNDA:0,(anonymous_4)
FNDA:0,(anonymous_5)
FNDA:0,(anonymous_6)
DA:1,0
DA:2,0
DA:3,0
DA:5,0
DA:9,0
DA:11,0
DA:12,0
DA:19,0
DA:20,0
DA:25,0
DA:27,0
DA:28,0
DA:31,0
DA:41,0
DA:42,0
DA:43,0
DA:45,0
LF:17
LH:0
BRDA:25,0,0,0
BRDA:25,0,1,0
BRDA:27,1,0,0
BRDA:27,1,1,0
BRDA:32,2,0,0
BRDA:32,2,1,0
BRDA:35,3,0,0
BRDA:35,3,1,0
BRDA:36,4,0,0
BRDA:36,4,1,0
BRF:10
BRH:0
end_of_record
TN:
SF:src\alerts\alerts.controller.ts
FN:16,(anonymous_4)
FN:23,(anonymous_5)
FN:38,(anonymous_6)
FN:47,(anonymous_7)
FN:55,(anonymous_8)
FN:64,(anonymous_9)
FN:73,(anonymous_10)
FNF:7
FNH:0
FNDA:0,(anonymous_4)
FNDA:0,(anonymous_5)
FNDA:0,(anonymous_6)
FNDA:0,(anonymous_7)
FNDA:0,(anonymous_8)
FNDA:0,(anonymous_9)
FNDA:0,(anonymous_10)
DA:1,0
DA:2,0
DA:3,0
DA:4,0
DA:5,0
DA:6,0
DA:7,0
DA:8,0
DA:9,0
DA:15,0
DA:16,0
DA:23,0
DA:32,0
DA:38,0
DA:39,0
DA:47,0
DA:48,0
DA:55,0
DA:56,0
DA:64,0
DA:65,0
DA:73,0
DA:74,0
LF:23
LH:0
BRF:0
BRH:0
end_of_record
TN:
SF:src\alerts\alerts.service.ts
FN:15,(anonymous_4)
FN:26,(anonymous_5)
FN:65,(anonymous_6)
FN:70,(anonymous_7)
FN:92,(anonymous_8)
FN:101,(anonymous_9)
FN:109,(anonymous_10)
FN:117,(anonymous_11)
FN:147,(anonymous_12)
FN:150,(anonymous_13)
FNF:10
FNH:5
FNDA:10,(anonymous_4)
FNDA:6,(anonymous_5)
FNDA:1,(anonymous_6)
FNDA:2,(anonymous_7)
FNDA:2,(anonymous_8)
FNDA:0,(anonymous_9)
FNDA:0,(anonymous_10)
FNDA:0,(anonymous_11)
FNDA:0,(anonymous_12)
FNDA:0,(anonymous_13)
DA:1,2
DA:2,2
DA:3,2
DA:4,2
DA:5,2
DA:6,2
DA:8,2
DA:9,2
DA:14,2
DA:17,10
DA:19,10
DA:21,10
DA:22,10
DA:23,10
DA:27,6
DA:30,6
DA:34,6
DA:35,5
DA:37,5
DA:51,5
DA:63,5
DA:65,1
DA:67,5
DA:71,2
DA:72,2
DA:73,2
DA:75,2
DA:76,2
DA:77,2
DA:78,2
DA:79,2
DA:81,2
DA:89,2
DA:93,2
DA:97,2
DA:98,1
DA:102,0
DA:103,0
DA:104,0
DA:105,0
DA:106,0
DA:110,0
DA:111,0
DA:112,0
DA:113,0
DA:114,0
DA:126,0
DA:127,0
DA:128,0
DA:129,0
DA:130,0
DA:131,0
DA:132,0
DA:133,0
DA:134,0
DA:135,0
DA:136,0
DA:137,0
DA:140,0
DA:147,0
DA:149,0
DA:150,0
DA:151,0
DA:166,0
LF:64
LH:36
BRDA:27,0,0,2
BRDA:27,0,1,4
BRDA:30,1,0,0
BRDA:30,1,1,6
BRDA:34,2,0,1
BRDA:34,2,1,5
BRDA:34,3,0,6
BRDA:34,3,1,2
BRDA:35,4,0,0
BRDA:35,4,1,5
BRDA:35,5,0,5
BRDA:35,5,1,0
BRDA:44,6,0,5
BRDA:44,6,1,5
BRDA:45,7,0,5
BRDA:45,7,1,4
BRDA:46,8,0,5
BRDA:46,8,1,5
BRDA:71,9,0,2
BRDA:71,9,1,1
BRDA:72,10,0,2
BRDA:72,10,1,1
BRDA:75,11,0,0
BRDA:75,11,1,2
BRDA:76,12,0,0
BRDA:76,12,1,2
BRDA:77,13,0,0
BRDA:77,13,1,2
BRDA:78,14,0,0
BRDA:78,14,1,2
BRDA:79,15,0,0
BRDA:79,15,1,2
BRDA:97,16,0,1
BRDA:97,16,1,1
BRDA:127,17,0,0
BRDA:127,17,1,0
BRDA:128,18,0,0
BRDA:128,18,1,0
BRDA:129,19,0,0
BRDA:129,19,1,0
BRDA:130,20,0,0
BRDA:130,20,1,0
BRDA:131,21,0,0
BRDA:131,21,1,0
BRDA:132,22,0,0
BRDA:132,22,1,0
BRDA:132,23,0,0
BRDA:132,23,1,0
BRDA:134,24,0,0
BRDA:134,24,1,0
BRDA:136,25,0,0
BRDA:136,25,1,0
BRDA:147,26,0,0
BRDA:147,26,1,0
BRDA:157,27,0,0
BRDA:157,27,1,0
BRDA:158,28,0,0
BRDA:158,28,1,0
BRDA:159,29,0,0
BRDA:159,29,1,0
BRDA:160,30,0,0
BRDA:160,30,1,0
BRDA:161,31,0,0
BRDA:161,31,1,0
BRDA:162,32,0,0
BRDA:162,32,1,0
BRF:66
BRH:26
end_of_record
TN:
SF:src\alerts\dto\alert-query.dto.ts
FN:6,(anonymous_2)
FN:9,(anonymous_3)
FN:16,(anonymous_4)
FNF:3
FNH:0
FNDA:0,(anonymous_2)
FNDA:0,(anonymous_3)
FNDA:0,(anonymous_4)
DA:1,0
DA:2,0
DA:3,0
DA:4,0
DA:6,0
DA:9,0
DA:12,0
DA:16,0
DA:20,0
DA:25,0
DA:30,0
DA:35,0
DA:40,0
DA:45,0
LF:14
LH:0
BRF:0
BRH:0
end_of_record
TN:
SF:src\alerts\dto\create-alert.dto.ts
FNF:0
FNH:0
DA:1,0
DA:2,0
DA:3,0
DA:5,0
DA:8,0
DA:12,0
DA:16,0
DA:21,0
DA:26,0
DA:31,0
DA:36,0
DA:41,0
LF:12
LH:0
BRF:0
BRH:0
end_of_record
TN:
SF:src\analytics\analytics.controller.ts
FN:12,(anonymous_4)
FN:17,(anonymous_5)
FN:28,(anonymous_6)
FN:45,(anonymous_7)
FNF:4
FNH:0
FNDA:0,(anonymous_4)
FNDA:0,(anonymous_5)
FNDA:0,(anonymous_6)
FNDA:0,(anonymous_7)
DA:1,0
DA:2,0
DA:3,0
DA:4,0
DA:5,0
DA:11,0
DA:12,0
DA:17,0
DA:18,0
DA:28,0
DA:32,0
DA:33,0
DA:34,0
DA:45,0
DA:49,0
DA:50,0
DA:51,0
LF:17
LH:0
BRDA:33,0,0,0
BRDA:33,0,1,0
BRDA:50,1,0,0
BRDA:50,1,1,0
BRF:4
BRH:0
end_of_record
TN:
SF:src\analytics\analytics.service.ts
FN:17,(anonymous_4)
FN:32,(anonymous_5)
FN:74,(anonymous_6)
FN:78,(anonymous_7)
FN:87,(anonymous_8)
FN:152,(anonymous_9)
FN:163,(anonymous_10)
FNF:7
FNH:0
FNDA:0,(anonymous_4)
FNDA:0,(anonymous_5)
FNDA:0,(anonymous_6)
FNDA:0,(anonymous_7)
FNDA:0,(anonymous_8)
FNDA:0,(anonymous_9)
FNDA:0,(anonymous_10)
DA:1,0
DA:2,0
DA:3,0
DA:4,0
DA:5,0
DA:6,0
DA:7,0
DA:8,0
DA:9,0
DA:16,0
DA:19,0
DA:21,0
DA:23,0
DA:25,0
DA:27,0
DA:38,0
DA:52,0
DA:61,0
DA:69,0
DA:74,0
DA:78,0
DA:88,0
DA:92,0
DA:94,0
DA:95,0
DA:96,0
DA:104,0
DA:118,0
DA:131,0
DA:152,0
DA:164,0
DA:168,0
DA:170,0
DA:171,0
DA:172,0
DA:175,0
DA:176,0
DA:187,0
DA:206,0
DA:211,0
DA:212,0
DA:213,0
DA:220,0
DA:229,0
LF:44
LH:0
BRDA:92,0,0,0
BRDA:92,0,1,0
BRDA:95,1,0,0
BRDA:95,1,1,0
BRDA:96,2,0,0
BRDA:96,2,1,0
BRDA:140,3,0,0
BRDA:140,3,1,0
BRDA:146,4,0,0
BRDA:146,4,1,0
BRDA:147,5,0,0
BRDA:147,5,1,0
BRDA:148,6,0,0
BRDA:148,6,1,0
BRDA:149,7,0,0
BRDA:149,7,1,0
BRDA:150,8,0,0
BRDA:150,8,1,0
BRDA:168,9,0,0
BRDA:168,9,1,0
BRDA:171,10,0,0
BRDA:171,10,1,0
BRDA:172,11,0,0
BRDA:172,11,1,0
BRDA:175,12,0,0
BRDA:175,12,1,0
BRDA:176,13,0,0
BRDA:176,13,1,0
BRDA:212,14,0,0
BRDA:212,14,1,0
BRF:30
BRH:0
end_of_record
TN:
SF:src\analytics\dto\analytics-query.dto.ts
FN:4,(anonymous_2)
FN:21,(anonymous_3)
FNF:2
FNH:0
FNDA:0,(anonymous_2)
FNDA:0,(anonymous_3)
DA:1,0
DA:2,0
DA:4,0
DA:5,0
DA:6,0
DA:9,0
DA:13,0
DA:18,0
DA:21,0
DA:25,0
DA:30,0
DA:35,0
LF:12
LH:0
BRDA:4,0,0,0
BRDA:4,0,1,0
BRF:2
BRH:0
end_of_record
TN:
SF:src\auth\auth.controller.ts
FN:25,(anonymous_4)
FN:32,(anonymous_5)
FN:41,(anonymous_6)
FN:51,(anonymous_7)
FN:61,(anonymous_8)
FN:70,(anonymous_9)
FN:79,(anonymous_10)
FNF:7
FNH:0
FNDA:0,(anonymous_4)
FNDA:0,(anonymous_5)
FNDA:0,(anonymous_6)
FNDA:0,(anonymous_7)
FNDA:0,(anonymous_8)
FNDA:0,(anonymous_9)
FNDA:0,(anonymous_10)
DA:1,0
DA:12,0
DA:13,0
DA:14,0
DA:15,0
DA:16,0
DA:17,0
DA:18,0
DA:19,0
DA:24,0
DA:25,0
DA:32,0
DA:33,0
DA:41,0
DA:42,0
DA:51,0
DA:52,0
DA:61,0
DA:62,0
DA:70,0
DA:71,0
DA:79,0
DA:83,0
LF:23
LH:0
BRF:0
BRH:0
end_of_record
TN:
SF:src\auth\auth.service.ts
FN:28,(anonymous_4)
FN:38,(anonymous_5)
FN:69,(anonymous_6)
FN:84,(anonymous_7)
FN:92,(anonymous_8)
FN:100,(anonymous_9)
FN:128,(anonymous_10)
FN:141,(anonymous_11)
FN:153,(anonymous_12)
FN:161,(anonymous_13)
FN:166,(anonymous_14)
FN:174,(anonymous_15)
FNF:12
FNH:11
FNDA:13,(anonymous_4)
FNDA:2,(anonymous_5)
FNDA:4,(anonymous_6)
FNDA:4,(anonymous_7)
FNDA:2,(anonymous_8)
FNDA:2,(anonymous_9)
FNDA:0,(anonymous_10)
FNDA:3,(anonymous_11)
FNDA:2,(anonymous_12)
FNDA:4,(anonymous_13)
FNDA:4,(anonymous_14)
FNDA:3,(anonymous_15)
DA:1,1
DA:10,1
DA:11,1
DA:12,1
DA:13,1
DA:14,1
DA:15,1
DA:16,1
DA:17,1
DA:22,1
DA:25,1
DA:26,13
DA:30,13
DA:31,13
DA:32,13
DA:33,13
DA:35,13
DA:39,2
DA:41,2
DA:42,2
DA:43,1
DA:46,1
DA:48,1
DA:57,1
DA:58,1
DA:59,1
DA:61,1
DA:62,1
DA:64,0
DA:65,0
DA:70,4
DA:72,4
DA:73,4
DA:74,3
DA:76,2
DA:77,2
DA:79,1
DA:80,1
DA:81,1
DA:85,4
DA:86,4
DA:87,2
DA:89,2
DA:93,2
DA:94,1
DA:96,2
DA:97,2
DA:102,2
DA:105,2
DA:106,1
DA:109,1
DA:110,1
DA:113,1
DA:116,1
DA:117,1
DA:119,1
DA:121,0
DA:122,0
DA:129,0
DA:130,0
DA:131,0
DA:132,0
DA:134,0
DA:135,0
DA:136,0
DA:142,3
DA:144,3
DA:145,3
DA:150,3
DA:154,2
DA:162,4
DA:163,4
DA:167,4
DA:175,3
DA:176,3
LF:75
LH:64
BRDA:42,0,0,1
BRDA:42,0,1,1
BRDA:73,1,0,1
BRDA:73,1,1,3
BRDA:74,2,0,1
BRDA:74,2,1,2
BRDA:77,3,0,1
BRDA:77,3,1,1
BRDA:86,4,0,2
BRDA:86,4,1,2
BRDA:86,5,0,4
BRDA:86,5,1,3
BRDA:93,6,0,1
BRDA:93,6,1,1
BRDA:105,7,0,1
BRDA:105,7,1,1
BRDA:121,8,0,0
BRDA:121,8,1,0
BRDA:129,9,0,0
BRDA:129,9,1,0
BRDA:130,10,0,0
BRDA:130,10,1,0
BRDA:131,11,0,0
BRDA:131,11,1,0
BRDA:168,12,0,4
BRDA:168,12,1,0
BRDA:168,12,2,0
BRF:27
BRH:17
end_of_record
TN:
SF:src\auth\dto\login.dto.ts
FNF:0
FNH:0
DA:1,0
DA:2,0
DA:4,0
DA:7,0
DA:12,0
LF:5
LH:0
BRF:0
BRH:0
end_of_record
TN:
SF:src\auth\dto\logout.dto.ts
FNF:0
FNH:0
DA:1,0
DA:2,0
DA:4,0
DA:8,0
LF:4
LH:0
BRF:0
BRH:0
end_of_record
TN:
SF:src\auth\dto\refresh-token.dto.ts
FNF:0
FNH:0
DA:1,0
DA:2,0
DA:4,0
DA:8,0
LF:4
LH:0
BRF:0
BRH:0
end_of_record
TN:
SF:src\auth\dto\register.dto.ts
FNF:0
FNH:0
DA:1,0
DA:2,0
DA:4,0
DA:7,0
DA:12,0
DA:17,0
DA:22,0
LF:7
LH:0
BRF:0
BRH:0
end_of_record
TN:
SF:src\auth\dto\update-profile.dto.ts
FNF:0
FNH:0
DA:1,0
DA:2,0
DA:4,0
DA:9,0
DA:15,0
DA:27,0
LF:6
LH:0
BRF:0
BRH:0
end_of_record
TN:
SF:src\auth\strategies\jwt.strategy.ts
FN:11,(anonymous_4)
FN:23,(anonymous_5)
FNF:2
FNH:0
FNDA:0,(anonymous_4)
FNDA:0,(anonymous_5)
DA:1,0
DA:2,0
DA:3,0
DA:4,0
DA:5,0
DA:6,0
DA:7,0
DA:10,0
DA:14,0
DA:16,0
DA:24,0
DA:28,0
DA:29,0
DA:32,0
DA:33,0
DA:36,0
LF:16
LH:0
BRDA:19,0,0,0
BRDA:19,0,1,0
BRDA:28,1,0,0
BRDA:28,1,1,0
BRDA:32,2,0,0
BRDA:32,2,1,0
BRF:6
BRH:0
end_of_record
TN:
SF:src\auth\utils\password.util.ts
FN:5,(anonymous_1)
FN:8,(anonymous_2)
FN:12,(anonymous_3)
FN:16,(anonymous_4)
FNF:4
FNH:0
FNDA:0,(anonymous_1)
FNDA:0,(anonymous_2)
FNDA:0,(anonymous_3)
FNDA:0,(anonymous_4)
DA:1,1
DA:2,1
DA:5,1
DA:6,0
DA:9,0
DA:13,0
DA:18,0
DA:19,0
DA:20,0
DA:21,0
DA:23,0
LF:11
LH:3
BRDA:16,0,0,0
BRF:1
BRH:0
end_of_record
TN:
SF:src\common\decorators\roles.decorator.ts
FN:4,(anonymous_0)
FNF:1
FNH:0
FNDA:0,(anonymous_0)
DA:1,0
DA:4,0
LF:2
LH:0
BRF:0
BRH:0
end_of_record
TN:
SF:src\common\guards\jwt.guard.ts
FN:6,(anonymous_1)
FNF:1
FNH:0
FNDA:0,(anonymous_1)
DA:1,0
DA:2,0
DA:5,0
DA:7,0
DA:8,0
DA:9,0
DA:11,0
LF:7
LH:0
BRDA:7,0,0,0
BRDA:7,0,1,0
BRDA:7,1,0,0
BRDA:7,1,1,0
BRDA:8,2,0,0
BRDA:8,2,1,0
BRF:6
BRH:0
end_of_record
TN:
SF:src\common\guards\roles.guard.ts
FN:7,(anonymous_2)
FN:9,(anonymous_3)
FN:26,(anonymous_4)
FNF:3
FNH:0
FNDA:0,(anonymous_2)
FNDA:0,(anonymous_3)
FNDA:0,(anonymous_4)
DA:1,0
DA:2,0
DA:6,0
DA:7,0
DA:10,0
DA:15,0
DA:16,0
DA:19,0
DA:20,0
DA:22,0
DA:23,0
DA:26,0
LF:12
LH:0
BRDA:15,0,0,0
BRDA:15,0,1,0
BRDA:22,1,0,0
BRDA:22,1,1,0
BRF:4
BRH:0
end_of_record
TN:
SF:src\database\data-source.ts
FNF:0
FNH:0
DA:1,0
DA:2,0
DA:3,0
DA:4,0
DA:5,0
DA:6,0
DA:7,0
DA:8,0
DA:9,0
DA:10,0
DA:11,0
DA:13,0
DA:36,0
LF:13
LH:0
BRDA:15,0,0,0
BRDA:15,0,1,0
BRDA:16,1,0,0
BRDA:16,1,1,0
BRDA:17,2,0,0
BRDA:17,2,1,0
BRDA:18,3,0,0
BRDA:18,3,1,0
BRDA:19,4,0,0
BRDA:19,4,1,0
BRF:10
BRH:0
end_of_record
TN:
SF:src\database\database.service.ts
FN:8,(anonymous_2)
FN:13,(anonymous_3)
FN:27,(anonymous_4)
FN:62,(anonymous_5)
FN:74,(anonymous_6)
FN:81,(anonymous_7)
FNF:6
FNH:0
FNDA:0,(anonymous_2)
FNDA:0,(anonymous_3)
FNDA:0,(anonymous_4)
FNDA:0,(anonymous_5)
FNDA:0,(anonymous_6)
FNDA:0,(anonymous_7)
DA:1,0
DA:2,0
DA:5,0
DA:6,0
DA:8,0
DA:14,0
DA:15,0
DA:16,0
DA:17,0
DA:19,0
DA:20,0
DA:28,0
DA:29,0
DA:35,0
DA:40,0
DA:41,0
DA:44,0
DA:45,0
DA:49,0
DA:52,0
DA:54,0
DA:55,0
DA:63,0
DA:64,0
DA:66,0
DA:67,0
DA:75,0
DA:82,0
DA:83,0
DA:84,0
LF:30
LH:0
BRDA:82,0,0,0
BRDA:82,0,1,0
BRF:2
BRH:0
end_of_record
TN:
SF:src\database\entities\Alert.entity.ts
FN:16,(anonymous_2)
FN:25,(anonymous_3)
FN:32,(anonymous_4)
FN:115,(anonymous_5)
FN:122,(anonymous_6)
FN:72,(anonymous_7)
FN:72,(anonymous_8)
FN:79,(anonymous_9)
FN:79,(anonymous_10)
FN:89,(anonymous_11)
FN:96,(anonymous_12)
FN:112,(anonymous_13)
FN:112,(anonymous_14)
FNF:13
FNH:3
FNDA:5,(anonymous_2)
FNDA:5,(anonymous_3)
FNDA:5,(anonymous_4)
FNDA:0,(anonymous_5)
FNDA:0,(anonymous_6)
FNDA:0,(anonymous_7)
FNDA:0,(anonymous_8)
FNDA:0,(anonymous_9)
FNDA:0,(anonymous_10)
FNDA:0,(anonymous_11)
FNDA:0,(anonymous_12)
FNDA:0,(anonymous_13)
FNDA:0,(anonymous_14)
DA:1,5
DA:11,5
DA:12,5
DA:13,5
DA:14,5
DA:16,5
DA:17,5
DA:18,5
DA:19,5
DA:20,5
DA:21,5
DA:22,5
DA:25,5
DA:26,5
DA:27,5
DA:28,5
DA:29,5
DA:32,5
DA:33,5
DA:34,5
DA:35,5
DA:36,5
DA:40,5
DA:42,5
DA:48,5
DA:54,5
DA:61,5
DA:64,5
DA:67,5
DA:70,5
DA:72,0
DA:77,5
DA:79,0
DA:84,5
DA:87,5
DA:89,0
DA:91,5
DA:94,5
DA:96,0
DA:98,5
DA:101,5
DA:104,5
DA:107,5
DA:110,5
DA:112,0
DA:113,5
DA:116,0
DA:117,0
DA:119,0
DA:123,0
LF:50
LH:41
BRDA:16,0,0,5
BRDA:16,0,1,5
BRDA:25,1,0,5
BRDA:25,1,1,5
BRDA:32,2,0,5
BRDA:32,2,1,5
BRDA:116,3,0,0
BRDA:116,3,1,0
BRF:8
BRH:6
end_of_record
TN:
SF:src\database\entities\Maintenance.entity.ts
FN:13,(anonymous_2)
FN:22,(anonymous_3)
FN:30,(anonymous_4)
FN:133,(anonymous_5)
FN:140,(anonymous_6)
FN:74,(anonymous_7)
FN:74,(anonymous_8)
FN:98,(anonymous_9)
FN:98,(anonymous_10)
FN:105,(anonymous_11)
FN:105,(anonymous_12)
FNF:11
FNH:3
FNDA:5,(anonymous_2)
FNDA:5,(anonymous_3)
FNDA:5,(anonymous_4)
FNDA:0,(anonymous_5)
FNDA:0,(anonymous_6)
FNDA:0,(anonymous_7)
FNDA:0,(anonymous_8)
FNDA:0,(anonymous_9)
FNDA:0,(anonymous_10)
FNDA:0,(anonymous_11)
FNDA:0,(anonymous_12)
DA:1,5
DA:10,5
DA:11,5
DA:13,5
DA:14,5
DA:15,5
DA:16,5
DA:17,5
DA:18,5
DA:19,5
DA:22,5
DA:23,5
DA:24,5
DA:25,5
DA:26,5
DA:27,5
DA:30,5
DA:31,5
DA:32,5
DA:33,5
DA:34,5
DA:38,5
DA:40,5
DA:43,5
DA:49,5
DA:56,5
DA:63,5
DA:66,5
DA:69,5
DA:72,5
DA:74,0
DA:78,5
DA:81,5
DA:84,5
DA:87,5
DA:90,5
DA:93,5
DA:96,5
DA:98,0
DA:103,5
DA:105,0
DA:110,5
DA:113,5
DA:116,5
DA:119,5
DA:122,5
DA:125,5
DA:128,5
DA:131,5
DA:134,0
DA:135,0
DA:137,0
DA:141,0
DA:142,0
DA:144,0
LF:55
LH:46
BRDA:13,0,0,5
BRDA:13,0,1,5
BRDA:22,1,0,5
BRDA:22,1,1,5
BRDA:30,2,0,5
BRDA:30,2,1,5
BRDA:134,3,0,0
BRDA:134,3,1,0
BRDA:134,4,0,0
BRDA:134,4,1,0
BRDA:141,5,0,0
BRDA:141,5,1,0
BRDA:141,6,0,0
BRDA:141,6,1,0
BRF:14
BRH:6
end_of_record
TN:
SF:src\database\entities\Notification.entity.ts
FN:13,(anonymous_2)
FN:20,(anonymous_3)
FN:27,(anonymous_4)
FN:106,(anonymous_5)
FN:110,(anonymous_6)
FN:68,(anonymous_7)
FN:72,(anonymous_8)
FN:72,(anonymous_9)
FNF:8
FNH:3
FNDA:5,(anonymous_2)
FNDA:5,(anonymous_3)
FNDA:5,(anonymous_4)
FNDA:0,(anonymous_5)
FNDA:0,(anonymous_6)
FNDA:0,(anonymous_7)
FNDA:0,(anonymous_8)
FNDA:0,(anonymous_9)
DA:1,5
DA:10,5
DA:11,5
DA:13,5
DA:14,5
DA:15,5
DA:16,5
DA:17,5
DA:20,5
DA:21,5
DA:22,5
DA:23,5
DA:24,5
DA:27,5
DA:28,5
DA:29,5
DA:30,5
DA:31,5
DA:32,5
DA:36,5
DA:38,5
DA:44,5
DA:50,5
DA:57,5
DA:60,5
DA:63,5
DA:66,5
DA:68,0
DA:70,5
DA:72,0
DA:77,5
DA:80,5
DA:83,5
DA:86,5
DA:89,5
DA:92,5
DA:95,5
DA:98,5
DA:101,5
DA:104,5
DA:107,0
DA:111,0
LF:42
LH:38
BRDA:13,0,0,5
BRDA:13,0,1,5
BRDA:20,1,0,5
BRDA:20,1,1,5
BRDA:27,2,0,5
BRDA:27,2,1,5
BRF:6
BRH:6
end_of_record
TN:
SF:src\database\entities\Sensor.entity.ts
FN:15,(anonymous_2)
FN:26,(anonymous_3)
FN:100,(anonymous_4)
FN:104,(anonymous_5)
FN:78,(anonymous_6)
FN:78,(anonymous_7)
FN:82,(anonymous_8)
FN:82,(anonymous_9)
FN:85,(anonymous_10)
FN:85,(anonymous_11)
FNF:10
FNH:2
FNDA:5,(anonymous_2)
FNDA:5,(anonymous_3)
FNDA:0,(anonymous_4)
FNDA:0,(anonymous_5)
FNDA:0,(anonymous_6)
FNDA:0,(anonymous_7)
FNDA:0,(anonymous_8)
FNDA:0,(anonymous_9)
FNDA:0,(anonymous_10)
FNDA:0,(anonymous_11)
DA:1,5
DA:11,5
DA:12,5
DA:13,5
DA:15,5
DA:16,5
DA:17,5
DA:18,5
DA:19,5
DA:20,5
DA:21,5
DA:22,5
DA:23,5
DA:26,5
DA:27,5
DA:28,5
DA:29,5
DA:30,5
DA:34,5
DA:36,5
DA:39,5
DA:45,5
DA:48,5
DA:51,5
DA:54,5
DA:57,5
DA:60,5
DA:63,5
DA:70,5
DA:73,5
DA:76,5
DA:78,0
DA:80,5
DA:82,0
DA:83,5
DA:85,0
DA:86,5
DA:89,5
DA:92,5
DA:95,5
DA:98,5
DA:101,0
DA:105,0
DA:106,0
DA:107,0
DA:108,0
LF:46
LH:38
BRDA:15,0,0,5
BRDA:15,0,1,5
BRDA:26,1,0,5
BRDA:26,1,1,5
BRDA:101,2,0,0
BRDA:101,2,1,0
BRDA:105,3,0,0
BRDA:105,3,1,0
BRDA:106,4,0,0
BRDA:106,4,1,0
BRDA:106,5,0,0
BRDA:106,5,1,0
BRDA:107,6,0,0
BRDA:107,6,1,0
BRDA:107,7,0,0
BRDA:107,7,1,0
BRF:16
BRH:4
end_of_record
TN:
SF:src\database\entities\SensorData.entity.ts
FN:27,(anonymous_2)
FN:27,(anonymous_3)
FNF:2
FNH:0
FNDA:0,(anonymous_2)
FNDA:0,(anonymous_3)
DA:1,5
DA:10,5
DA:14,5
DA:16,5
DA:19,5
DA:22,5
DA:25,5
DA:27,0
DA:29,5
DA:32,5
DA:35,5
DA:38,5
LF:12
LH:11
BRF:0
BRH:0
end_of_record
TN:
SF:src\database\entities\Station.entity.ts
FN:16,(anonymous_2)
FN:23,(anonymous_3)
FN:98,(anonymous_4)
FN:76,(anonymous_5)
FN:80,(anonymous_6)
FN:80,(anonymous_7)
FN:83,(anonymous_8)
FN:83,(anonymous_9)
FN:86,(anonymous_10)
FN:86,(anonymous_11)
FNF:10
FNH:2
FNDA:5,(anonymous_2)
FNDA:5,(anonymous_3)
FNDA:0,(anonymous_4)
FNDA:0,(anonymous_5)
FNDA:0,(anonymous_6)
FNDA:0,(anonymous_7)
FNDA:0,(anonymous_8)
FNDA:0,(anonymous_9)
FNDA:0,(anonymous_10)
FNDA:0,(anonymous_11)
DA:1,5
DA:11,5
DA:12,5
DA:13,5
DA:14,5
DA:16,5
DA:17,5
DA:18,5
DA:19,5
DA:20,5
DA:23,5
DA:24,5
DA:25,5
DA:26,5
DA:27,5
DA:31,5
DA:33,5
DA:36,5
DA:39,5
DA:42,5
DA:45,5
DA:48,5
DA:51,5
DA:58,5
DA:65,5
DA:68,5
DA:71,5
DA:74,5
DA:76,0
DA:78,5
DA:80,0
DA:81,5
DA:83,0
DA:84,5
DA:86,0
DA:87,5
DA:90,5
DA:93,5
DA:96,5
DA:99,0
DA:105,0
LF:41
LH:35
BRDA:16,0,0,5
BRDA:16,0,1,5
BRDA:23,1,0,5
BRDA:23,1,1,5
BRF:4
BRH:4
end_of_record
TN:
SF:src\database\entities\User.entity.ts
FN:10,(anonymous_2)
FN:62,(anonymous_3)
FNF:2
FNH:1
FNDA:7,(anonymous_2)
FNDA:0,(anonymous_3)
DA:1,7
DA:10,7
DA:11,7
DA:12,7
DA:13,7
DA:14,7
DA:18,7
DA:20,7
DA:23,7
DA:26,7
DA:29,7
DA:32,7
DA:39,7
DA:42,7
DA:45,7
DA:48,7
DA:51,7
DA:54,7
DA:57,7
DA:60,7
DA:63,0
LF:21
LH:20
BRDA:10,0,0,7
BRDA:10,0,1,7
BRF:2
BRH:2
end_of_record
TN:
SF:src\database\entities\Workflow.entity.ts
FN:14,(anonymous_2)
FN:21,(anonymous_3)
FN:102,(anonymous_4)
FN:76,(anonymous_5)
FN:76,(anonymous_6)
FN:83,(anonymous_7)
FN:99,(anonymous_8)
FN:99,(anonymous_9)
FNF:8
FNH:2
FNDA:1,(anonymous_2)
FNDA:1,(anonymous_3)
FNDA:0,(anonymous_4)
FNDA:0,(anonymous_5)
FNDA:0,(anonymous_6)
FNDA:0,(anonymous_7)
FNDA:0,(anonymous_8)
FNDA:0,(anonymous_9)
DA:1,1
DA:11,1
DA:12,1
DA:14,1
DA:15,1
DA:16,1
DA:17,1
DA:18,1
DA:21,1
DA:22,1
DA:23,1
DA:24,1
DA:25,1
DA:26,1
DA:27,1
DA:31,1
DA:33,1
DA:36,1
DA:39,1
DA:46,1
DA:53,1
DA:56,1
DA:59,1
DA:62,1
DA:65,1
DA:68,1
DA:71,1
DA:74,1
DA:76,0
DA:81,1
DA:83,0
DA:85,1
DA:88,1
DA:91,1
DA:94,1
DA:97,1
DA:99,0
DA:100,1
DA:103,0
LF:39
LH:35
BRDA:14,0,0,1
BRDA:14,0,1,1
BRDA:21,1,0,1
BRDA:21,1,1,1
BRDA:103,2,0,0
BRDA:103,2,1,0
BRF:6
BRH:4
end_of_record
TN:
SF:src\database\entities\WorkflowExecution.entity.ts
FN:13,(anonymous_2)
FN:88,(anonymous_3)
FN:92,(anonymous_4)
FN:96,(anonymous_5)
FN:26,(anonymous_6)
FN:26,(anonymous_7)
FN:48,(anonymous_8)
FNF:7
FNH:1
FNDA:1,(anonymous_2)
FNDA:0,(anonymous_3)
FNDA:0,(anonymous_4)
FNDA:0,(anonymous_5)
FNDA:0,(anonymous_6)
FNDA:0,(anonymous_7)
FNDA:0,(anonymous_8)
DA:1,1
DA:10,1
DA:11,1
DA:13,1
DA:14,1
DA:15,1
DA:16,1
DA:17,1
DA:18,1
DA:22,1
DA:24,1
DA:26,0
DA:30,1
DA:37,1
DA:40,1
DA:43,1
DA:46,1
DA:48,0
DA:50,1
DA:53,1
DA:56,1
DA:59,1
DA:62,1
DA:65,1
DA:68,1
DA:71,1
DA:74,1
DA:77,1
DA:80,1
DA:83,1
DA:86,1
DA:89,0
DA:93,0
DA:97,0
LF:34
LH:29
BRDA:13,0,0,1
BRDA:13,0,1,1
BRDA:93,1,0,0
BRDA:93,1,1,0
BRDA:97,2,0,0
BRDA:97,2,1,0
BRF:6
BRH:2
end_of_record
TN:
SF:src\database\migrations\1778543154417-InitialSchema.ts
FN:3,(anonymous_0)
FN:6,(anonymous_1)
FN:52,(anonymous_2)
FNF:3
FNH:0
FNDA:0,(anonymous_0)
FNDA:0,(anonymous_1)
FNDA:0,(anonymous_2)
DA:3,0
DA:4,0
DA:7,0
DA:8,0
DA:9,0
DA:10,0
DA:11,0
DA:12,0
DA:13,0
DA:14,0
DA:15,0
DA:16,0
DA:17,0
DA:18,0
DA:19,0
DA:20,0
DA:21,0
DA:22,0
DA:23,0
DA:24,0
DA:25,0
DA:26,0
DA:27,0
DA:28,0
DA:29,0
DA:30,0
DA:31,0
DA:32,0
DA:33,0
DA:34,0
DA:35,0
DA:36,0
DA:37,0
DA:38,0
DA:39,0
DA:40,0
DA:41,0
DA:42,0
DA:43,0
DA:44,0
DA:45,0
DA:46,0
DA:47,0
DA:48,0
DA:49,0
DA:53,0
DA:54,0
DA:55,0
DA:56,0
DA:57,0
DA:58,0
DA:59,0
DA:60,0
DA:61,0
DA:62,0
DA:63,0
DA:64,0
DA:65,0
DA:66,0
DA:67,0
DA:68,0
DA:69,0
DA:70,0
DA:71,0
DA:72,0
DA:73,0
DA:74,0
DA:75,0
DA:76,0
DA:77,0
DA:78,0
DA:79,0
DA:80,0
DA:81,0
DA:82,0
DA:83,0
DA:84,0
DA:85,0
DA:86,0
DA:87,0
DA:88,0
DA:89,0
DA:90,0
DA:91,0
DA:92,0
DA:93,0
DA:94,0
DA:95,0
LF:88
LH:0
BRF:0
BRH:0
end_of_record
TN:
SF:src\database\seeds\seed.ts
FN:172,upsertUsers
FN:199,upsertStations
FN:231,upsertSensors
FN:287,replaceSensorHistory
FN:291,(anonymous_4)
FN:331,replaceAlerts
FN:336,(anonymous_6)
FN:341,(anonymous_7)
FN:391,(anonymous_8)
FN:417,replaceMaintenance
FN:423,(anonymous_10)
FN:492,(anonymous_11)
FN:493,(anonymous_12)
FN:507,round
FN:511,hashCode
FN:512,(anonymous_15)
FN:517,seed
FN:528,(anonymous_17)
FN:530,(anonymous_18)
FN:535,(anonymous_19)
FN:545,(anonymous_20)
FN:554,(anonymous_21)
FN:558,(anonymous_22)
FNF:23
FNH:0
FNDA:0,upsertUsers
FNDA:0,upsertStations
FNDA:0,upsertSensors
FNDA:0,replaceSensorHistory
FNDA:0,(anonymous_4)
FNDA:0,replaceAlerts
FNDA:0,(anonymous_6)
FNDA:0,(anonymous_7)
FNDA:0,(anonymous_8)
FNDA:0,replaceMaintenance
FNDA:0,(anonymous_10)
FNDA:0,(anonymous_11)
FNDA:0,(anonymous_12)
FNDA:0,round
FNDA:0,hashCode
FNDA:0,(anonymous_15)
FNDA:0,seed
FNDA:0,(anonymous_17)
FNDA:0,(anonymous_18)
FNDA:0,(anonymous_19)
FNDA:0,(anonymous_20)
FNDA:0,(anonymous_21)
FNDA:0,(anonymous_22)
DA:1,0
DA:2,0
DA:3,0
DA:4,0
DA:10,0
DA:16,0
DA:17,0
DA:18,0
DA:23,0
DA:28,0
DA:29,0
DA:30,0
DA:32,0
DA:34,0
DA:55,0
DA:86,0
DA:154,0
DA:173,0
DA:175,0
DA:176,0
DA:180,0
DA:181,0
DA:187,0
DA:188,0
DA:189,0
DA:190,0
DA:193,0
DA:196,0
DA:203,0
DA:205,0
DA:206,0
DA:210,0
DA:211,0
DA:214,0
DA:225,0
DA:228,0
DA:235,0
DA:237,0
DA:249,0
DA:250,0
DA:252,0
DA:257,0
DA:258,0
DA:261,0
DA:281,0
DA:284,0
DA:291,0
DA:292,0
DA:294,0
DA:296,0
DA:297,0
DA:299,0
DA:300,0
DA:301,0
DA:303,0
DA:304,0
DA:305,0
DA:306,0
DA:308,0
DA:312,0
DA:328,0
DA:336,0
DA:337,0
DA:338,0
DA:341,0
DA:342,0
DA:390,0
DA:392,0
DA:393,0
DA:395,0
DA:414,0
DA:423,0
DA:424,0
DA:425,0
DA:428,0
DA:429,0
DA:490,0
DA:492,0
DA:494,0
DA:508,0
DA:512,0
DA:513,0
DA:518,0
DA:520,0
DA:521,0
DA:522,0
DA:523,0
DA:524,0
DA:525,0
DA:527,0
DA:528,0
DA:530,0
DA:532,0
DA:533,0
DA:534,0
DA:535,0
DA:539,0
DA:540,0
DA:541,0
DA:543,0
DA:544,0
DA:545,0
DA:546,0
DA:548,0
DA:549,0
DA:550,0
DA:553,0
DA:555,0
DA:556,0
DA:559,0
DA:560,0
LF:111
LH:0
BRDA:36,0,0,0
BRDA:36,0,1,0
BRDA:37,1,0,0
BRDA:37,1,1,0
BRDA:38,2,0,0
BRDA:38,2,1,0
BRDA:39,3,0,0
BRDA:39,3,1,0
BRDA:40,4,0,0
BRDA:40,4,1,0
BRDA:180,5,0,0
BRDA:180,5,1,0
BRDA:210,6,0,0
BRDA:210,6,1,0
BRDA:250,7,0,0
BRDA:250,7,1,0
BRDA:257,8,0,0
BRDA:257,8,1,0
BRDA:269,9,0,0
BRDA:269,9,1,0
BRDA:277,10,0,0
BRDA:277,10,1,0
BRDA:292,11,0,0
BRDA:292,11,1,0
BRDA:300,12,0,0
BRDA:300,12,1,0
BRDA:301,13,0,0
BRDA:301,13,1,0
BRDA:306,14,0,0
BRDA:306,14,1,0
BRDA:308,15,0,0
BRDA:308,15,1,0
BRDA:321,16,0,0
BRDA:321,16,1,0
BRDA:337,17,0,0
BRDA:337,17,1,0
BRDA:393,18,0,0
BRDA:393,18,1,0
BRDA:407,19,0,0
BRDA:407,19,1,0
BRDA:409,20,0,0
BRDA:409,20,1,0
BRDA:424,21,0,0
BRDA:424,21,1,0
BRDA:528,22,0,0
BRDA:528,22,1,0
BRDA:530,23,0,0
BRDA:530,23,1,0
BRDA:559,24,0,0
BRDA:559,24,1,0
BRF:50
BRH:0
end_of_record
TN:
SF:src\execution\engine\execution-context.ts
FN:7,(anonymous_0)
FN:9,(anonymous_1)
FN:13,(anonymous_2)
FN:17,(anonymous_3)
FNF:4
FNH:0
FNDA:0,(anonymous_0)
FNDA:0,(anonymous_1)
FNDA:0,(anonymous_2)
FNDA:0,(anonymous_3)
DA:3,0
DA:4,0
DA:5,0
DA:7,0
DA:10,0
DA:14,0
DA:18,0
LF:7
LH:0
BRDA:7,0,0,0
BRF:1
BRH:0
end_of_record
TN:
SF:src\execution\engine\node-executor.ts
FN:69,(anonymous_4)
FN:94,(anonymous_5)
FN:133,(anonymous_6)
FN:135,(anonymous_7)
FNF:4
FNH:0
FNDA:0,(anonymous_4)
FNDA:0,(anonymous_5)
FNDA:0,(anonymous_6)
FNDA:0,(anonymous_7)
DA:1,0
DA:2,0
DA:3,0
DA:4,0
DA:6,0
DA:7,0
DA:8,0
DA:9,0
DA:10,0
DA:11,0
DA:14,0
DA:15,0
DA:16,0
DA:17,0
DA:18,0
DA:19,0
DA:20,0
DA:21,0
DA:24,0
DA:25,0
DA:26,0
DA:27,0
DA:28,0
DA:31,0
DA:32,0
DA:33,0
DA:34,0
DA:35,0
DA:36,0
DA:41,0
DA:43,0
DA:44,0
DA:45,0
DA:46,0
DA:47,0
DA:48,0
DA:49,0
DA:52,0
DA:53,0
DA:54,0
DA:79,0
DA:80,0
DA:81,0
DA:82,0
DA:83,0
DA:84,0
DA:87,0
DA:88,0
DA:91,0
DA:95,0
DA:98,0
DA:99,0
DA:100,0
DA:101,0
DA:102,0
DA:103,0
DA:104,0
DA:106,0
DA:109,0
DA:110,0
DA:111,0
DA:112,0
DA:113,0
DA:114,0
DA:117,0
DA:118,0
DA:119,0
DA:120,0
DA:121,0
DA:124,0
DA:127,0
DA:129,0
DA:134,0
DA:135,0
DA:136,0
LF:75
LH:0
BRDA:95,0,0,0
BRDA:95,0,1,0
BRDA:95,0,2,0
BRDA:95,0,3,0
BRDA:95,0,4,0
BRDA:95,0,5,0
BRDA:95,0,6,0
BRDA:95,0,7,0
BRDA:95,0,8,0
BRDA:95,0,9,0
BRDA:95,0,10,0
BRDA:95,0,11,0
BRDA:95,0,12,0
BRDA:95,0,13,0
BRDA:95,0,14,0
BRDA:95,0,15,0
BRDA:95,0,16,0
BRDA:95,0,17,0
BRDA:95,0,18,0
BRDA:95,0,19,0
BRDA:95,0,20,0
BRDA:95,0,21,0
BRDA:134,1,0,0
BRDA:134,1,1,0
BRF:24
BRH:0
end_of_record
TN:
SF:src\execution\engine\workflow-runner.ts
FN:9,(anonymous_2)
FN:25,(anonymous_3)
FN:31,(anonymous_4)
FN:34,(anonymous_5)
FN:100,(anonymous_6)
FN:133,(anonymous_7)
FN:134,(anonymous_8)
FN:153,(anonymous_9)
FN:165,(anonymous_10)
FN:172,(anonymous_11)
FNF:10
FNH:0
FNDA:0,(anonymous_2)
FNDA:0,(anonymous_3)
FNDA:0,(anonymous_4)
FNDA:0,(anonymous_5)
FNDA:0,(anonymous_6)
FNDA:0,(anonymous_7)
FNDA:0,(anonymous_8)
FNDA:0,(anonymous_9)
FNDA:0,(anonymous_10)
FNDA:0,(anonymous_11)
DA:1,0
DA:3,0
DA:4,0
DA:5,0
DA:8,0
DA:10,0
DA:11,0
DA:30,0
DA:31,0
DA:32,0
DA:33,0
DA:34,0
DA:35,0
DA:36,0
DA:37,0
DA:40,0
DA:41,0
DA:47,0
DA:48,0
DA:49,0
DA:50,0
DA:51,0
DA:53,0
DA:54,0
DA:59,0
DA:60,0
DA:68,0
DA:69,0
DA:72,0
DA:73,0
DA:81,0
DA:84,0
DA:85,0
DA:88,0
DA:89,0
DA:97,0
DA:99,0
DA:100,0
DA:101,0
DA:102,0
DA:107,0
DA:108,0
DA:113,0
DA:117,0
DA:118,0
DA:125,0
DA:134,0
DA:135,0
DA:136,0
DA:137,0
DA:154,0
DA:160,0
DA:162,0
DA:167,0
DA:168,0
DA:171,0
DA:172,0
LF:57
LH:0
BRDA:27,0,0,0
BRDA:34,1,0,0
BRDA:34,1,1,0
BRDA:40,2,0,0
BRDA:40,2,1,0
BRDA:50,3,0,0
BRDA:50,3,1,0
BRDA:53,4,0,0
BRDA:53,4,1,0
BRDA:54,5,0,0
BRDA:54,5,1,0
BRDA:59,6,0,0
BRDA:59,6,1,0
BRDA:72,7,0,0
BRDA:72,7,1,0
BRDA:78,8,0,0
BRDA:78,8,1,0
BRDA:88,9,0,0
BRDA:88,9,1,0
BRDA:97,10,0,0
BRDA:97,10,1,0
BRDA:99,11,0,0
BRDA:99,11,1,0
BRDA:102,12,0,0
BRDA:102,12,1,0
BRDA:107,13,0,0
BRDA:107,13,1,0
BRDA:110,14,0,0
BRDA:110,14,1,0
BRDA:117,15,0,0
BRDA:117,15,1,0
BRDA:136,16,0,0
BRDA:136,16,1,0
BRDA:154,17,0,0
BRDA:154,17,1,0
BRDA:155,18,0,0
BRDA:155,18,1,0
BRDA:155,18,2,0
BRDA:155,18,3,0
BRDA:167,19,0,0
BRDA:167,19,1,0
BRDA:167,20,0,0
BRDA:167,20,1,0
BRDA:167,20,2,0
BRDA:172,21,0,0
BRDA:172,21,1,0
BRF:46
BRH:0
end_of_record
TN:
SF:src\execution\handlers\action.handler.ts
FN:4,(anonymous_0)
FNF:1
FNH:0
FNDA:0,(anonymous_0)
DA:3,0
DA:5,0
DA:6,0
DA:7,0
DA:9,0
DA:10,0
DA:11,0
DA:12,0
DA:13,0
DA:14,0
DA:16,0
LF:11
LH:0
BRDA:5,0,0,0
BRDA:5,0,1,0
BRDA:6,1,0,0
BRDA:6,1,1,0
BRDA:9,2,0,0
BRDA:9,2,1,0
BRDA:10,3,0,0
BRDA:10,3,1,0
BRDA:11,4,0,0
BRDA:11,4,1,0
BRDA:12,5,0,0
BRDA:12,5,1,0
BRDA:12,6,0,0
BRDA:12,6,1,0
BRDA:13,7,0,0
BRDA:13,7,1,0
BRDA:14,8,0,0
BRDA:14,8,1,0
BRDA:14,9,0,0
BRDA:14,9,1,0
BRF:20
BRH:0
end_of_record
TN:
SF:src\execution\handlers\alert-trigger.handler.ts
FN:6,(anonymous_0)
FN:8,(anonymous_1)
FNF:2
FNH:0
FNDA:0,(anonymous_0)
FNDA:0,(anonymous_1)
DA:1,0
DA:5,0
DA:6,0
DA:9,0
DA:10,0
DA:11,0
DA:12,0
DA:14,0
DA:18,0
DA:22,0
DA:31,0
LF:11
LH:0
BRDA:9,0,0,0
BRDA:9,0,1,0
BRDA:10,1,0,0
BRDA:10,1,1,0
BRDA:11,2,0,0
BRDA:11,2,1,0
BRDA:12,3,0,0
BRDA:12,3,1,0
BRDA:14,4,0,0
BRDA:14,4,1,0
BRDA:18,5,0,0
BRDA:18,5,1,0
BRF:12
BRH:0
end_of_record
TN:
SF:src\execution\handlers\custom-calc.handler.ts
FN:43,(anonymous_0)
FN:50,(anonymous_1)
FN:102,(anonymous_2)
FN:125,(anonymous_3)
FN:136,(anonymous_4)
FN:157,(anonymous_5)
FN:165,(anonymous_6)
FN:175,(anonymous_7)
FN:186,(anonymous_8)
FN:191,(anonymous_9)
FN:206,(anonymous_10)
FN:234,(anonymous_11)
FN:245,(anonymous_12)
FN:279,(anonymous_13)
FN:285,(anonymous_14)
FN:297,(anonymous_15)
FN:320,(anonymous_16)
FN:325,(anonymous_17)
FN:326,(anonymous_18)
FN:330,(anonymous_19)
FN:335,(anonymous_20)
FN:337,(anonymous_21)
FNF:22
FNH:0
FNDA:0,(anonymous_0)
FNDA:0,(anonymous_1)
FNDA:0,(anonymous_2)
FNDA:0,(anonymous_3)
FNDA:0,(anonymous_4)
FNDA:0,(anonymous_5)
FNDA:0,(anonymous_6)
FNDA:0,(anonymous_7)
FNDA:0,(anonymous_8)
FNDA:0,(anonymous_9)
FNDA:0,(anonymous_10)
FNDA:0,(anonymous_11)
FNDA:0,(anonymous_12)
FNDA:0,(anonymous_13)
FNDA:0,(anonymous_14)
FNDA:0,(anonymous_15)
FNDA:0,(anonymous_16)
FNDA:0,(anonymous_17)
FNDA:0,(anonymous_18)
FNDA:0,(anonymous_19)
FNDA:0,(anonymous_20)
FNDA:0,(anonymous_21)
DA:1,0
DA:2,0
DA:22,0
DA:42,0
DA:44,0
DA:45,0
DA:51,0
DA:52,0
DA:53,0
DA:56,0
DA:57,0
DA:58,0
DA:59,0
DA:60,0
DA:63,0
DA:64,0
DA:68,0
DA:71,0
DA:72,0
DA:73,0
DA:74,0
DA:75,0
DA:77,0
DA:78,0
DA:79,0
DA:81,0
DA:85,0
DA:86,0
DA:87,0
DA:89,0
DA:90,0
DA:94,0
DA:96,0
DA:97,0
DA:101,0
DA:102,0
DA:103,0
DA:105,0
DA:116,0
DA:126,0
DA:127,0
DA:129,0
DA:130,0
DA:131,0
DA:142,0
DA:143,0
DA:144,0
DA:145,0
DA:147,0
DA:148,0
DA:150,0
DA:157,0
DA:170,0
DA:173,0
DA:174,0
DA:175,0
DA:181,0
DA:182,0
DA:186,0
DA:187,0
DA:189,0
DA:191,0
DA:192,0
DA:194,0
DA:195,0
DA:196,0
DA:201,0
DA:207,0
DA:208,0
DA:210,0
DA:213,0
DA:214,0
DA:217,0
DA:218,0
DA:219,0
DA:220,0
DA:221,0
DA:222,0
DA:225,0
DA:226,0
DA:227,0
DA:229,0
DA:230,0
DA:235,0
DA:236,0
DA:237,0
DA:238,0
DA:239,0
DA:241,0
DA:249,0
DA:252,0
DA:253,0
DA:255,0
DA:256,0
DA:257,0
DA:259,0
DA:260,0
DA:261,0
DA:262,0
DA:266,0
DA:267,0
DA:269,0
DA:270,0
DA:271,0
DA:275,0
DA:277,0
DA:278,0
DA:279,0
DA:280,0
DA:281,0
DA:284,0
DA:285,0
DA:289,0
DA:292,0
DA:301,0
DA:303,0
DA:304,0
DA:305,0
DA:306,0
DA:307,0
DA:308,0
DA:315,0
DA:321,0
DA:322,0
DA:323,0
DA:324,0
DA:325,0
DA:326,0
DA:331,0
DA:332,0
DA:333,0
DA:334,0
DA:335,0
DA:336,0
DA:337,0
LF:135
LH:0
BRDA:52,0,0,0
BRDA:52,0,1,0
BRDA:53,1,0,0
BRDA:53,1,1,0
BRDA:59,2,0,0
BRDA:59,2,1,0
BRDA:60,3,0,0
BRDA:60,3,1,0
BRDA:63,4,0,0
BRDA:63,4,1,0
BRDA:74,5,0,0
BRDA:74,5,1,0
BRDA:78,6,0,0
BRDA:78,6,1,0
BRDA:85,7,0,0
BRDA:85,7,1,0
BRDA:86,8,0,0
BRDA:86,8,1,0
BRDA:89,9,0,0
BRDA:89,9,1,0
BRDA:96,10,0,0
BRDA:96,10,1,0
BRDA:101,11,0,0
BRDA:101,11,1,0
BRDA:117,12,0,0
BRDA:117,12,1,0
BRDA:126,13,0,0
BRDA:126,13,1,0
BRDA:127,14,0,0
BRDA:127,14,1,0
BRDA:129,15,0,0
BRDA:129,15,1,0
BRDA:130,16,0,0
BRDA:130,16,1,0
BRDA:143,17,0,0
BRDA:143,17,1,0
BRDA:143,18,0,0
BRDA:143,18,1,0
BRDA:144,19,0,0
BRDA:144,19,1,0
BRDA:145,20,0,0
BRDA:145,20,1,0
BRDA:148,21,0,0
BRDA:148,21,1,0
BRDA:173,22,0,0
BRDA:173,22,1,0
BRDA:181,23,0,0
BRDA:181,23,1,0
BRDA:187,24,0,0
BRDA:187,24,1,0
BRDA:195,25,0,0
BRDA:195,25,1,0
BRDA:196,26,0,0
BRDA:196,26,1,0
BRDA:207,27,0,0
BRDA:207,27,1,0
BRDA:208,28,0,0
BRDA:208,28,1,0
BRDA:213,29,0,0
BRDA:213,29,1,0
BRDA:214,30,0,0
BRDA:214,30,1,0
BRDA:221,31,0,0
BRDA:221,31,1,0
BRDA:227,32,0,0
BRDA:227,32,1,0
BRDA:238,33,0,0
BRDA:238,33,1,0
BRDA:257,34,0,0
BRDA:257,34,1,0
BRDA:260,35,0,0
BRDA:260,35,1,0
BRDA:271,36,0,0
BRDA:271,36,1,0
BRDA:278,37,0,0
BRDA:278,37,1,0
BRDA:281,38,0,0
BRDA:281,38,1,0
BRDA:284,39,0,0
BRDA:284,39,1,0
BRDA:306,40,0,0
BRDA:306,40,1,0
BRDA:307,41,0,0
BRDA:307,41,1,0
BRDA:321,42,0,0
BRDA:321,42,1,0
BRDA:322,43,0,0
BRDA:322,43,1,0
BRDA:322,43,2,0
BRDA:322,43,3,0
BRDA:331,44,0,0
BRDA:331,44,1,0
BRDA:332,45,0,0
BRDA:332,45,1,0
BRDA:332,45,2,0
BRDA:332,45,3,0
BRDA:332,45,4,0
BRF:97
BRH:0
end_of_record
TN:
SF:src\execution\handlers\data-aggregate.handler.ts
FN:16,(anonymous_0)
FN:18,(anonymous_1)
FN:37,(anonymous_2)
FN:41,(anonymous_3)
FN:42,(anonymous_4)
FN:44,(anonymous_5)
FN:49,(anonymous_6)
FN:68,(anonymous_7)
FN:84,(anonymous_8)
FN:85,(anonymous_9)
FN:87,(anonymous_10)
FN:91,(anonymous_11)
FN:98,(anonymous_12)
FN:99,(anonymous_13)
FN:113,(anonymous_14)
FN:132,(anonymous_15)
FN:140,(anonymous_16)
FN:141,(anonymous_17)
FN:142,(anonymous_18)
FN:143,(anonymous_19)
FN:164,(anonymous_20)
FN:170,(anonymous_21)
FN:182,(anonymous_22)
FN:183,(anonymous_23)
FN:187,(anonymous_24)
FN:187,(anonymous_25)
FN:190,(anonymous_26)
FN:190,(anonymous_27)
FN:193,(anonymous_28)
FNF:29
FNH:0
FNDA:0,(anonymous_0)
FNDA:0,(anonymous_1)
FNDA:0,(anonymous_2)
FNDA:0,(anonymous_3)
FNDA:0,(anonymous_4)
FNDA:0,(anonymous_5)
FNDA:0,(anonymous_6)
FNDA:0,(anonymous_7)
FNDA:0,(anonymous_8)
FNDA:0,(anonymous_9)
FNDA:0,(anonymous_10)
FNDA:0,(anonymous_11)
FNDA:0,(anonymous_12)
FNDA:0,(anonymous_13)
FNDA:0,(anonymous_14)
FNDA:0,(anonymous_15)
FNDA:0,(anonymous_16)
FNDA:0,(anonymous_17)
FNDA:0,(anonymous_18)
FNDA:0,(anonymous_19)
FNDA:0,(anonymous_20)
FNDA:0,(anonymous_21)
FNDA:0,(anonymous_22)
FNDA:0,(anonymous_23)
FNDA:0,(anonymous_24)
FNDA:0,(anonymous_25)
FNDA:0,(anonymous_26)
FNDA:0,(anonymous_27)
FNDA:0,(anonymous_28)
DA:15,0
DA:16,0
DA:19,0
DA:21,0
DA:22,0
DA:23,0
DA:24,0
DA:25,0
DA:26,0
DA:27,0
DA:28,0
DA:31,0
DA:38,0
DA:39,0
DA:41,0
DA:42,0
DA:43,0
DA:44,0
DA:45,0
DA:46,0
DA:49,0
DA:50,0
DA:51,0
DA:53,0
DA:69,0
DA:70,0
DA:72,0
DA:74,0
DA:79,0
DA:81,0
DA:83,0
DA:84,0
DA:85,0
DA:87,0
DA:88,0
DA:91,0
DA:94,0
DA:98,0
DA:99,0
DA:114,0
DA:115,0
DA:116,0
DA:117,0
DA:119,0
DA:133,0
DA:134,0
DA:136,0
DA:137,0
DA:139,0
DA:140,0
DA:141,0
DA:142,0
DA:143,0
DA:145,0
DA:146,0
DA:147,0
DA:150,0
DA:151,0
DA:152,0
DA:154,0
DA:165,0
DA:166,0
DA:168,0
DA:169,0
DA:170,0
DA:172,0
DA:183,0
DA:184,0
DA:185,0
DA:186,0
DA:187,0
DA:189,0
DA:190,0
DA:192,0
DA:193,0
DA:196,0
LF:76
LH:0
BRDA:19,0,0,0
BRDA:19,0,1,0
BRDA:22,1,0,0
BRDA:22,1,1,0
BRDA:22,1,2,0
BRDA:22,1,3,0
BRDA:22,1,4,0
BRDA:22,1,5,0
BRDA:31,2,0,0
BRDA:31,2,1,0
BRDA:39,3,0,0
BRDA:39,3,1,0
BRDA:46,4,0,0
BRDA:46,4,1,0
BRDA:69,5,0,0
BRDA:69,5,1,0
BRDA:70,6,0,0
BRDA:70,6,1,0
BRDA:72,7,0,0
BRDA:72,7,1,0
BRDA:79,8,0,0
BRDA:79,8,1,0
BRDA:88,9,0,0
BRDA:88,9,1,0
BRDA:102,10,0,0
BRDA:102,10,1,0
BRDA:114,11,0,0
BRDA:114,11,1,0
BRDA:116,12,0,0
BRDA:116,12,1,0
BRDA:117,13,0,0
BRDA:117,13,1,0
BRDA:124,14,0,0
BRDA:124,14,1,0
BRDA:134,15,0,0
BRDA:134,15,1,0
BRDA:136,16,0,0
BRDA:136,16,1,0
BRDA:146,17,0,0
BRDA:146,17,1,0
BRDA:150,18,0,0
BRDA:150,18,1,0
BRDA:151,19,0,0
BRDA:151,19,1,0
BRDA:166,20,0,0
BRDA:166,20,1,0
BRDA:168,21,0,0
BRDA:168,21,1,0
BRDA:183,22,0,0
BRDA:183,22,1,0
BRDA:184,23,0,0
BRDA:184,23,1,0
BRDA:184,24,0,0
BRDA:184,24,1,0
BRDA:186,25,0,0
BRDA:186,25,1,0
BRDA:189,26,0,0
BRDA:189,26,1,0
BRDA:192,27,0,0
BRDA:192,27,1,0
BRDA:196,28,0,0
BRDA:196,28,1,0
BRF:62
BRH:0
end_of_record
TN:
SF:src\execution\handlers\data-output.handler.ts
FN:16,(anonymous_0)
FN:21,(anonymous_1)
FN:41,(anonymous_2)
FN:68,(anonymous_3)
FN:73,(anonymous_4)
FN:77,(anonymous_5)
FN:83,(anonymous_6)
FN:99,(anonymous_7)
FN:104,(anonymous_8)
FN:110,(anonymous_9)
FN:112,(anonymous_10)
FN:128,(anonymous_11)
FN:160,(anonymous_12)
FN:170,(anonymous_13)
FNF:14
FNH:0
FNDA:0,(anonymous_0)
FNDA:0,(anonymous_1)
FNDA:0,(anonymous_2)
FNDA:0,(anonymous_3)
FNDA:0,(anonymous_4)
FNDA:0,(anonymous_5)
FNDA:0,(anonymous_6)
FNDA:0,(anonymous_7)
FNDA:0,(anonymous_8)
FNDA:0,(anonymous_9)
FNDA:0,(anonymous_10)
FNDA:0,(anonymous_11)
FNDA:0,(anonymous_12)
FNDA:0,(anonymous_13)
DA:15,0
DA:17,0
DA:18,0
DA:22,0
DA:24,0
DA:25,0
DA:26,0
DA:27,0
DA:28,0
DA:29,0
DA:30,0
DA:33,0
DA:42,0
DA:43,0
DA:45,0
DA:46,0
DA:48,0
DA:49,0
DA:51,0
DA:52,0
DA:53,0
DA:54,0
DA:57,0
DA:58,0
DA:59,0
DA:61,0
DA:63,0
DA:69,0
DA:70,0
DA:72,0
DA:73,0
DA:74,0
DA:75,0
DA:76,0
DA:77,0
DA:79,0
DA:83,0
DA:86,0
DA:94,0
DA:100,0
DA:101,0
DA:102,0
DA:104,0
DA:105,0
DA:107,0
DA:108,0
DA:110,0
DA:111,0
DA:112,0
DA:113,0
DA:114,0
DA:115,0
DA:116,0
DA:118,0
DA:121,0
DA:129,0
DA:130,0
DA:132,0
DA:134,0
DA:138,0
DA:140,0
DA:161,0
DA:162,0
DA:163,0
DA:164,0
DA:165,0
DA:167,0
DA:171,0
DA:172,0
DA:173,0
DA:174,0
DA:175,0
DA:176,0
DA:177,0
DA:179,0
LF:75
LH:0
BRDA:22,0,0,0
BRDA:22,0,1,0
BRDA:25,1,0,0
BRDA:25,1,1,0
BRDA:25,1,2,0
BRDA:25,1,3,0
BRDA:25,1,4,0
BRDA:33,2,0,0
BRDA:33,2,1,0
BRDA:42,3,0,0
BRDA:42,3,1,0
BRDA:43,4,0,0
BRDA:43,4,1,0
BRDA:46,5,0,0
BRDA:46,5,1,0
BRDA:49,6,0,0
BRDA:49,6,1,0
BRDA:51,7,0,0
BRDA:51,7,1,0
BRDA:53,8,0,0
BRDA:53,8,1,0
BRDA:69,9,0,0
BRDA:69,9,1,0
BRDA:70,10,0,0
BRDA:70,10,1,0
BRDA:74,11,0,0
BRDA:74,11,1,0
BRDA:76,12,0,0
BRDA:76,12,1,0
BRDA:76,12,2,0
BRDA:79,13,0,0
BRDA:79,13,1,0
BRDA:79,14,0,0
BRDA:79,14,1,0
BRDA:91,15,0,0
BRDA:91,15,1,0
BRDA:100,16,0,0
BRDA:100,16,1,0
BRDA:101,17,0,0
BRDA:101,17,1,0
BRDA:102,18,0,0
BRDA:102,18,1,0
BRDA:108,19,0,0
BRDA:108,19,1,0
BRDA:111,20,0,0
BRDA:111,20,1,0
BRDA:111,21,0,0
BRDA:111,21,1,0
BRDA:114,22,0,0
BRDA:114,22,1,0
BRDA:114,23,0,0
BRDA:114,23,1,0
BRDA:116,24,0,0
BRDA:116,24,1,0
BRDA:129,25,0,0
BRDA:129,25,1,0
BRDA:129,26,0,0
BRDA:129,26,1,0
BRDA:130,27,0,0
BRDA:130,27,1,0
BRDA:130,27,2,0
BRDA:132,28,0,0
BRDA:132,28,1,0
BRDA:138,29,0,0
BRDA:138,29,1,0
BRDA:142,30,0,0
BRDA:142,30,1,0
BRDA:150,31,0,0
BRDA:150,31,1,0
BRDA:151,32,0,0
BRDA:151,32,1,0
BRDA:161,33,0,0
BRDA:161,33,1,0
BRDA:162,34,0,0
BRDA:162,34,1,0
BRDA:162,35,0,0
BRDA:162,35,1,0
BRDA:164,36,0,0
BRDA:164,36,1,0
BRDA:164,36,2,0
BRDA:165,37,0,0
BRDA:165,37,1,0
BRDA:171,38,0,0
BRDA:171,38,1,0
BRDA:172,39,0,0
BRDA:172,39,1,0
BRDA:172,40,0,0
BRDA:172,40,1,0
BRDA:174,41,0,0
BRDA:174,41,1,0
BRDA:175,42,0,0
BRDA:175,42,1,0
BRDA:176,43,0,0
BRDA:176,43,1,0
BRDA:177,44,0,0
BRDA:177,44,1,0
BRF:96
BRH:0
end_of_record
TN:
SF:src\execution\handlers\data-transform.handler.ts
FN:26,(anonymous_0)
FN:42,(anonymous_1)
FNF:2
FNH:0
FNDA:0,(anonymous_0)
FNDA:0,(anonymous_1)
DA:25,0
DA:27,0
DA:28,0
DA:29,0
DA:31,0
DA:32,0
DA:33,0
DA:35,0
DA:51,0
DA:55,0
DA:58,0
DA:59,0
DA:63,0
DA:64,0
DA:68,0
DA:69,0
DA:70,0
DA:71,0
DA:76,0
DA:79,0
DA:83,0
DA:86,0
DA:90,0
LF:23
LH:0
BRDA:27,0,0,0
BRDA:27,0,1,0
BRDA:28,1,0,0
BRDA:28,1,1,0
BRDA:36,2,0,0
BRDA:36,2,1,0
BRDA:51,3,0,0
BRDA:51,3,1,0
BRDA:51,4,0,0
BRDA:51,4,1,0
BRDA:55,5,0,0
BRDA:55,5,1,0
BRDA:55,5,2,0
BRDA:55,5,3,0
BRDA:55,5,4,0
BRDA:55,5,5,0
BRDA:55,5,6,0
BRDA:55,5,7,0
BRDA:58,6,0,0
BRDA:58,6,1,0
BRDA:63,7,0,0
BRDA:63,7,1,0
BRDA:68,8,0,0
BRDA:68,8,1,0
BRF:24
BRH:0
end_of_record
TN:
SF:src\execution\handlers\decision.handler.ts
FN:4,(anonymous_0)
FNF:1
FNH:0
FNDA:0,(anonymous_0)
DA:3,0
DA:5,0
DA:6,0
DA:7,0
DA:10,0
DA:18,0
LF:6
LH:0
BRDA:6,0,0,0
BRDA:6,0,1,0
BRDA:7,1,0,0
BRDA:7,1,1,0
BRDA:10,2,0,0
BRDA:10,2,1,0
BRDA:11,3,0,0
BRDA:11,3,1,0
BRDA:12,4,0,0
BRDA:12,4,1,0
BRDA:13,5,0,0
BRDA:13,5,1,0
BRDA:14,6,0,0
BRDA:14,6,1,0
BRDA:15,7,0,0
BRDA:15,7,1,0
BRDA:18,8,0,0
BRDA:18,8,1,0
BRF:18
BRH:0
end_of_record
TN:
SF:src\execution\handlers\http-request.handler.ts
FN:4,(anonymous_0)
FNF:1
FNH:0
FNDA:0,(anonymous_0)
DA:3,0
DA:5,0
DA:6,0
DA:8,0
DA:9,0
DA:12,0
DA:13,0
DA:14,0
DA:15,0
DA:20,0
DA:21,0
DA:22,0
DA:28,0
DA:32,0
DA:34,0
DA:35,0
DA:41,0
DA:42,0
DA:43,0
DA:44,0
DA:49,0
DA:62,0
LF:22
LH:0
BRDA:5,0,0,0
BRDA:5,0,1,0
BRDA:6,1,0,0
BRDA:6,1,1,0
BRDA:8,2,0,0
BRDA:8,2,1,0
BRDA:14,3,0,0
BRDA:14,3,1,0
BRDA:22,4,0,0
BRDA:22,4,1,0
BRDA:28,5,0,0
BRDA:28,5,1,0
BRDA:28,6,0,0
BRDA:28,6,1,0
BRDA:38,7,0,0
BRDA:38,7,1,0
BRDA:59,8,0,0
BRDA:59,8,1,0
BRDA:64,9,0,0
BRDA:64,9,1,0
BRF:20
BRH:0
end_of_record
TN:
SF:src\execution\handlers\input.handler.ts
FN:5,(anonymous_0)
FNF:1
FNH:0
FNDA:0,(anonymous_0)
DA:4,0
DA:6,0
DA:18,0
DA:19,0
DA:20,0
DA:26,0
LF:6
LH:0
BRDA:6,0,0,0
BRDA:6,0,1,0
BRDA:18,1,0,0
BRDA:18,1,1,0
BRF:4
BRH:0
end_of_record
TN:
SF:src\execution\handlers\mqtt-publish.handler.ts
FN:5,(anonymous_0)
FN:7,(anonymous_1)
FNF:2
FNH:0
FNDA:0,(anonymous_0)
FNDA:0,(anonymous_1)
DA:4,0
DA:5,0
DA:8,0
DA:10,0
DA:11,0
DA:12,0
DA:18,0
DA:22,0
DA:24,0
LF:9
LH:0
BRDA:8,0,0,0
BRDA:8,0,1,0
BRDA:12,1,0,0
BRDA:12,1,1,0
BRDA:18,2,0,0
BRDA:18,2,1,0
BRDA:18,3,0,0
BRDA:18,3,1,0
BRF:8
BRH:0
end_of_record
TN:
SF:src\execution\handlers\notification.handler.ts
FN:12,(anonymous_0)
FN:17,(anonymous_1)
FN:38,(anonymous_2)
FN:63,(anonymous_3)
FNF:4
FNH:0
FNDA:0,(anonymous_0)
FNDA:0,(anonymous_1)
FNDA:0,(anonymous_2)
FNDA:0,(anonymous_3)
DA:3,0
DA:11,0
DA:13,0
DA:14,0
DA:18,0
DA:19,0
DA:20,0
DA:21,0
DA:27,0
DA:28,0
DA:31,0
DA:32,0
DA:35,0
DA:39,0
DA:52,0
DA:60,0
DA:69,0
DA:70,0
DA:71,0
DA:74,0
DA:76,0
DA:77,0
DA:82,0
DA:89,0
LF:24
LH:0
BRDA:18,0,0,0
BRDA:18,0,1,0
BRDA:19,1,0,0
BRDA:19,1,1,0
BRDA:20,2,0,0
BRDA:20,2,1,0
BRDA:20,2,2,0
BRDA:21,3,0,0
BRDA:21,3,1,0
BRDA:27,4,0,0
BRDA:27,4,1,0
BRDA:27,5,0,0
BRDA:27,5,1,0
BRDA:27,5,2,0
BRDA:27,5,3,0
BRDA:31,6,0,0
BRDA:31,6,1,0
BRDA:69,7,0,0
BRDA:69,7,1,0
BRDA:70,8,0,0
BRDA:70,8,1,0
BRDA:92,9,0,0
BRDA:92,9,1,0
BRF:23
BRH:0
end_of_record
TN:
SF:src\execution\handlers\output.handler.ts
FN:4,(anonymous_0)
FNF:1
FNH:0
FNDA:0,(anonymous_0)
DA:3,0
DA:5,0
DA:6,0
DA:7,0
LF:4
LH:0
BRDA:5,0,0,0
BRDA:5,0,1,0
BRDA:6,1,0,0
BRDA:6,1,1,0
BRF:4
BRH:0
end_of_record
TN:
SF:src\execution\handlers\pump-control.handler.ts
FN:5,(anonymous_0)
FN:7,(anonymous_1)
FNF:2
FNH:0
FNDA:0,(anonymous_0)
FNDA:0,(anonymous_1)
DA:4,0
DA:5,0
DA:8,0
DA:9,0
DA:10,0
DA:11,0
DA:13,0
DA:14,0
DA:17,0
DA:24,0
DA:26,0
LF:11
LH:0
BRDA:8,0,0,0
BRDA:8,0,1,0
BRDA:9,1,0,0
BRDA:9,1,1,0
BRDA:10,2,0,0
BRDA:10,2,1,0
BRDA:11,3,0,0
BRDA:11,3,1,0
BRDA:13,4,0,0
BRDA:13,4,1,0
BRF:10
BRH:0
end_of_record
TN:
SF:src\execution\handlers\sensor-check.handler.ts
FN:15,(anonymous_0)
FN:35,(anonymous_1)
FN:55,(anonymous_2)
FN:78,(anonymous_3)
FN:98,(anonymous_4)
FN:108,(anonymous_5)
FN:109,(anonymous_6)
FN:128,(anonymous_7)
FN:142,(anonymous_8)
FN:148,(anonymous_9)
FN:171,(anonymous_10)
FN:181,(anonymous_11)
FN:187,(anonymous_12)
FN:189,(anonymous_13)
FN:195,(anonymous_14)
FN:195,(anonymous_15)
FNF:16
FNH:0
FNDA:0,(anonymous_0)
FNDA:0,(anonymous_1)
FNDA:0,(anonymous_2)
FNDA:0,(anonymous_3)
FNDA:0,(anonymous_4)
FNDA:0,(anonymous_5)
FNDA:0,(anonymous_6)
FNDA:0,(anonymous_7)
FNDA:0,(anonymous_8)
FNDA:0,(anonymous_9)
FNDA:0,(anonymous_10)
FNDA:0,(anonymous_11)
FNDA:0,(anonymous_12)
FNDA:0,(anonymous_13)
FNDA:0,(anonymous_14)
FNDA:0,(anonymous_15)
DA:14,0
DA:16,0
DA:18,0
DA:19,0
DA:20,0
DA:21,0
DA:22,0
DA:23,0
DA:24,0
DA:25,0
DA:26,0
DA:29,0
DA:36,0
DA:37,0
DA:38,0
DA:39,0
DA:42,0
DA:43,0
DA:44,0
DA:45,0
DA:47,0
DA:56,0
DA:57,0
DA:58,0
DA:59,0
DA:61,0
DA:62,0
DA:64,0
DA:65,0
DA:68,0
DA:69,0
DA:70,0
DA:72,0
DA:79,0
DA:80,0
DA:81,0
DA:82,0
DA:84,0
DA:85,0
DA:87,0
DA:91,0
DA:92,0
DA:99,0
DA:100,0
DA:101,0
DA:104,0
DA:105,0
DA:106,0
DA:108,0
DA:109,0
DA:110,0
DA:111,0
DA:112,0
DA:114,0
DA:129,0
DA:130,0
DA:131,0
DA:132,0
DA:134,0
DA:135,0
DA:136,0
DA:137,0
DA:143,0
DA:144,0
DA:145,0
DA:146,0
DA:148,0
DA:149,0
DA:151,0
DA:152,0
DA:153,0
DA:154,0
DA:155,0
DA:157,0
DA:158,0
DA:160,0
DA:172,0
DA:173,0
DA:174,0
DA:175,0
DA:176,0
DA:178,0
DA:182,0
DA:188,0
DA:189,0
DA:191,0
DA:192,0
DA:194,0
DA:195,0
DA:198,0
LF:90
LH:0
BRDA:16,0,0,0
BRDA:16,0,1,0
BRDA:19,1,0,0
BRDA:19,1,1,0
BRDA:19,1,2,0
BRDA:19,1,3,0
BRDA:19,1,4,0
BRDA:19,1,5,0
BRDA:19,1,6,0
BRDA:29,2,0,0
BRDA:29,2,1,0
BRDA:37,3,0,0
BRDA:37,3,1,0
BRDA:38,4,0,0
BRDA:38,4,1,0
BRDA:39,5,0,0
BRDA:39,5,1,0
BRDA:42,6,0,0
BRDA:42,6,1,0
BRDA:43,7,0,0
BRDA:43,7,1,0
BRDA:44,8,0,0
BRDA:44,8,1,0
BRDA:57,9,0,0
BRDA:57,9,1,0
BRDA:57,9,2,0
BRDA:58,10,0,0
BRDA:58,10,1,0
BRDA:59,11,0,0
BRDA:59,11,1,0
BRDA:62,12,0,0
BRDA:62,12,1,0
BRDA:64,13,0,0
BRDA:64,13,1,0
BRDA:65,14,0,0
BRDA:65,14,1,0
BRDA:68,15,0,0
BRDA:68,15,1,0
BRDA:69,16,0,0
BRDA:69,16,1,0
BRDA:80,17,0,0
BRDA:80,17,1,0
BRDA:80,17,2,0
BRDA:81,18,0,0
BRDA:81,18,1,0
BRDA:84,19,0,0
BRDA:84,19,1,0
BRDA:85,20,0,0
BRDA:85,20,1,0
BRDA:87,21,0,0
BRDA:87,21,1,0
BRDA:88,22,0,0
BRDA:88,22,1,0
BRDA:92,23,0,0
BRDA:92,23,1,0
BRDA:100,24,0,0
BRDA:100,24,1,0
BRDA:104,25,0,0
BRDA:104,25,1,0
BRDA:111,26,0,0
BRDA:111,26,1,0
BRDA:112,27,0,0
BRDA:112,27,1,0
BRDA:120,28,0,0
BRDA:120,28,1,0
BRDA:130,29,0,0
BRDA:130,29,1,0
BRDA:130,29,2,0
BRDA:131,30,0,0
BRDA:131,30,1,0
BRDA:131,30,2,0
BRDA:132,31,0,0
BRDA:132,31,1,0
BRDA:135,32,0,0
BRDA:135,32,1,0
BRDA:136,33,0,0
BRDA:136,33,1,0
BRDA:144,34,0,0
BRDA:144,34,1,0
BRDA:145,35,0,0
BRDA:145,35,1,0
BRDA:146,36,0,0
BRDA:146,36,1,0
BRDA:158,37,0,0
BRDA:158,37,1,0
BRDA:165,38,0,0
BRDA:165,38,1,0
BRDA:165,39,0,0
BRDA:165,39,1,0
BRDA:172,40,0,0
BRDA:172,40,1,0
BRDA:173,41,0,0
BRDA:173,41,1,0
BRDA:173,42,0,0
BRDA:173,42,1,0
BRDA:175,43,0,0
BRDA:175,43,1,0
BRDA:176,44,0,0
BRDA:176,44,1,0
BRDA:182,45,0,0
BRDA:182,45,1,0
BRDA:182,46,0,0
BRDA:182,46,1,0
BRDA:188,47,0,0
BRDA:188,47,1,0
BRDA:191,48,0,0
BRDA:191,48,1,0
BRDA:191,49,0,0
BRDA:191,49,1,0
BRDA:194,50,0,0
BRDA:194,50,1,0
BRDA:198,51,0,0
BRDA:198,51,1,0
BRF:113
BRH:0
end_of_record
TN:
SF:src\execution\handlers\sensor-read.handler.ts
FN:17,(anonymous_0)
FN:22,(anonymous_1)
FN:36,(anonymous_2)
FN:59,(anonymous_3)
FN:82,(anonymous_4)
FN:93,(anonymous_5)
FN:107,(anonymous_6)
FN:124,(anonymous_7)
FN:154,(anonymous_8)
FNF:9
FNH:0
FNDA:0,(anonymous_0)
FNDA:0,(anonymous_1)
FNDA:0,(anonymous_2)
FNDA:0,(anonymous_3)
FNDA:0,(anonymous_4)
FNDA:0,(anonymous_5)
FNDA:0,(anonymous_6)
FNDA:0,(anonymous_7)
FNDA:0,(anonymous_8)
DA:16,0
DA:18,0
DA:19,0
DA:23,0
DA:25,0
DA:26,0
DA:27,0
DA:28,0
DA:29,0
DA:30,0
DA:37,0
DA:38,0
DA:40,0
DA:44,0
DA:46,0
DA:60,0
DA:61,0
DA:63,0
DA:64,0
DA:66,0
DA:72,0
DA:74,0
DA:82,0
DA:88,0
DA:94,0
DA:95,0
DA:96,0
DA:98,0
DA:102,0
DA:103,0
DA:105,0
DA:107,0
DA:119,0
DA:125,0
DA:126,0
DA:128,0
DA:130,0
DA:131,0
DA:133,0
DA:134,0
DA:137,0
DA:138,0
DA:142,0
DA:155,0
DA:156,0
DA:158,0
DA:160,0
DA:167,0
DA:168,0
DA:169,0
DA:170,0
DA:172,0
DA:185,0
DA:186,0
DA:187,0
DA:188,0
DA:189,0
DA:191,0
LF:58
LH:0
BRDA:23,0,0,0
BRDA:23,0,1,0
BRDA:25,1,0,0
BRDA:25,1,1,0
BRDA:25,1,2,0
BRDA:25,1,3,0
BRDA:25,1,4,0
BRDA:37,2,0,0
BRDA:37,2,1,0
BRDA:38,3,0,0
BRDA:38,3,1,0
BRDA:44,4,0,0
BRDA:44,4,1,0
BRDA:53,5,0,0
BRDA:53,5,1,0
BRDA:60,6,0,0
BRDA:60,6,1,0
BRDA:61,7,0,0
BRDA:61,7,1,0
BRDA:63,8,0,0
BRDA:63,8,1,0
BRDA:64,9,0,0
BRDA:64,9,1,0
BRDA:72,10,0,0
BRDA:72,10,1,0
BRDA:94,11,0,0
BRDA:94,11,1,0
BRDA:95,12,0,0
BRDA:95,12,1,0
BRDA:96,13,0,0
BRDA:96,13,1,0
BRDA:102,14,0,0
BRDA:102,14,1,0
BRDA:103,15,0,0
BRDA:103,15,1,0
BRDA:111,16,0,0
BRDA:111,16,1,0
BRDA:115,17,0,0
BRDA:115,17,1,0
BRDA:116,18,0,0
BRDA:116,18,1,0
BRDA:125,19,0,0
BRDA:125,19,1,0
BRDA:126,20,0,0
BRDA:126,20,1,0
BRDA:128,21,0,0
BRDA:128,21,1,0
BRDA:131,22,0,0
BRDA:131,22,1,0
BRDA:133,23,0,0
BRDA:133,23,1,0
BRDA:138,24,0,0
BRDA:138,24,1,0
BRDA:138,24,2,0
BRDA:148,25,0,0
BRDA:148,25,1,0
BRDA:155,26,0,0
BRDA:155,26,1,0
BRDA:156,27,0,0
BRDA:156,27,1,0
BRDA:158,28,0,0
BRDA:158,28,1,0
BRDA:167,29,0,0
BRDA:167,29,1,0
BRDA:169,30,0,0
BRDA:169,30,1,0
BRDA:169,31,0,0
BRDA:169,31,1,0
BRDA:188,32,0,0
BRDA:188,32,1,0
BRDA:197,33,0,0
BRDA:197,33,1,0
BRDA:197,34,0,0
BRDA:197,34,1,0
BRDA:200,35,0,0
BRDA:200,35,1,0
BRF:76
BRH:0
end_of_record
TN:
SF:src\execution\handlers\station-control.handler.ts
FN:6,(anonymous_0)
FN:8,(anonymous_1)
FNF:2
FNH:0
FNDA:0,(anonymous_0)
FNDA:0,(anonymous_1)
DA:2,0
DA:5,0
DA:6,0
DA:9,0
DA:10,0
DA:12,0
DA:13,0
DA:16,0
DA:20,0
DA:22,0
LF:10
LH:0
BRDA:9,0,0,0
BRDA:9,0,1,0
BRDA:10,1,0,0
BRDA:10,1,1,0
BRDA:12,2,0,0
BRDA:12,2,1,0
BRDA:16,3,0,0
BRDA:16,3,1,0
BRF:8
BRH:0
end_of_record
TN:
SF:src\execution\handlers\stream-filter.handler.ts
FN:21,(anonymous_0)
FN:41,(anonymous_1)
FN:60,(anonymous_2)
FN:65,(anonymous_3)
FN:81,(anonymous_4)
FN:85,(anonymous_5)
FN:102,(anonymous_6)
FNF:7
FNH:0
FNDA:0,(anonymous_0)
FNDA:0,(anonymous_1)
FNDA:0,(anonymous_2)
FNDA:0,(anonymous_3)
FNDA:0,(anonymous_4)
FNDA:0,(anonymous_5)
FNDA:0,(anonymous_6)
DA:20,0
DA:22,0
DA:24,0
DA:25,0
DA:26,0
DA:27,0
DA:28,0
DA:29,0
DA:30,0
DA:33,0
DA:42,0
DA:44,0
DA:45,0
DA:54,0
DA:61,0
DA:62,0
DA:64,0
DA:65,0
DA:66,0
DA:75,0
DA:82,0
DA:84,0
DA:85,0
DA:86,0
DA:96,0
DA:103,0
DA:104,0
DA:106,0
DA:107,0
DA:108,0
DA:110,0
LF:31
LH:0
BRDA:22,0,0,0
BRDA:22,0,1,0
BRDA:25,1,0,0
BRDA:25,1,1,0
BRDA:25,1,2,0
BRDA:25,1,3,0
BRDA:25,1,4,0
BRDA:33,2,0,0
BRDA:33,2,1,0
BRDA:42,3,0,0
BRDA:42,3,1,0
BRDA:44,4,0,0
BRDA:44,4,1,0
BRDA:44,5,0,0
BRDA:44,5,1,0
BRDA:61,6,0,0
BRDA:61,6,1,0
BRDA:64,7,0,0
BRDA:64,7,1,0
BRDA:82,8,0,0
BRDA:82,8,1,0
BRDA:84,9,0,0
BRDA:84,9,1,0
BRDA:103,10,0,0
BRDA:103,10,1,0
BRDA:104,11,0,0
BRDA:104,11,1,0
BRDA:106,12,0,0
BRDA:106,12,1,0
BRDA:115,13,0,0
BRDA:115,13,1,0
BRDA:116,14,0,0
BRDA:116,14,1,0
BRF:33
BRH:0
end_of_record
TN:
SF:src\execution\handlers\threshold-check.handler.ts
FN:4,(anonymous_0)
FNF:1
FNH:0
FNDA:0,(anonymous_0)
DA:3,0
DA:8,0
DA:13,0
DA:14,0
DA:15,0
DA:16,0
DA:18,0
DA:20,0
DA:21,0
DA:22,0
DA:23,0
DA:24,0
DA:25,0
DA:26,0
DA:29,0
LF:15
LH:0
BRDA:8,0,0,0
BRDA:8,0,1,0
BRDA:8,1,0,0
BRDA:8,1,1,0
BRDA:8,1,2,0
BRDA:14,2,0,0
BRDA:14,2,1,0
BRDA:15,3,0,0
BRDA:15,3,1,0
BRDA:16,4,0,0
BRDA:16,4,1,0
BRDA:20,5,0,0
BRDA:20,5,1,0
BRDA:21,6,0,0
BRDA:21,6,1,0
BRDA:21,7,0,0
BRDA:21,7,1,0
BRDA:22,8,0,0
BRDA:22,8,1,0
BRDA:22,9,0,0
BRDA:22,9,1,0
BRDA:23,10,0,0
BRDA:23,10,1,0
BRDA:24,11,0,0
BRDA:24,11,1,0
BRDA:25,12,0,0
BRDA:25,12,1,0
BRDA:26,13,0,0
BRDA:26,13,1,0
BRDA:36,14,0,0
BRDA:36,14,1,0
BRF:31
BRH:0
end_of_record
TN:
SF:src\execution\handlers\value-transform.handler.ts
FN:8,(anonymous_0)
FN:8,(anonymous_1)
FN:8,(anonymous_2)
FN:9,(anonymous_3)
FN:9,(anonymous_4)
FN:9,(anonymous_5)
FN:10,(anonymous_6)
FN:10,(anonymous_7)
FN:10,(anonymous_8)
FN:12,(anonymous_9)
FN:12,(anonymous_10)
FN:12,(anonymous_11)
FN:12,(anonymous_12)
FN:13,(anonymous_13)
FN:13,(anonymous_14)
FN:13,(anonymous_15)
FN:13,(anonymous_16)
FN:14,(anonymous_17)
FN:14,(anonymous_18)
FN:14,(anonymous_19)
FN:14,(anonymous_20)
FN:15,(anonymous_21)
FN:15,(anonymous_22)
FN:15,(anonymous_23)
FN:15,(anonymous_24)
FN:17,(anonymous_25)
FN:17,(anonymous_26)
FN:17,(anonymous_27)
FN:18,(anonymous_28)
FN:18,(anonymous_29)
FN:18,(anonymous_30)
FN:19,(anonymous_31)
FN:19,(anonymous_32)
FN:19,(anonymous_33)
FN:21,(anonymous_34)
FN:21,(anonymous_35)
FN:21,(anonymous_36)
FN:22,(anonymous_37)
FN:22,(anonymous_38)
FN:22,(anonymous_39)
FN:23,(anonymous_40)
FN:23,(anonymous_41)
FN:23,(anonymous_42)
FN:26,r
FN:42,(anonymous_44)
FN:62,(anonymous_45)
FN:76,(anonymous_46)
FN:88,(anonymous_47)
FN:103,(anonymous_48)
FN:116,(anonymous_49)
FN:133,(anonymous_50)
FNF:51
FNH:0
FNDA:0,(anonymous_0)
FNDA:0,(anonymous_1)
FNDA:0,(anonymous_2)
FNDA:0,(anonymous_3)
FNDA:0,(anonymous_4)
FNDA:0,(anonymous_5)
FNDA:0,(anonymous_6)
FNDA:0,(anonymous_7)
FNDA:0,(anonymous_8)
FNDA:0,(anonymous_9)
FNDA:0,(anonymous_10)
FNDA:0,(anonymous_11)
FNDA:0,(anonymous_12)
FNDA:0,(anonymous_13)
FNDA:0,(anonymous_14)
FNDA:0,(anonymous_15)
FNDA:0,(anonymous_16)
FNDA:0,(anonymous_17)
FNDA:0,(anonymous_18)
FNDA:0,(anonymous_19)
FNDA:0,(anonymous_20)
FNDA:0,(anonymous_21)
FNDA:0,(anonymous_22)
FNDA:0,(anonymous_23)
FNDA:0,(anonymous_24)
FNDA:0,(anonymous_25)
FNDA:0,(anonymous_26)
FNDA:0,(anonymous_27)
FNDA:0,(anonymous_28)
FNDA:0,(anonymous_29)
FNDA:0,(anonymous_30)
FNDA:0,(anonymous_31)
FNDA:0,(anonymous_32)
FNDA:0,(anonymous_33)
FNDA:0,(anonymous_34)
FNDA:0,(anonymous_35)
FNDA:0,(anonymous_36)
FNDA:0,(anonymous_37)
FNDA:0,(anonymous_38)
FNDA:0,(anonymous_39)
FNDA:0,(anonymous_40)
FNDA:0,(anonymous_41)
FNDA:0,(anonymous_42)
FNDA:0,r
FNDA:0,(anonymous_44)
FNDA:0,(anonymous_45)
FNDA:0,(anonymous_46)
FNDA:0,(anonymous_47)
FNDA:0,(anonymous_48)
FNDA:0,(anonymous_49)
FNDA:0,(anonymous_50)
DA:6,0
DA:8,0
DA:9,0
DA:10,0
DA:12,0
DA:13,0
DA:14,0
DA:15,0
DA:17,0
DA:18,0
DA:19,0
DA:21,0
DA:22,0
DA:23,0
DA:27,0
DA:28,0
DA:41,0
DA:43,0
DA:44,0
DA:46,0
DA:47,0
DA:48,0
DA:49,0
DA:50,0
DA:51,0
DA:52,0
DA:53,0
DA:56,0
DA:63,0
DA:64,0
DA:65,0
DA:66,0
DA:68,0
DA:70,0
DA:71,0
DA:77,0
DA:78,0
DA:80,0
DA:81,0
DA:83,0
DA:89,0
DA:90,0
DA:91,0
DA:94,0
DA:98,0
DA:104,0
DA:105,0
DA:107,0
DA:108,0
DA:109,0
DA:111,0
DA:117,0
DA:118,0
DA:119,0
DA:121,0
DA:125,0
DA:126,0
DA:128,0
DA:134,0
DA:135,0
DA:136,0
DA:137,0
DA:138,0
DA:140,0
LF:64
LH:0
BRDA:26,0,0,0
BRDA:43,1,0,0
BRDA:43,1,1,0
BRDA:47,2,0,0
BRDA:47,2,1,0
BRDA:47,2,2,0
BRDA:47,2,3,0
BRDA:47,2,4,0
BRDA:47,2,5,0
BRDA:56,3,0,0
BRDA:56,3,1,0
BRDA:63,4,0,0
BRDA:63,4,1,0
BRDA:64,5,0,0
BRDA:64,5,1,0
BRDA:65,6,0,0
BRDA:65,6,1,0
BRDA:66,7,0,0
BRDA:66,7,1,0
BRDA:68,8,0,0
BRDA:68,8,1,0
BRDA:77,9,0,0
BRDA:77,9,1,0
BRDA:78,10,0,0
BRDA:78,10,1,0
BRDA:81,11,0,0
BRDA:81,11,1,0
BRDA:89,12,0,0
BRDA:89,12,1,0
BRDA:90,13,0,0
BRDA:90,13,1,0
BRDA:94,14,0,0
BRDA:94,14,1,0
BRDA:95,15,0,0
BRDA:95,15,1,0
BRDA:104,16,0,0
BRDA:104,16,1,0
BRDA:105,17,0,0
BRDA:105,17,1,0
BRDA:107,18,0,0
BRDA:107,18,1,0
BRDA:107,19,0,0
BRDA:107,19,1,0
BRDA:119,20,0,0
BRDA:119,20,1,0
BRDA:125,21,0,0
BRDA:125,21,1,0
BRDA:126,22,0,0
BRDA:126,22,1,0
BRDA:134,23,0,0
BRDA:134,23,1,0
BRDA:135,24,0,0
BRDA:135,24,1,0
BRDA:135,25,0,0
BRDA:135,25,1,0
BRDA:137,26,0,0
BRDA:137,26,1,0
BRDA:137,26,2,0
BRDA:138,27,0,0
BRDA:138,27,1,0
BRF:60
BRH:0
end_of_record
TN:
SF:src\flows\flow-executor.service.ts
FN:24,(anonymous_4)
FN:33,(anonymous_5)
FNF:2
FNH:0
FNDA:0,(anonymous_4)
FNDA:0,(anonymous_5)
DA:1,0
DA:2,0
DA:3,0
DA:5,0
DA:9,0
DA:11,0
DA:12,0
DA:21,0
DA:22,0
DA:25,0
DA:26,0
DA:28,0
DA:30,0
DA:38,0
DA:40,0
DA:44,0
DA:57,0
DA:60,0
DA:61,0
DA:63,0
DA:64,0
DA:75,0
DA:80,0
DA:81,0
DA:82,0
DA:84,0
DA:90,0
DA:91,0
DA:92,0
DA:94,0
DA:103,0
DA:104,0
DA:107,0
LF:33
LH:0
BRDA:35,0,0,0
BRDA:36,1,0,0
BRDA:40,2,0,0
BRDA:40,2,1,0
BRDA:46,3,0,0
BRDA:46,3,1,0
BRDA:49,4,0,0
BRDA:49,4,1,0
BRDA:50,5,0,0
BRDA:50,5,1,0
BRDA:75,6,0,0
BRDA:75,6,1,0
BRDA:91,7,0,0
BRDA:91,7,1,0
BRDA:92,8,0,0
BRDA:92,8,1,0
BRF:16
BRH:0
end_of_record
TN:
SF:src\flows\flow-validator.service.ts
FN:24,(anonymous_1)
FN:31,(anonymous_2)
FN:51,(anonymous_3)
FN:102,(anonymous_4)
FN:116,(anonymous_5)
FNF:5
FNH:0
FNDA:0,(anonymous_1)
FNDA:0,(anonymous_2)
FNDA:0,(anonymous_3)
FNDA:0,(anonymous_4)
FNDA:0,(anonymous_5)
DA:1,1
DA:4,1
DA:23,1
DA:25,0
DA:26,0
DA:30,0
DA:31,0
DA:32,0
DA:33,0
DA:35,0
DA:36,0
DA:38,0
DA:42,0
DA:43,0
DA:49,0
DA:51,0
DA:52,0
DA:53,0
DA:57,0
DA:58,0
DA:63,0
DA:64,0
DA:65,0
DA:66,0
DA:71,0
DA:73,0
DA:78,0
DA:79,0
DA:80,0
DA:86,0
DA:106,0
DA:107,0
DA:108,0
DA:110,0
DA:111,0
DA:114,0
DA:116,0
DA:117,0
DA:118,0
DA:120,0
DA:121,0
DA:123,0
DA:126,0
DA:127,0
DA:130,0
DA:131,0
DA:132,0
DA:137,0
DA:138,0
DA:139,0
DA:143,0
DA:144,0
DA:145,0
DA:146,0
DA:150,0
LF:55
LH:3
BRDA:25,0,0,0
BRDA:25,0,1,0
BRDA:25,1,0,0
BRDA:25,1,1,0
BRDA:25,1,2,0
BRDA:32,2,0,0
BRDA:32,2,1,0
BRDA:32,3,0,0
BRDA:32,3,1,0
BRDA:33,4,0,0
BRDA:33,4,1,0
BRDA:35,5,0,0
BRDA:35,5,1,0
BRDA:52,6,0,0
BRDA:52,6,1,0
BRDA:52,7,0,0
BRDA:52,7,1,0
BRDA:57,8,0,0
BRDA:57,8,1,0
BRDA:63,9,0,0
BRDA:63,9,1,0
BRDA:65,10,0,0
BRDA:65,10,1,0
BRDA:79,11,0,0
BRDA:79,11,1,0
BRDA:120,12,0,0
BRDA:120,12,1,0
BRDA:123,13,0,0
BRDA:123,13,1,0
BRDA:130,14,0,0
BRDA:130,14,1,0
BRDA:132,15,0,0
BRDA:132,15,1,0
BRDA:144,16,0,0
BRDA:144,16,1,0
BRDA:146,17,0,0
BRDA:146,17,1,0
BRF:37
BRH:0
end_of_record
TN:
SF:src\flows\flows.controller.ts
FN:16,(anonymous_4)
FN:25,(anonymous_5)
FN:32,(anonymous_6)
FN:41,(anonymous_7)
FN:50,(anonymous_8)
FN:58,(anonymous_9)
FN:66,(anonymous_10)
FN:74,(anonymous_11)
FN:84,(anonymous_12)
FN:93,(anonymous_13)
FNF:10
FNH:0
FNDA:0,(anonymous_4)
FNDA:0,(anonymous_5)
FNDA:0,(anonymous_6)
FNDA:0,(anonymous_7)
FNDA:0,(anonymous_8)
FNDA:0,(anonymous_9)
FNDA:0,(anonymous_10)
FNDA:0,(anonymous_11)
FNDA:0,(anonymous_12)
FNDA:0,(anonymous_13)
DA:1,0
DA:2,0
DA:4,0
DA:5,0
DA:6,0
DA:7,0
DA:8,0
DA:9,0
DA:15,0
DA:17,0
DA:18,0
DA:19,0
DA:25,0
DA:26,0
DA:32,0
DA:33,0
DA:41,0
DA:42,0
DA:50,0
DA:51,0
DA:58,0
DA:59,0
DA:66,0
DA:67,0
DA:74,0
DA:75,0
DA:76,0
DA:77,0
DA:84,0
DA:85,0
DA:86,0
DA:87,0
DA:93,0
DA:94,0
LF:34
LH:0
BRDA:94,0,0,0
BRDA:94,0,1,0
BRF:2
BRH:0
end_of_record
TN:
SF:src\flows\flows.service.ts
FN:13,(anonymous_4)
FN:21,(anonymous_5)
FN:36,(anonymous_6)
FN:43,(anonymous_7)
FN:52,(anonymous_8)
FN:64,(anonymous_9)
FN:70,(anonymous_10)
FN:76,(anonymous_11)
FN:82,(anonymous_12)
FNF:9
FNH:0
FNDA:0,(anonymous_4)
FNDA:0,(anonymous_5)
FNDA:0,(anonymous_6)
FNDA:0,(anonymous_7)
FNDA:0,(anonymous_8)
FNDA:0,(anonymous_9)
FNDA:0,(anonymous_10)
FNDA:0,(anonymous_11)
FNDA:0,(anonymous_12)
DA:1,1
DA:2,1
DA:3,1
DA:4,1
DA:5,1
DA:6,1
DA:9,1
DA:12,1
DA:15,0
DA:17,0
DA:18,0
DA:22,0
DA:23,0
DA:24,0
DA:33,0
DA:37,0
DA:44,0
DA:48,0
DA:49,0
DA:53,0
DA:54,0
DA:55,0
DA:56,0
DA:57,0
DA:58,0
DA:59,0
DA:60,0
DA:61,0
DA:65,0
DA:66,0
DA:67,0
DA:71,0
DA:72,0
DA:73,0
DA:77,0
DA:78,0
DA:79,0
DA:83,0
DA:84,0
LF:39
LH:8
BRDA:23,0,0,0
BRDA:23,0,1,0
BRDA:26,1,0,0
BRDA:26,1,1,0
BRDA:26,1,2,0
BRDA:29,2,0,0
BRDA:29,2,1,0
BRDA:30,3,0,0
BRDA:30,3,1,0
BRDA:31,4,0,0
BRDA:31,4,1,0
BRDA:48,5,0,0
BRDA:48,5,1,0
BRDA:55,6,0,0
BRDA:55,6,1,0
BRDA:57,7,0,0
BRDA:57,7,1,0
BRDA:58,8,0,0
BRDA:58,8,1,0
BRDA:59,9,0,0
BRDA:59,9,1,0
BRDA:60,10,0,0
BRDA:60,10,1,0
BRF:23
BRH:0
end_of_record
TN:
SF:src\flows\workflow-scheduler.service.ts
FN:15,(anonymous_4)
FN:23,(anonymous_5)
FN:38,(anonymous_6)
FN:50,(anonymous_7)
FN:69,(anonymous_8)
FN:97,(anonymous_9)
FN:126,(anonymous_10)
FN:127,(anonymous_11)
FN:182,(anonymous_12)
FNF:9
FNH:0
FNDA:0,(anonymous_4)
FNDA:0,(anonymous_5)
FNDA:0,(anonymous_6)
FNDA:0,(anonymous_7)
FNDA:0,(anonymous_8)
FNDA:0,(anonymous_9)
FNDA:0,(anonymous_10)
FNDA:0,(anonymous_11)
FNDA:0,(anonymous_12)
DA:1,0
DA:2,0
DA:3,0
DA:4,0
DA:5,0
DA:6,0
DA:8,0
DA:9,0
DA:12,0
DA:13,0
DA:17,0
DA:18,0
DA:19,0
DA:20,0
DA:25,0
DA:26,0
DA:28,0
DA:29,0
DA:33,0
DA:39,0
DA:43,0
DA:45,0
DA:46,0
DA:51,0
DA:52,0
DA:53,0
DA:56,0
DA:59,0
DA:62,0
DA:63,0
DA:68,0
DA:69,0
DA:70,0
DA:71,0
DA:72,0
DA:77,0
DA:78,0
DA:82,0
DA:83,0
DA:84,0
DA:86,0
DA:87,0
DA:98,0
DA:101,0
DA:102,0
DA:107,0
DA:108,0
DA:110,0
DA:111,0
DA:113,0
DA:127,0
DA:129,0
DA:131,0
DA:132,0
DA:133,0
DA:137,0
DA:138,0
DA:139,0
DA:140,0
DA:141,0
DA:143,0
DA:148,0
DA:149,0
DA:153,0
DA:154,0
DA:155,0
DA:158,0
DA:159,0
DA:160,0
DA:162,0
DA:163,0
DA:166,0
DA:170,0
DA:172,0
DA:177,0
DA:183,0
DA:184,0
LF:77
LH:0
BRDA:28,0,0,0
BRDA:28,0,1,0
BRDA:52,1,0,0
BRDA:52,1,1,0
BRDA:77,2,0,0
BRDA:77,2,1,0
BRDA:86,3,0,0
BRDA:86,3,1,0
BRDA:108,4,0,0
BRDA:108,4,1,0
BRDA:110,5,0,0
BRDA:110,5,1,0
BRDA:110,6,0,0
BRDA:110,6,1,0
BRDA:129,7,0,0
BRDA:129,7,1,0
BRDA:129,8,0,0
BRDA:129,8,1,0
BRDA:133,9,0,0
BRDA:133,9,1,0
BRDA:140,10,0,0
BRDA:140,10,1,0
BRDA:141,11,0,0
BRDA:141,11,1,0
BRDA:153,12,0,0
BRDA:153,12,1,0
BRDA:160,13,0,0
BRDA:160,13,1,0
BRDA:160,14,0,0
BRDA:160,14,1,0
BRDA:162,15,0,0
BRDA:162,15,1,0
BRDA:163,16,0,0
BRDA:163,16,1,0
BRDA:166,17,0,0
BRDA:166,17,1,0
BRDA:166,17,2,0
BRDA:166,17,3,0
BRDA:166,17,4,0
BRDA:170,18,0,0
BRDA:170,18,1,0
BRDA:183,19,0,0
BRDA:183,19,1,0
BRF:43
BRH:0
end_of_record
TN:
SF:src\flows\dto\create-flow.dto.ts
FNF:0
FNH:0
DA:1,0
DA:3,0
DA:5,0
DA:8,0
DA:11,0
DA:15,0
DA:19,0
DA:23,0
LF:8
LH:0
BRF:0
BRH:0
end_of_record
TN:
SF:src\flows\dto\execute-flow.dto.ts
FNF:0
FNH:0
DA:1,0
DA:4,0
DA:6,0
DA:10,0
LF:4
LH:0
BRF:0
BRH:0
end_of_record
TN:
SF:src\iot\iot.service.ts
FN:14,(anonymous_4)
FN:23,(anonymous_5)
FN:106,(anonymous_6)
FN:117,(anonymous_7)
FN:123,(anonymous_8)
FNF:5
FNH:4
FNDA:13,(anonymous_4)
FNDA:9,(anonymous_5)
FNDA:0,(anonymous_6)
FNDA:2,(anonymous_7)
FNDA:2,(anonymous_8)
DA:1,1
DA:2,1
DA:3,1
DA:4,1
DA:5,1
DA:6,1
DA:7,1
DA:8,1
DA:11,1
DA:12,13
DA:16,13
DA:18,13
DA:19,13
DA:20,13
DA:24,9
DA:25,9
DA:29,9
DA:30,1
DA:31,1
DA:35,8
DA:36,8
DA:37,8
DA:40,8
DA:42,8
DA:45,8
DA:51,8
DA:54,8
DA:63,8
DA:64,3
DA:69,3
DA:70,3
DA:71,3
DA:72,3
DA:74,3
DA:90,1
DA:93,1
DA:99,0
DA:110,0
DA:118,2
DA:124,2
LF:40
LH:38
BRDA:29,0,0,1
BRDA:29,0,1,8
BRDA:63,1,0,3
BRDA:63,1,1,5
BRDA:63,2,0,8
BRDA:63,2,1,4
BRDA:90,3,0,1
BRDA:90,3,1,0
BRDA:108,4,0,0
BRF:9
BRH:7
end_of_record
TN:
SF:src\iot\mqtt\mqtt.client.ts
FN:15,(anonymous_2)
FN:20,(anonymous_3)
FN:24,(anonymous_4)
FN:28,(anonymous_5)
FN:44,(anonymous_6)
FN:47,(anonymous_7)
FN:54,(anonymous_8)
FN:59,(anonymous_9)
FN:63,(anonymous_10)
FN:70,(anonymous_11)
FN:71,(anonymous_12)
FN:73,(anonymous_13)
FN:84,(anonymous_14)
FN:91,(anonymous_15)
FN:92,(anonymous_16)
FN:106,(anonymous_17)
FN:110,(anonymous_18)
FN:128,(anonymous_19)
FN:152,(anonymous_20)
FN:153,(anonymous_21)
FN:160,(anonymous_22)
FN:172,(anonymous_23)
FN:173,(anonymous_24)
FN:182,(anonymous_25)
FNF:24
FNH:0
FNDA:0,(anonymous_2)
FNDA:0,(anonymous_3)
FNDA:0,(anonymous_4)
FNDA:0,(anonymous_5)
FNDA:0,(anonymous_6)
FNDA:0,(anonymous_7)
FNDA:0,(anonymous_8)
FNDA:0,(anonymous_9)
FNDA:0,(anonymous_10)
FNDA:0,(anonymous_11)
FNDA:0,(anonymous_12)
FNDA:0,(anonymous_13)
FNDA:0,(anonymous_14)
FNDA:0,(anonymous_15)
FNDA:0,(anonymous_16)
FNDA:0,(anonymous_17)
FNDA:0,(anonymous_18)
FNDA:0,(anonymous_19)
FNDA:0,(anonymous_20)
FNDA:0,(anonymous_21)
FNDA:0,(anonymous_22)
FNDA:0,(anonymous_23)
FNDA:0,(anonymous_24)
FNDA:0,(anonymous_25)
DA:1,0
DA:2,0
DA:3,0
DA:5,0
DA:8,0
DA:9,0
DA:11,0
DA:13,0
DA:16,0
DA:17,0
DA:21,0
DA:25,0
DA:30,0
DA:31,0
DA:32,0
DA:34,0
DA:39,0
DA:40,0
DA:41,0
DA:44,0
DA:45,0
DA:47,0
DA:48,0
DA:49,0
DA:50,0
DA:51,0
DA:54,0
DA:55,0
DA:56,0
DA:59,0
DA:60,0
DA:63,0
DA:64,0
DA:65,0
DA:71,0
DA:72,0
DA:73,0
DA:74,0
DA:75,0
DA:76,0
DA:79,0
DA:85,0
DA:91,0
DA:92,0
DA:93,0
DA:94,0
DA:96,0
DA:107,0
DA:111,0
DA:112,0
DA:113,0
DA:115,0
DA:116,0
DA:117,0
DA:119,0
DA:121,0
DA:122,0
DA:125,0
DA:128,0
DA:130,0
DA:131,0
DA:137,0
DA:138,0
DA:142,0
DA:143,0
DA:144,0
DA:146,0
DA:147,0
DA:153,0
DA:154,0
DA:155,0
DA:156,0
DA:159,0
DA:160,0
DA:161,0
DA:162,0
DA:163,0
DA:165,0
DA:166,0
DA:173,0
DA:174,0
DA:175,0
DA:177,0
DA:183,0
LF:84
LH:0
BRDA:30,0,0,0
BRDA:30,0,1,0
BRDA:39,1,0,0
BRDA:39,1,1,0
BRDA:39,2,0,0
BRDA:39,2,1,0
BRDA:72,3,0,0
BRDA:72,3,1,0
BRDA:72,4,0,0
BRDA:72,4,1,0
BRDA:93,5,0,0
BRDA:93,5,1,0
BRDA:115,6,0,0
BRDA:115,6,1,0
BRDA:115,7,0,0
BRDA:115,7,1,0
BRDA:119,8,0,0
BRDA:119,8,1,0
BRDA:121,9,0,0
BRDA:121,9,1,0
BRDA:121,10,0,0
BRDA:121,10,1,0
BRDA:130,11,0,0
BRDA:130,11,1,0
BRDA:137,12,0,0
BRDA:137,12,1,0
BRDA:146,13,0,0
BRDA:146,13,1,0
BRDA:154,14,0,0
BRDA:154,14,1,0
BRDA:161,15,0,0
BRDA:161,15,1,0
BRDA:174,16,0,0
BRDA:174,16,1,0
BRF:34
BRH:0
end_of_record
TN:
SF:src\maintenance\maintenance.controller.ts
FN:20,(anonymous_4)
FN:25,(anonymous_5)
FN:34,(anonymous_6)
FN:42,(anonymous_7)
FN:51,(anonymous_8)
FN:61,(anonymous_9)
FNF:6
FNH:0
FNDA:0,(anonymous_4)
FNDA:0,(anonymous_5)
FNDA:0,(anonymous_6)
FNDA:0,(anonymous_7)
FNDA:0,(anonymous_8)
FNDA:0,(anonymous_9)
DA:1,0
DA:5,0
DA:6,0
DA:7,0
DA:8,0
DA:9,0
DA:10,0
DA:11,0
DA:12,0
DA:13,0
DA:19,0
DA:20,0
DA:25,0
DA:26,0
DA:34,0
DA:35,0
DA:42,0
DA:43,0
DA:51,0
DA:52,0
DA:61,0
DA:62,0
LF:22
LH:0
BRF:0
BRH:0
end_of_record
TN:
SF:src\maintenance\maintenance.service.ts
FN:13,(anonymous_4)
FN:22,(anonymous_5)
FN:52,(anonymous_6)
FN:73,(anonymous_7)
FN:82,(anonymous_8)
FN:104,(anonymous_9)
FNF:6
FNH:0
FNDA:0,(anonymous_4)
FNDA:0,(anonymous_5)
FNDA:0,(anonymous_6)
FNDA:0,(anonymous_7)
FNDA:0,(anonymous_8)
FNDA:0,(anonymous_9)
DA:1,0
DA:2,0
DA:3,0
DA:4,0
DA:5,0
DA:6,0
DA:12,0
DA:15,0
DA:17,0
DA:19,0
DA:23,0
DA:24,0
DA:26,0
DA:29,0
DA:31,0
DA:49,0
DA:53,0
DA:54,0
DA:55,0
DA:57,0
DA:58,0
DA:59,0
DA:60,0
DA:62,0
DA:70,0
DA:74,0
DA:78,0
DA:79,0
DA:83,0
DA:84,0
DA:86,0
DA:87,0
DA:88,0
DA:89,0
DA:90,0
DA:92,0
DA:93,0
DA:94,0
DA:95,0
DA:97,0
DA:98,0
DA:99,0
DA:101,0
DA:105,0
DA:106,0
DA:107,0
LF:46
LH:0
BRDA:24,0,0,0
BRDA:24,0,1,0
BRDA:26,1,0,0
BRDA:26,1,1,0
BRDA:29,2,0,0
BRDA:29,2,1,0
BRDA:29,3,0,0
BRDA:29,3,1,0
BRDA:39,4,0,0
BRDA:39,4,1,0
BRDA:44,5,0,0
BRDA:44,5,1,0
BRDA:53,6,0,0
BRDA:53,6,1,0
BRDA:54,7,0,0
BRDA:54,7,1,0
BRDA:57,8,0,0
BRDA:57,8,1,0
BRDA:58,9,0,0
BRDA:58,9,1,0
BRDA:59,10,0,0
BRDA:59,10,1,0
BRDA:60,11,0,0
BRDA:60,11,1,0
BRDA:78,12,0,0
BRDA:78,12,1,0
BRDA:87,13,0,0
BRDA:87,13,1,0
BRDA:89,14,0,0
BRDA:89,14,1,0
BRDA:92,15,0,0
BRDA:92,15,1,0
BRDA:94,16,0,0
BRDA:94,16,1,0
BRDA:97,17,0,0
BRDA:97,17,1,0
BRDA:98,18,0,0
BRDA:98,18,1,0
BRDA:99,19,0,0
BRDA:99,19,1,0
BRF:40
BRH:0
end_of_record
TN:
SF:src\maintenance\dto\create-maintenance.dto.ts
FNF:0
FNH:0
DA:1,0
DA:2,0
DA:3,0
DA:5,0
DA:9,0
DA:13,0
DA:18,0
DA:23,0
DA:27,0
DA:31,0
DA:36,0
DA:41,0
DA:46,0
DA:51,0
DA:56,0
DA:61,0
DA:66,0
DA:71,0
LF:18
LH:0
BRF:0
BRH:0
end_of_record
TN:
SF:src\maintenance\dto\maintenance-query.dto.ts
FN:6,(anonymous_2)
FN:9,(anonymous_3)
FN:16,(anonymous_4)
FNF:3
FNH:0
FNDA:0,(anonymous_2)
FNDA:0,(anonymous_3)
FNDA:0,(anonymous_4)
DA:1,0
DA:2,0
DA:3,0
DA:4,0
DA:6,0
DA:9,0
DA:12,0
DA:16,0
DA:20,0
DA:25,0
DA:30,0
DA:35,0
DA:40,0
LF:13
LH:0
BRF:0
BRH:0
end_of_record
TN:
SF:src\maintenance\dto\update-maintenance.dto.ts
FNF:0
FNH:0
DA:1,0
DA:2,0
DA:3,0
DA:5,0
DA:9,0
DA:14,0
DA:19,0
DA:24,0
DA:29,0
DA:34,0
LF:10
LH:0
BRF:0
BRH:0
end_of_record
TN:
SF:src\notifications\notifications.controller.ts
FN:12,(anonymous_4)
FN:17,(anonymous_5)
FN:24,(anonymous_6)
FN:31,(anonymous_7)
FN:40,(anonymous_8)
FNF:5
FNH:0
FNDA:0,(anonymous_4)
FNDA:0,(anonymous_5)
FNDA:0,(anonymous_6)
FNDA:0,(anonymous_7)
FNDA:0,(anonymous_8)
DA:1,0
DA:2,0
DA:3,0
DA:4,0
DA:5,0
DA:11,0
DA:12,0
DA:17,0
DA:18,0
DA:24,0
DA:25,0
DA:31,0
DA:32,0
DA:40,0
DA:41,0
LF:15
LH:0
BRF:0
BRH:0
end_of_record
TN:
SF:src\notifications\notifications.service.ts
FN:18,(anonymous_4)
FN:29,(anonymous_5)
FN:67,(anonymous_6)
FN:75,(anonymous_7)
FN:95,(anonymous_8)
FN:104,(anonymous_9)
FN:113,(anonymous_10)
FN:129,(anonymous_11)
FN:198,(anonymous_12)
FNF:9
FNH:7
FNDA:8,(anonymous_4)
FNDA:3,(anonymous_5)
FNDA:0,(anonymous_6)
FNDA:0,(anonymous_7)
FNDA:1,(anonymous_8)
FNDA:2,(anonymous_9)
FNDA:2,(anonymous_10)
FNDA:1,(anonymous_11)
FNDA:3,(anonymous_12)
DA:1,3
DA:2,3
DA:3,3
DA:4,3
DA:5,3
DA:6,3
DA:7,3
DA:10,3
DA:11,3
DA:15,3
DA:16,8
DA:20,8
DA:22,8
DA:23,8
DA:24,8
DA:34,3
DA:35,3
DA:38,3
DA:53,3
DA:66,3
DA:67,1
DA:68,0
DA:76,0
DA:77,0
DA:79,0
DA:87,0
DA:88,0
DA:91,0
DA:92,0
DA:96,1
DA:101,1
DA:105,2
DA:106,2
DA:108,1
DA:109,1
DA:110,1
DA:114,2
DA:123,2
DA:124,2
DA:130,1
DA:131,1
DA:132,1
DA:133,1
DA:136,0
DA:140,0
DA:142,0
DA:152,0
DA:154,0
DA:155,0
DA:156,0
DA:164,0
DA:177,0
DA:179,0
DA:181,0
DA:203,3
DA:208,3
DA:209,3
DA:210,3
DA:211,3
DA:212,3
LF:60
LH:41
BRDA:60,0,0,3
BRDA:60,0,1,3
BRDA:61,1,0,3
BRDA:61,1,1,3
BRDA:66,2,0,1
BRDA:66,2,1,2
BRDA:76,3,0,0
BRDA:76,3,1,0
BRDA:77,4,0,0
BRDA:77,4,1,0
BRDA:87,5,0,0
BRDA:87,5,1,0
BRDA:106,6,0,1
BRDA:106,6,1,1
BRDA:124,7,0,2
BRDA:124,7,1,0
BRDA:131,8,0,1
BRDA:131,8,1,0
BRDA:140,9,0,0
BRDA:140,9,1,0
BRDA:144,10,0,0
BRDA:144,10,1,0
BRDA:152,11,0,0
BRDA:152,11,1,0
BRDA:208,12,0,0
BRDA:208,12,1,3
BRDA:209,13,0,0
BRDA:209,13,1,3
BRDA:210,14,0,0
BRDA:210,14,1,3
BRF:30
BRH:13
end_of_record
TN:
SF:src\notifications\dto\notification-query.dto.ts
FN:5,(anonymous_2)
FN:8,(anonymous_3)
FN:15,(anonymous_4)
FN:23,(anonymous_5)
FNF:4
FNH:0
FNDA:0,(anonymous_2)
FNDA:0,(anonymous_3)
FNDA:0,(anonymous_4)
FNDA:0,(anonymous_5)
DA:1,0
DA:2,0
DA:3,0
DA:5,0
DA:8,0
DA:11,0
DA:15,0
DA:19,0
DA:23,0
DA:25,0
LF:10
LH:0
BRF:0
BRH:0
end_of_record
TN:
SF:src\realtime\realtime.gateway.ts
FN:25,(anonymous_4)
FN:31,(anonymous_5)
FN:55,(anonymous_6)
FN:62,(anonymous_7)
FN:73,(anonymous_8)
FN:84,(anonymous_9)
FNF:6
FNH:0
FNDA:0,(anonymous_4)
FNDA:0,(anonymous_5)
FNDA:0,(anonymous_6)
FNDA:0,(anonymous_7)
FNDA:0,(anonymous_8)
FNDA:0,(anonymous_9)
DA:1,0
DA:10,0
DA:11,0
DA:12,0
DA:13,0
DA:14,0
DA:22,0
DA:23,0
DA:26,0
DA:27,0
DA:28,0
DA:32,0
DA:34,0
DA:35,0
DA:36,0
DA:37,0
DA:38,0
DA:42,0
DA:43,0
DA:44,0
DA:46,0
DA:47,0
DA:49,0
DA:50,0
DA:51,0
DA:56,0
DA:57,0
DA:58,0
DA:62,0
DA:66,0
DA:67,0
DA:68,0
DA:69,0
DA:73,0
DA:77,0
DA:78,0
DA:79,0
DA:80,0
DA:84,0
DA:85,0
LF:40
LH:0
BRDA:35,0,0,0
BRDA:35,0,1,0
BRDA:42,1,0,0
BRDA:42,1,1,0
BRDA:49,2,0,0
BRDA:49,2,1,0
BRDA:18,3,0,0
BRDA:18,3,1,0
BRF:8
BRH:0
end_of_record
TN:
SF:src\realtime\realtime.service.ts
FN:5,(anonymous_1)
FN:10,(anonymous_2)
FN:21,(anonymous_3)
FN:42,(anonymous_4)
FN:51,(anonymous_5)
FN:52,(anonymous_6)
FN:58,(anonymous_7)
FN:59,(anonymous_8)
FN:67,(anonymous_9)
FN:70,(anonymous_10)
FN:80,(anonymous_11)
FN:88,(anonymous_12)
FN:92,(anonymous_13)
FNF:13
FNH:0
FNDA:0,(anonymous_1)
FNDA:0,(anonymous_2)
FNDA:0,(anonymous_3)
FNDA:0,(anonymous_4)
FNDA:0,(anonymous_5)
FNDA:0,(anonymous_6)
FNDA:0,(anonymous_7)
FNDA:0,(anonymous_8)
FNDA:0,(anonymous_9)
FNDA:0,(anonymous_10)
FNDA:0,(anonymous_11)
FNDA:0,(anonymous_12)
FNDA:0,(anonymous_13)
DA:1,5
DA:5,5
DA:6,0
DA:7,0
DA:8,0
DA:11,0
DA:12,0
DA:13,0
DA:15,0
DA:16,0
DA:22,0
DA:23,0
DA:24,0
DA:26,0
DA:27,0
DA:28,0
DA:29,0
DA:30,0
DA:31,0
DA:33,0
DA:36,0
DA:43,0
DA:44,0
DA:45,0
DA:48,0
DA:52,0
DA:53,0
DA:55,0
DA:59,0
DA:60,0
DA:61,0
DA:64,0
DA:68,0
DA:69,0
DA:70,0
DA:71,0
DA:72,0
DA:73,0
DA:76,0
DA:81,0
DA:82,0
DA:83,0
DA:84,0
DA:89,0
DA:93,0
LF:45
LH:2
BRDA:12,0,0,0
BRDA:12,0,1,0
BRDA:23,1,0,0
BRDA:23,1,1,0
BRDA:28,2,0,0
BRDA:28,2,1,0
BRDA:30,3,0,0
BRDA:30,3,1,0
BRDA:44,4,0,0
BRDA:44,4,1,0
BRDA:60,5,0,0
BRDA:60,5,1,0
BRDA:69,6,0,0
BRDA:69,6,1,0
BRDA:72,7,0,0
BRDA:72,7,1,0
BRDA:82,8,0,0
BRDA:82,8,1,0
BRF:18
BRH:0
end_of_record
TN:
SF:src\sensors\sensors.controller.ts
FN:20,(anonymous_4)
FN:25,(anonymous_5)
FN:34,(anonymous_6)
FN:47,(anonymous_7)
FN:61,(anonymous_8)
FN:69,(anonymous_9)
FN:78,(anonymous_10)
FN:88,(anonymous_11)
FN:111,(anonymous_12)
FNF:9
FNH:0
FNDA:0,(anonymous_4)
FNDA:0,(anonymous_5)
FNDA:0,(anonymous_6)
FNDA:0,(anonymous_7)
FNDA:0,(anonymous_8)
FNDA:0,(anonymous_9)
FNDA:0,(anonymous_10)
FNDA:0,(anonymous_11)
FNDA:0,(anonymous_12)
DA:1,0
DA:5,0
DA:6,0
DA:7,0
DA:8,0
DA:9,0
DA:10,0
DA:11,0
DA:12,0
DA:13,0
DA:19,0
DA:20,0
DA:25,0
DA:26,0
DA:34,0
DA:35,0
DA:47,0
DA:53,0
DA:61,0
DA:62,0
DA:69,0
DA:70,0
DA:78,0
DA:79,0
DA:88,0
DA:89,0
DA:111,0
DA:112,0
LF:28
LH:0
BRDA:53,0,0,0
BRDA:53,0,1,0
BRDA:62,1,0,0
BRDA:62,1,1,0
BRF:4
BRH:0
end_of_record
TN:
SF:src\sensors\sensors.service.ts
FN:21,(anonymous_4)
FN:33,(anonymous_5)
FN:44,(anonymous_6)
FN:74,(anonymous_7)
FN:83,(anonymous_8)
FN:99,(anonymous_9)
FN:106,(anonymous_10)
FN:122,(anonymous_11)
FN:177,(anonymous_12)
FN:201,(anonymous_13)
FN:215,(anonymous_14)
FNF:11
FNH:8
FNDA:18,(anonymous_4)
FNDA:3,(anonymous_5)
FNDA:4,(anonymous_6)
FNDA:7,(anonymous_7)
FNDA:3,(anonymous_8)
FNDA:2,(anonymous_9)
FNDA:0,(anonymous_10)
FNDA:4,(anonymous_11)
FNDA:0,(anonymous_12)
FNDA:0,(anonymous_13)
FNDA:8,(anonymous_14)
DA:1,1
DA:2,1
DA:3,1
DA:4,1
DA:5,1
DA:6,1
DA:7,1
DA:11,1
DA:13,1
DA:14,1
DA:17,1
DA:19,18
DA:23,18
DA:25,18
DA:27,18
DA:29,18
DA:30,18
DA:34,3
DA:35,3
DA:37,2
DA:38,2
DA:39,2
DA:40,2
DA:41,2
DA:45,4
DA:46,4
DA:47,4
DA:49,3
DA:50,3
DA:51,3
DA:53,3
DA:54,3
DA:55,3
DA:56,3
DA:58,3
DA:66,3
DA:68,3
DA:69,3
DA:71,3
DA:75,7
DA:79,7
DA:80,5
DA:84,3
DA:85,3
DA:87,3
DA:88,3
DA:89,2
DA:90,2
DA:91,1
DA:94,2
DA:95,2
DA:96,2
DA:100,2
DA:101,1
DA:102,1
DA:103,1
DA:107,0
DA:108,0
DA:123,4
DA:127,4
DA:129,3
DA:130,3
DA:132,3
DA:134,3
DA:144,3
DA:146,3
DA:158,3
DA:160,0
DA:163,0
DA:174,3
DA:183,0
DA:185,0
DA:186,0
DA:187,0
DA:188,0
DA:189,0
DA:190,0
DA:191,0
DA:194,0
DA:200,0
DA:201,0
DA:202,0
DA:212,0
DA:216,8
DA:217,0
DA:219,8
LF:86
LH:68
BRDA:35,0,0,1
BRDA:35,0,1,2
BRDA:47,1,0,1
BRDA:47,1,1,3
BRDA:49,2,0,3
BRDA:49,2,1,1
BRDA:50,3,0,3
BRDA:50,3,1,1
BRDA:53,4,0,0
BRDA:53,4,1,3
BRDA:54,5,0,0
BRDA:54,5,1,3
BRDA:55,6,0,0
BRDA:55,6,1,3
BRDA:56,7,0,0
BRDA:56,7,1,3
BRDA:79,8,0,2
BRDA:79,8,1,5
BRDA:88,9,0,2
BRDA:88,9,1,1
BRDA:90,10,0,1
BRDA:90,10,1,1
BRDA:106,11,0,0
BRDA:127,12,0,1
BRDA:127,12,1,3
BRDA:153,13,0,3
BRDA:153,13,1,0
BRDA:158,14,0,0
BRDA:158,14,1,3
BRDA:160,15,0,0
BRDA:160,15,1,0
BRDA:160,15,2,0
BRDA:160,15,3,0
BRDA:160,15,4,0
BRDA:160,15,5,0
BRDA:165,16,0,0
BRDA:165,16,1,0
BRDA:186,17,0,0
BRDA:186,17,1,0
BRDA:186,18,0,0
BRDA:186,18,1,0
BRDA:188,19,0,0
BRDA:188,19,1,0
BRDA:190,20,0,0
BRDA:190,20,1,0
BRDA:204,21,0,0
BRDA:204,21,1,0
BRDA:206,22,0,0
BRDA:206,22,1,0
BRDA:207,23,0,0
BRDA:207,23,1,0
BRDA:208,24,0,0
BRDA:208,24,1,0
BRF:53
BRH:22
end_of_record
TN:
SF:src\sensors\dto\create-sensor.dto.ts
FNF:0
FNH:0
DA:1,0
DA:2,0
DA:3,0
DA:5,0
DA:9,0
DA:13,0
DA:18,0
DA:22,0
DA:27,0
DA:32,0
DA:37,0
DA:42,0
DA:47,0
DA:52,0
DA:57,0
DA:62,0
LF:16
LH:0
BRF:0
BRH:0
end_of_record
TN:
SF:src\sensors\dto\sensor-query.dto.ts
FN:6,(anonymous_2)
FN:9,(anonymous_3)
FN:16,(anonymous_4)
FNF:3
FNH:0
FNDA:0,(anonymous_2)
FNDA:0,(anonymous_3)
FNDA:0,(anonymous_4)
DA:1,0
DA:2,0
DA:3,0
DA:4,0
DA:6,0
DA:9,0
DA:12,0
DA:16,0
DA:20,0
DA:25,0
DA:30,0
DA:35,0
DA:40,0
LF:13
LH:0
BRF:0
BRH:0
end_of_record
TN:
SF:src\sensors\dto\update-sensor.dto.ts
FNF:0
FNH:0
DA:1,0
DA:2,0
DA:4,0
LF:3
LH:0
BRF:0
BRH:0
end_of_record
TN:
SF:src\stations\stations.controller.ts
FN:20,(anonymous_4)
FN:25,(anonymous_5)
FN:34,(anonymous_6)
FN:42,(anonymous_7)
FN:51,(anonymous_8)
FN:61,(anonymous_9)
FNF:6
FNH:0
FNDA:0,(anonymous_4)
FNDA:0,(anonymous_5)
FNDA:0,(anonymous_6)
FNDA:0,(anonymous_7)
FNDA:0,(anonymous_8)
FNDA:0,(anonymous_9)
DA:1,0
DA:5,0
DA:6,0
DA:7,0
DA:8,0
DA:9,0
DA:10,0
DA:11,0
DA:12,0
DA:13,0
DA:19,0
DA:20,0
DA:25,0
DA:26,0
DA:34,0
DA:35,0
DA:42,0
DA:43,0
DA:51,0
DA:52,0
DA:61,0
DA:62,0
LF:22
LH:0
BRF:0
BRH:0
end_of_record
TN:
SF:src\stations\stations.service.ts
FN:13,(anonymous_4)
FN:19,(anonymous_5)
FN:29,(anonymous_6)
FN:57,(anonymous_7)
FN:70,(anonymous_8)
FN:96,(anonymous_9)
FNF:6
FNH:6
FNDA:16,(anonymous_4)
FNDA:3,(anonymous_5)
FNDA:3,(anonymous_6)
FNDA:10,(anonymous_7)
FNDA:6,(anonymous_8)
FNDA:2,(anonymous_9)
DA:1,1
DA:2,1
DA:3,1
DA:4,1
DA:6,1
DA:12,1
DA:15,16
DA:16,16
DA:20,3
DA:26,3
DA:30,3
DA:31,3
DA:32,3
DA:34,3
DA:35,3
DA:36,3
DA:38,3
DA:46,3
DA:58,10
DA:63,10
DA:64,3
DA:67,7
DA:71,6
DA:72,5
DA:74,5
DA:76,5
DA:77,3
DA:80,5
DA:84,5
DA:85,4
DA:93,5
DA:97,2
DA:98,1
DA:99,1
LF:34
LH:34
BRDA:23,0,0,2
BRDA:23,0,1,1
BRDA:30,1,0,3
BRDA:30,1,1,2
BRDA:31,2,0,3
BRDA:31,2,1,2
BRDA:34,3,0,0
BRDA:34,3,1,3
BRDA:35,4,0,0
BRDA:35,4,1,3
BRDA:36,5,0,0
BRDA:36,5,1,3
BRDA:63,6,0,3
BRDA:63,6,1,7
BRDA:76,7,0,3
BRDA:76,7,1,2
BRDA:76,8,0,5
BRDA:76,8,1,4
BRDA:84,9,0,4
BRDA:84,9,1,1
BRDA:89,10,0,4
BRDA:89,10,1,4
BRF:22
BRH:19
end_of_record
TN:
SF:src\stations\dto\create-station.dto.ts
FNF:0
FNH:0
DA:1,0
DA:2,0
DA:3,0
DA:5,0
DA:9,0
DA:14,0
DA:18,0
DA:22,0
DA:26,0
DA:32,0
DA:37,0
DA:42,0
DA:47,0
DA:53,0
DA:58,0
LF:15
LH:0
BRF:0
BRH:0
end_of_record
TN:
SF:src\stations\dto\station-query.dto.ts
FN:6,(anonymous_2)
FN:9,(anonymous_3)
FN:16,(anonymous_4)
FNF:3
FNH:0
FNDA:0,(anonymous_2)
FNDA:0,(anonymous_3)
FNDA:0,(anonymous_4)
DA:1,0
DA:2,0
DA:3,0
DA:4,0
DA:6,0
DA:9,0
DA:12,0
DA:16,0
DA:20,0
DA:25,0
DA:30,0
DA:35,0
LF:12
LH:0
BRF:0
BRH:0
end_of_record
TN:
SF:src\stations\dto\update-station.dto.ts
FNF:0
FNH:0
DA:1,0
DA:2,0
DA:4,0
LF:3
LH:0
BRF:0
BRH:0
end_of_record
TN:
SF:src\users\users.controller.ts
FN:32,(anonymous_4)
FN:41,(anonymous_5)
FN:60,(anonymous_6)
FN:71,(anonymous_7)
FNF:4
FNH:0
FNDA:0,(anonymous_4)
FNDA:0,(anonymous_5)
FNDA:0,(anonymous_6)
FNDA:0,(anonymous_7)
DA:1,0
DA:11,0
DA:19,0
DA:20,0
DA:21,0
DA:22,0
DA:23,0
DA:24,0
DA:25,0
DA:31,0
DA:32,0
DA:41,0
DA:46,0
DA:47,0
DA:50,0
DA:60,0
DA:61,0
DA:71,0
DA:75,0
LF:19
LH:0
BRDA:46,0,0,0
BRDA:46,0,1,0
BRDA:46,1,0,0
BRDA:46,1,1,0
BRF:4
BRH:0
end_of_record
TN:
SF:src\users\users.service.ts
FN:11,stripPassword
FN:17,(anonymous_5)
FN:24,(anonymous_6)
FN:59,(anonymous_7)
FN:75,(anonymous_8)
FN:83,(anonymous_9)
FNF:6
FNH:0
FNDA:0,stripPassword
FNDA:0,(anonymous_5)
FNDA:0,(anonymous_6)
FNDA:0,(anonymous_7)
FNDA:0,(anonymous_8)
FNDA:0,(anonymous_9)
DA:1,0
DA:2,0
DA:3,0
DA:4,0
DA:12,0
DA:16,0
DA:19,0
DA:25,0
DA:26,0
DA:28,0
DA:30,0
DA:31,0
DA:34,0
DA:35,0
DA:38,0
DA:39,0
DA:40,0
DA:46,0
DA:51,0
DA:60,0
DA:61,0
DA:62,0
DA:65,0
DA:70,0
DA:76,0
DA:77,0
DA:78,0
DA:84,0
DA:85,0
DA:87,0
DA:88,0
DA:90,0
DA:91,0
LF:33
LH:0
BRDA:25,0,0,0
BRDA:25,0,1,0
BRDA:26,1,0,0
BRDA:26,1,1,0
BRDA:30,2,0,0
BRDA:30,2,1,0
BRDA:34,3,0,0
BRDA:34,3,1,0
BRDA:38,4,0,0
BRDA:38,4,1,0
BRDA:61,5,0,0
BRDA:61,5,1,0
BRDA:61,6,0,0
BRDA:61,6,1,0
BRDA:77,7,0,0
BRDA:77,7,1,0
BRDA:85,8,0,0
BRDA:85,8,1,0
BRDA:87,9,0,0
BRDA:87,9,1,0
BRDA:88,10,0,0
BRDA:88,10,1,0
BRF:22
BRH:0
end_of_record
TN:
SF:src\users\dto\update-user.dto.ts
FNF:0
FNH:0
DA:1,0
DA:2,0
DA:3,0
DA:5,0
DA:9,0
DA:14,0
LF:6
LH:0
BRF:0
BRH:0
end_of_record
TN:
SF:src\users\dto\user-query.dto.ts
FN:6,(anonymous_2)
FN:9,(anonymous_3)
FN:16,(anonymous_4)
FN:34,(anonymous_5)
FNF:4
FNH:0
FNDA:0,(anonymous_2)
FNDA:0,(anonymous_3)
FNDA:0,(anonymous_4)
FNDA:0,(anonymous_5)
DA:1,0
DA:2,0
DA:3,0
DA:4,0
DA:6,0
DA:9,0
DA:12,0
DA:16,0
DA:20,0
DA:25,0
DA:30,0
DA:34,0
DA:36,0
LF:13
LH:0
BRF:0
BRH:0
end_of_record
